-- Found ament_cmake: 1.3.10 (/opt/ros/humble/share/ament_cmake/cmake)
-- Found rclcpp: 16.0.10 (/opt/ros/humble/share/rclcpp/cmake)
-- Found rosidl_generator_c: 3.1.5 (/opt/ros/humble/share/rosidl_generator_c/cmake)
-- Found rosidl_adapter: 3.1.5 (/opt/ros/humble/share/rosidl_adapter/cmake)
-- Found rosidl_generator_cpp: 3.1.5 (/opt/ros/humble/share/rosidl_generator_cpp/cmake)
-- Using all available rosidl_typesupport_c: rosidl_typesupport_fastrtps_c;rosidl_typesupport_introspection_c
-- Using all available rosidl_typesupport_cpp: rosidl_typesupport_fastrtps_cpp;rosidl_typesupport_introspection_cpp
-- Found rmw_implementation_cmake: 6.1.2 (/opt/ros/humble/share/rmw_implementation_cmake/cmake)
-- Found rmw_cyclonedds_cpp: 1.3.4 (/opt/ros/humble/share/rmw_cyclonedds_cpp/cmake)
-- Using RMW implementation 'rmw_cyclonedds_cpp' as default
-- Found message_filters: 4.3.5 (/opt/ros/humble/share/message_filters/cmake)
-- Found serial: 1.2.1 (/home/zhu/arm/install/serial/share/serial/cmake)
-- Found sensor_msgs: 4.2.4 (/opt/ros/humble/share/sensor_msgs/cmake)
-- Found ament_lint_auto: 0.12.11 (/opt/ros/humble/share/ament_lint_auto/cmake)
-- Added test 'cppcheck' to perform static code analysis on C / C++ code
-- Configured cppcheck include dirs: /home/zhu/arm/src/cychuankou/include
-- Configured cppcheck exclude dirs and/or files: 
-- Added test 'lint_cmake' to check CMake code style
-- Added test 'uncrustify' to check C / C++ code style
-- Configured uncrustify additional arguments: 
-- Added test 'xmllint' to check XML markup files
-- Configuring done
-- Generating done
-- Build files have been written to: /home/zhu/arm/build/cychuankou
[ 50%] [32mBuilding CXX object CMakeFiles/lis.dir/src/lis.cpp.o[0m
[100%] [32m[1mLinking CXX executable lis[0m
[100%] Built target lis
-- Install configuration: ""
-- Installing: /home/zhu/arm/install/cychuankou/lib/cychuankou/lis
-- Set runtime path of "/home/zhu/arm/install/cychuankou/lib/cychuankou/lis" to ""
-- Installing: /home/zhu/arm/install/cychuankou/share/ament_index/resource_index/package_run_dependencies/cychuankou
-- Installing: /home/zhu/arm/install/cychuankou/share/ament_index/resource_index/parent_prefix_path/cychuankou
-- Installing: /home/zhu/arm/install/cychuankou/share/cychuankou/environment/ament_prefix_path.sh
-- Installing: /home/zhu/arm/install/cychuankou/share/cychuankou/environment/ament_prefix_path.dsv
-- Installing: /home/zhu/arm/install/cychuankou/share/cychuankou/environment/path.sh
-- Installing: /home/zhu/arm/install/cychuankou/share/cychuankou/environment/path.dsv
-- Installing: /home/zhu/arm/install/cychuankou/share/cychuankou/local_setup.bash
-- Installing: /home/zhu/arm/install/cychuankou/share/cychuankou/local_setup.sh
-- Installing: /home/zhu/arm/install/cychuankou/share/cychuankou/local_setup.zsh
-- Installing: /home/zhu/arm/install/cychuankou/share/cychuankou/local_setup.dsv
-- Installing: /home/zhu/arm/install/cychuankou/share/cychuankou/package.dsv
-- Installing: /home/zhu/arm/install/cychuankou/share/ament_index/resource_index/packages/cychuankou
-- Installing: /home/zhu/arm/install/cychuankou/share/cychuankou/cmake/cychuankouConfig.cmake
-- Installing: /home/zhu/arm/install/cychuankou/share/cychuankou/cmake/cychuankouConfig-version.cmake
-- Installing: /home/zhu/arm/install/cychuankou/share/cychuankou/package.xml
