[0.025s] Invoking command in '/home/zhu/arm/build/my_keyboard_listener': CMAKE_PREFIX_PATH=${CMAKE_PREFIX_PATH}:/home/zhu/ws_moveit2/install/moveit_configs_utils:/home/zhu/ws_moveit2/install/launch_param_builder:/opt/ros/humble /usr/bin/cmake --build /home/zhu/arm/build/my_keyboard_listener -- -j32 -l32
[0.085s] [100%] Built target keyboard_listener
[0.098s] Invoked command in '/home/zhu/arm/build/my_keyboard_listener' returned '0': CMAKE_PREFIX_PATH=${CMAKE_PREFIX_PATH}:/home/zhu/ws_moveit2/install/moveit_configs_utils:/home/zhu/ws_moveit2/install/launch_param_builder:/opt/ros/humble /usr/bin/cmake --build /home/zhu/arm/build/my_keyboard_listener -- -j32 -l32
[0.141s] Invoking command in '/home/zhu/arm/build/my_keyboard_listener': CMAKE_PREFIX_PATH=${CMAKE_PREFIX_PATH}:/home/zhu/ws_moveit2/install/moveit_configs_utils:/home/zhu/ws_moveit2/install/launch_param_builder:/opt/ros/humble /usr/bin/cmake --install /home/zhu/arm/build/my_keyboard_listener
[0.152s] -- Install configuration: ""
[0.152s] -- Up-to-date: /home/zhu/arm/install/my_keyboard_listener/lib/my_keyboard_listener/keyboard_listener
[0.153s] -- Up-to-date: /home/zhu/arm/install/my_keyboard_listener/share/ament_index/resource_index/package_run_dependencies/my_keyboard_listener
[0.153s] -- Up-to-date: /home/zhu/arm/install/my_keyboard_listener/share/ament_index/resource_index/parent_prefix_path/my_keyboard_listener
[0.153s] -- Up-to-date: /home/zhu/arm/install/my_keyboard_listener/share/my_keyboard_listener/environment/ament_prefix_path.sh
[0.153s] -- Up-to-date: /home/zhu/arm/install/my_keyboard_listener/share/my_keyboard_listener/environment/ament_prefix_path.dsv
[0.153s] -- Up-to-date: /home/zhu/arm/install/my_keyboard_listener/share/my_keyboard_listener/environment/path.sh
[0.153s] -- Up-to-date: /home/zhu/arm/install/my_keyboard_listener/share/my_keyboard_listener/environment/path.dsv
[0.153s] -- Up-to-date: /home/zhu/arm/install/my_keyboard_listener/share/my_keyboard_listener/local_setup.bash
[0.153s] -- Up-to-date: /home/zhu/arm/install/my_keyboard_listener/share/my_keyboard_listener/local_setup.sh
[0.153s] -- Up-to-date: /home/zhu/arm/install/my_keyboard_listener/share/my_keyboard_listener/local_setup.zsh
[0.153s] -- Up-to-date: /home/zhu/arm/install/my_keyboard_listener/share/my_keyboard_listener/local_setup.dsv
[0.153s] -- Installing: /home/zhu/arm/install/my_keyboard_listener/share/my_keyboard_listener/package.dsv
[0.153s] -- Up-to-date: /home/zhu/arm/install/my_keyboard_listener/share/ament_index/resource_index/packages/my_keyboard_listener
[0.153s] -- Up-to-date: /home/zhu/arm/install/my_keyboard_listener/share/my_keyboard_listener/cmake/my_keyboard_listenerConfig.cmake
[0.153s] -- Up-to-date: /home/zhu/arm/install/my_keyboard_listener/share/my_keyboard_listener/cmake/my_keyboard_listenerConfig-version.cmake
[0.153s] -- Up-to-date: /home/zhu/arm/install/my_keyboard_listener/share/my_keyboard_listener/package.xml
[0.167s] Invoked command in '/home/zhu/arm/build/my_keyboard_listener' returned '0': CMAKE_PREFIX_PATH=${CMAKE_PREFIX_PATH}:/home/zhu/ws_moveit2/install/moveit_configs_utils:/home/zhu/ws_moveit2/install/launch_param_builder:/opt/ros/humble /usr/bin/cmake --install /home/zhu/arm/build/my_keyboard_listener
