[ 25%] [32mBuilding CXX object CMakeFiles/arm_controler.dir/src/main.cpp.o[0m
[ 50%] [32m[1mLinking CXX executable arm_controler[0m
[100%] Built target arm_controler
-- Install configuration: ""
-- Installing: /home/zhu/arm/install/arm_controler/lib/arm_controler/arm_controler
-- Set runtime path of "/home/zhu/arm/install/arm_controler/lib/arm_controler/arm_controler" to ""
-- Up-to-date: /home/zhu/arm/install/arm_controler/share/ament_index/resource_index/package_run_dependencies/arm_controler
-- Up-to-date: /home/zhu/arm/install/arm_controler/share/ament_index/resource_index/parent_prefix_path/arm_controler
-- Up-to-date: /home/zhu/arm/install/arm_controler/share/arm_controler/environment/ament_prefix_path.sh
-- Up-to-date: /home/zhu/arm/install/arm_controler/share/arm_controler/environment/ament_prefix_path.dsv
-- Up-to-date: /home/zhu/arm/install/arm_controler/share/arm_controler/environment/path.sh
-- Up-to-date: /home/zhu/arm/install/arm_controler/share/arm_controler/environment/path.dsv
-- Up-to-date: /home/zhu/arm/install/arm_controler/share/arm_controler/local_setup.bash
-- Up-to-date: /home/zhu/arm/install/arm_controler/share/arm_controler/local_setup.sh
-- Up-to-date: /home/zhu/arm/install/arm_controler/share/arm_controler/local_setup.zsh
-- Up-to-date: /home/zhu/arm/install/arm_controler/share/arm_controler/local_setup.dsv
-- Installing: /home/zhu/arm/install/arm_controler/share/arm_controler/package.dsv
-- Up-to-date: /home/zhu/arm/install/arm_controler/share/ament_index/resource_index/packages/arm_controler
-- Up-to-date: /home/zhu/arm/install/arm_controler/share/arm_controler/cmake/arm_controlerConfig.cmake
-- Up-to-date: /home/zhu/arm/install/arm_controler/share/arm_controler/cmake/arm_controlerConfig-version.cmake
-- Up-to-date: /home/zhu/arm/install/arm_controler/share/arm_controler/package.xml
