[0.014s] Invoking command in '/home/zhu/arm/build/cychuankou': CMAKE_PREFIX_PATH=${CMAKE_PREFIX_PATH}:/home/zhu/ws_moveit2/install/moveit_configs_utils:/home/zhu/ws_moveit2/install/launch_param_builder:/opt/ros/humble /usr/bin/cmake --build /home/zhu/arm/build/cychuankou -- -j32 -l32
[0.070s] [100%] Built target lis
[0.080s] Invoked command in '/home/zhu/arm/build/cychuankou' returned '0': CMAKE_PREFIX_PATH=${CMAKE_PREFIX_PATH}:/home/zhu/ws_moveit2/install/moveit_configs_utils:/home/zhu/ws_moveit2/install/launch_param_builder:/opt/ros/humble /usr/bin/cmake --build /home/zhu/arm/build/cychuankou -- -j32 -l32
[0.118s] Invoking command in '/home/zhu/arm/build/cychuankou': CMAKE_PREFIX_PATH=${CMAKE_PREFIX_PATH}:/home/zhu/ws_moveit2/install/moveit_configs_utils:/home/zhu/ws_moveit2/install/launch_param_builder:/opt/ros/humble /usr/bin/cmake --install /home/zhu/arm/build/cychuankou
[0.124s] -- Install configuration: ""
[0.124s] -- Up-to-date: /home/zhu/arm/install/cychuankou/lib/cychuankou/lis
[0.124s] -- Up-to-date: /home/zhu/arm/install/cychuankou/share/ament_index/resource_index/package_run_dependencies/cychuankou
[0.124s] -- Up-to-date: /home/zhu/arm/install/cychuankou/share/ament_index/resource_index/parent_prefix_path/cychuankou
[0.124s] -- Up-to-date: /home/zhu/arm/install/cychuankou/share/cychuankou/environment/ament_prefix_path.sh
[0.124s] -- Up-to-date: /home/zhu/arm/install/cychuankou/share/cychuankou/environment/ament_prefix_path.dsv
[0.124s] -- Up-to-date: /home/zhu/arm/install/cychuankou/share/cychuankou/environment/path.sh
[0.124s] -- Up-to-date: /home/zhu/arm/install/cychuankou/share/cychuankou/environment/path.dsv
[0.124s] -- Up-to-date: /home/zhu/arm/install/cychuankou/share/cychuankou/local_setup.bash
[0.125s] -- Up-to-date: /home/zhu/arm/install/cychuankou/share/cychuankou/local_setup.sh
[0.125s] -- Up-to-date: /home/zhu/arm/install/cychuankou/share/cychuankou/local_setup.zsh
[0.125s] -- Up-to-date: /home/zhu/arm/install/cychuankou/share/cychuankou/local_setup.dsv
[0.125s] -- Installing: /home/zhu/arm/install/cychuankou/share/cychuankou/package.dsv
[0.125s] -- Up-to-date: /home/zhu/arm/install/cychuankou/share/ament_index/resource_index/packages/cychuankou
[0.125s] -- Up-to-date: /home/zhu/arm/install/cychuankou/share/cychuankou/cmake/cychuankouConfig.cmake
[0.125s] -- Up-to-date: /home/zhu/arm/install/cychuankou/share/cychuankou/cmake/cychuankouConfig-version.cmake
[0.125s] -- Up-to-date: /home/zhu/arm/install/cychuankou/share/cychuankou/package.xml
[0.126s] Invoked command in '/home/zhu/arm/build/cychuankou' returned '0': CMAKE_PREFIX_PATH=${CMAKE_PREFIX_PATH}:/home/zhu/ws_moveit2/install/moveit_configs_utils:/home/zhu/ws_moveit2/install/launch_param_builder:/opt/ros/humble /usr/bin/cmake --install /home/zhu/arm/build/cychuankou
