[0.019s] Invoking command in '/home/zhu/arm/build/cychuankou': AMENT_PREFIX_PATH=/home/zhu/arm/install/serial:${AMENT_PREFIX_PATH} CMAKE_PREFIX_PATH=/home/zhu/arm/install/serial:/home/zhu/ws_moveit2/install/pilz_industrial_motion_planner_testutils:/home/zhu/ws_moveit2/install/moveit_runtime:/home/zhu/ws_moveit2/install/moveit2_tutorials:/home/zhu/ws_moveit2/install/moveit:/home/zhu/ws_moveit2/install/moveit_planners:/home/zhu/ws_moveit2/install/pilz_industrial_motion_planner:/home/zhu/ws_moveit2/install/moveit_visual_tools:/home/zhu/ws_moveit2/install/moveit_task_constructor_visualization:/home/zhu/ws_moveit2/install/moveit_task_constructor_demo:/home/zhu/ws_moveit2/install/moveit_task_constructor_capabilities:/home/zhu/ws_moveit2/install/moveit_task_constructor_core:/home/zhu/ws_moveit2/install/moveit_ros_control_interface:/home/zhu/ws_moveit2/install/moveit_plugins:/home/zhu/ws_moveit2/install/moveit_simple_controller_manager:/home/zhu/ws_moveit2/install/moveit_setup_assistant:/home/zhu/ws_moveit2/install/moveit_setup_srdf_plugins:/home/zhu/ws_moveit2/install/moveit_setup_core_plugins:/home/zhu/ws_moveit2/install/moveit_setup_controllers:/home/zhu/ws_moveit2/install/moveit_setup_app_plugins:/home/zhu/ws_moveit2/install/moveit_setup_framework:/home/zhu/ws_moveit2/install/moveit_servo:/home/zhu/ws_moveit2/install/moveit_ros:/home/zhu/ws_moveit2/install/moveit_ros_visualization:/home/zhu/ws_moveit2/install/moveit_hybrid_planning:/home/zhu/ws_moveit2/install/moveit_ros_planning_interface:/home/zhu/ws_moveit2/install/moveit_ros_benchmarks:/home/zhu/ws_moveit2/install/moveit_ros_warehouse:/home/zhu/ws_moveit2/install/moveit_ros_robot_interaction:/home/zhu/ws_moveit2/install/moveit_ros_perception:/home/zhu/ws_moveit2/install/moveit_resources_prbt_pg70_support:/home/zhu/ws_moveit2/install/moveit_resources_prbt_moveit_config:/home/zhu/ws_moveit2/install/moveit_ros_move_group:/home/zhu/ws_moveit2/install/moveit_planners_ompl:/home/zhu/ws_moveit2/install/moveit_ros_planning:/home/zhu/ws_moveit2/install/moveit_ros_occupancy_map_monitor:/home/zhu/ws_moveit2/install/moveit_resources_prbt_ikfast_manipulator_plugin:/home/zhu/ws_moveit2/install/moveit_planners_chomp:/home/zhu/ws_moveit2/install/moveit_kinematics:/home/zhu/ws_moveit2/install/moveit_chomp_optimizer_adapter:/home/zhu/ws_moveit2/install/chomp_motion_planner:/home/zhu/ws_moveit2/install/moveit_core:/home/zhu/ws_moveit2/install/srdfdom:/home/zhu/ws_moveit2/install/rviz_marker_tools:/home/zhu/ws_moveit2/install/rosparam_shortcuts:/home/zhu/ws_moveit2/install/moveit_task_constructor_msgs:/home/zhu/ws_moveit2/install/moveit_resources_prbt_support:/home/zhu/ws_moveit2/install/moveit_resources:/home/zhu/ws_moveit2/install/moveit_resources_pr2_description:/home/zhu/ws_moveit2/install/moveit_resources_panda_moveit_config:/home/zhu/ws_moveit2/install/moveit_resources_panda_description:/home/zhu/ws_moveit2/install/moveit_resources_fanuc_moveit_config:/home/zhu/ws_moveit2/install/moveit_resources_fanuc_description:/home/zhu/ws_moveit2/install/moveit_common:/home/zhu/ws_moveit2/install/moveit_configs_utils:/home/zhu/ws_moveit2/install/launch_param_builder:/opt/ros/humble LD_LIBRARY_PATH=/home/zhu/arm/install/serial/lib:${LD_LIBRARY_PATH} /usr/bin/cmake --build /home/zhu/arm/build/cychuankou -- -j32 -l32
[0.039s] -- Found ament_cmake: 1.3.10 (/opt/ros/humble/share/ament_cmake/cmake)
[0.125s] -- Found rclcpp: 16.0.10 (/opt/ros/humble/share/rclcpp/cmake)
[0.140s] -- Found rosidl_generator_c: 3.1.5 (/opt/ros/humble/share/rosidl_generator_c/cmake)
[0.141s] -- Found rosidl_adapter: 3.1.5 (/opt/ros/humble/share/rosidl_adapter/cmake)
[0.144s] -- Found rosidl_generator_cpp: 3.1.5 (/opt/ros/humble/share/rosidl_generator_cpp/cmake)
[0.150s] -- Using all available rosidl_typesupport_c: rosidl_typesupport_fastrtps_c;rosidl_typesupport_introspection_c
[0.156s] -- Using all available rosidl_typesupport_cpp: rosidl_typesupport_fastrtps_cpp;rosidl_typesupport_introspection_cpp
[0.174s] -- Found rmw_implementation_cmake: 6.1.2 (/opt/ros/humble/share/rmw_implementation_cmake/cmake)
[0.175s] -- Found rmw_cyclonedds_cpp: 1.3.4 (/opt/ros/humble/share/rmw_cyclonedds_cpp/cmake)
[0.185s] -- Using RMW implementation 'rmw_cyclonedds_cpp' as default
[0.211s] -- Found message_filters: 4.3.5 (/opt/ros/humble/share/message_filters/cmake)
[0.212s] -- Found serial: 1.2.1 (/home/zhu/arm/install/serial/share/serial/cmake)
[0.213s] -- Found sensor_msgs: 4.2.4 (/opt/ros/humble/share/sensor_msgs/cmake)
[0.229s] -- Found ament_lint_auto: 0.12.11 (/opt/ros/humble/share/ament_lint_auto/cmake)
[0.272s] -- Added test 'cppcheck' to perform static code analysis on C / C++ code
[0.272s] -- Configured cppcheck include dirs: /home/zhu/arm/src/cychuankou/include
[0.272s] -- Configured cppcheck exclude dirs and/or files: 
[0.272s] -- Added test 'lint_cmake' to check CMake code style
[0.272s] -- Added test 'uncrustify' to check C / C++ code style
[0.272s] -- Configured uncrustify additional arguments: 
[0.273s] -- Added test 'xmllint' to check XML markup files
[0.273s] -- Configuring done
[0.278s] -- Generating done
[0.279s] -- Build files have been written to: /home/zhu/arm/build/cychuankou
[0.321s] [ 50%] [32mBuilding CXX object CMakeFiles/lis.dir/src/lis.cpp.o[0m
[0.364s] [01m[K/home/zhu/arm/src/cychuankou/src/lis.cpp:4:10:[m[K [01;31m[Kfatal error: [m[Kserial/serial.h: 没有那个文件或目录
[0.364s]     4 | #include [01;31m[K"serial/serial.h"[m[K
[0.364s]       |          [01;31m[K^~~~~~~~~~~~~~~~~[m[K
[0.364s] compilation terminated.
[0.365s] gmake[2]: *** [CMakeFiles/lis.dir/build.make:76：CMakeFiles/lis.dir/src/lis.cpp.o] 错误 1
[0.365s] gmake[1]: *** [CMakeFiles/Makefile2:137：CMakeFiles/lis.dir/all] 错误 2
[0.365s] gmake: *** [Makefile:146：all] 错误 2
[0.368s] Invoked command in '/home/zhu/arm/build/cychuankou' returned '2': AMENT_PREFIX_PATH=/home/zhu/arm/install/serial:${AMENT_PREFIX_PATH} CMAKE_PREFIX_PATH=/home/zhu/arm/install/serial:/home/zhu/ws_moveit2/install/pilz_industrial_motion_planner_testutils:/home/zhu/ws_moveit2/install/moveit_runtime:/home/zhu/ws_moveit2/install/moveit2_tutorials:/home/zhu/ws_moveit2/install/moveit:/home/zhu/ws_moveit2/install/moveit_planners:/home/zhu/ws_moveit2/install/pilz_industrial_motion_planner:/home/zhu/ws_moveit2/install/moveit_visual_tools:/home/zhu/ws_moveit2/install/moveit_task_constructor_visualization:/home/zhu/ws_moveit2/install/moveit_task_constructor_demo:/home/zhu/ws_moveit2/install/moveit_task_constructor_capabilities:/home/zhu/ws_moveit2/install/moveit_task_constructor_core:/home/zhu/ws_moveit2/install/moveit_ros_control_interface:/home/zhu/ws_moveit2/install/moveit_plugins:/home/zhu/ws_moveit2/install/moveit_simple_controller_manager:/home/zhu/ws_moveit2/install/moveit_setup_assistant:/home/zhu/ws_moveit2/install/moveit_setup_srdf_plugins:/home/zhu/ws_moveit2/install/moveit_setup_core_plugins:/home/zhu/ws_moveit2/install/moveit_setup_controllers:/home/zhu/ws_moveit2/install/moveit_setup_app_plugins:/home/zhu/ws_moveit2/install/moveit_setup_framework:/home/zhu/ws_moveit2/install/moveit_servo:/home/zhu/ws_moveit2/install/moveit_ros:/home/zhu/ws_moveit2/install/moveit_ros_visualization:/home/zhu/ws_moveit2/install/moveit_hybrid_planning:/home/zhu/ws_moveit2/install/moveit_ros_planning_interface:/home/zhu/ws_moveit2/install/moveit_ros_benchmarks:/home/zhu/ws_moveit2/install/moveit_ros_warehouse:/home/zhu/ws_moveit2/install/moveit_ros_robot_interaction:/home/zhu/ws_moveit2/install/moveit_ros_perception:/home/zhu/ws_moveit2/install/moveit_resources_prbt_pg70_support:/home/zhu/ws_moveit2/install/moveit_resources_prbt_moveit_config:/home/zhu/ws_moveit2/install/moveit_ros_move_group:/home/zhu/ws_moveit2/install/moveit_planners_ompl:/home/zhu/ws_moveit2/install/moveit_ros_planning:/home/zhu/ws_moveit2/install/moveit_ros_occupancy_map_monitor:/home/zhu/ws_moveit2/install/moveit_resources_prbt_ikfast_manipulator_plugin:/home/zhu/ws_moveit2/install/moveit_planners_chomp:/home/zhu/ws_moveit2/install/moveit_kinematics:/home/zhu/ws_moveit2/install/moveit_chomp_optimizer_adapter:/home/zhu/ws_moveit2/install/chomp_motion_planner:/home/zhu/ws_moveit2/install/moveit_core:/home/zhu/ws_moveit2/install/srdfdom:/home/zhu/ws_moveit2/install/rviz_marker_tools:/home/zhu/ws_moveit2/install/rosparam_shortcuts:/home/zhu/ws_moveit2/install/moveit_task_constructor_msgs:/home/zhu/ws_moveit2/install/moveit_resources_prbt_support:/home/zhu/ws_moveit2/install/moveit_resources:/home/zhu/ws_moveit2/install/moveit_resources_pr2_description:/home/zhu/ws_moveit2/install/moveit_resources_panda_moveit_config:/home/zhu/ws_moveit2/install/moveit_resources_panda_description:/home/zhu/ws_moveit2/install/moveit_resources_fanuc_moveit_config:/home/zhu/ws_moveit2/install/moveit_resources_fanuc_description:/home/zhu/ws_moveit2/install/moveit_common:/home/zhu/ws_moveit2/install/moveit_configs_utils:/home/zhu/ws_moveit2/install/launch_param_builder:/opt/ros/humble LD_LIBRARY_PATH=/home/zhu/arm/install/serial/lib:${LD_LIBRARY_PATH} /usr/bin/cmake --build /home/zhu/arm/build/cychuankou -- -j32 -l32
