[0.019s] Invoking command in '/home/zhu/arm/build/serial': CMAKE_PREFIX_PATH=${CMAKE_PREFIX_PATH}:/home/zhu/ws_moveit2/install/moveit_configs_utils:/home/zhu/ws_moveit2/install/launch_param_builder:/opt/ros/humble /usr/bin/cmake --build /home/zhu/arm/build/serial -- -j32 -l32
[0.074s] [100%] Built target serial
[0.087s] Invoked command in '/home/zhu/arm/build/serial' returned '0': CMAKE_PREFIX_PATH=${CMAKE_PREFIX_PATH}:/home/zhu/ws_moveit2/install/moveit_configs_utils:/home/zhu/ws_moveit2/install/launch_param_builder:/opt/ros/humble /usr/bin/cmake --build /home/zhu/arm/build/serial -- -j32 -l32
[0.134s] Invoking command in '/home/zhu/arm/build/serial': CMAKE_PREFIX_PATH=${CMAKE_PREFIX_PATH}:/home/zhu/ws_moveit2/install/moveit_configs_utils:/home/zhu/ws_moveit2/install/launch_param_builder:/opt/ros/humble /usr/bin/cmake --install /home/zhu/arm/build/serial
[0.146s] -- Install configuration: ""
[0.146s] -- Up-to-date: /home/zhu/arm/install/serial/share/serial/environment/library_path.sh
[0.146s] -- Up-to-date: /home/zhu/arm/install/serial/share/serial/environment/library_path.dsv
[0.146s] -- Up-to-date: /home/zhu/arm/install/serial/lib/libserial.so
[0.146s] -- Up-to-date: /home/zhu/arm/install/serial/include/serial/serial.h
[0.146s] -- Up-to-date: /home/zhu/arm/install/serial/include/serial/v8stdint.h
[0.146s] -- Up-to-date: /home/zhu/arm/install/serial/share/ament_index/resource_index/package_run_dependencies/serial
[0.146s] -- Up-to-date: /home/zhu/arm/install/serial/share/ament_index/resource_index/parent_prefix_path/serial
[0.147s] -- Up-to-date: /home/zhu/arm/install/serial/share/serial/environment/ament_prefix_path.sh
[0.147s] -- Up-to-date: /home/zhu/arm/install/serial/share/serial/environment/ament_prefix_path.dsv
[0.147s] -- Up-to-date: /home/zhu/arm/install/serial/share/serial/environment/path.sh
[0.147s] -- Up-to-date: /home/zhu/arm/install/serial/share/serial/environment/path.dsv
[0.148s] -- Up-to-date: /home/zhu/arm/install/serial/share/serial/local_setup.bash
[0.148s] -- Up-to-date: /home/zhu/arm/install/serial/share/serial/local_setup.sh
[0.149s] -- Up-to-date: /home/zhu/arm/install/serial/share/serial/local_setup.zsh
[0.149s] -- Up-to-date: /home/zhu/arm/install/serial/share/serial/local_setup.dsv
[0.149s] -- Installing: /home/zhu/arm/install/serial/share/serial/package.dsv
[0.149s] -- Up-to-date: /home/zhu/arm/install/serial/share/ament_index/resource_index/packages/serial
[0.149s] -- Up-to-date: /home/zhu/arm/install/serial/share/serial/cmake/ament_cmake_export_include_directories-extras.cmake
[0.149s] -- Up-to-date: /home/zhu/arm/install/serial/share/serial/cmake/ament_cmake_export_libraries-extras.cmake
[0.149s] -- Up-to-date: /home/zhu/arm/install/serial/share/serial/cmake/serialConfig.cmake
[0.149s] -- Up-to-date: /home/zhu/arm/install/serial/share/serial/cmake/serialConfig-version.cmake
[0.149s] -- Up-to-date: /home/zhu/arm/install/serial/share/serial/package.xml
[0.149s] Invoked command in '/home/zhu/arm/build/serial' returned '0': CMAKE_PREFIX_PATH=${CMAKE_PREFIX_PATH}:/home/zhu/ws_moveit2/install/moveit_configs_utils:/home/zhu/ws_moveit2/install/launch_param_builder:/opt/ros/humble /usr/bin/cmake --install /home/zhu/arm/build/serial
