[0.015s] Invoking command in '/home/zhu/arm/build/arm_controler': CMAKE_PREFIX_PATH=${CMAKE_PREFIX_PATH}:/home/zhu/ws_moveit2/install/moveit_configs_utils:/home/zhu/ws_moveit2/install/launch_param_builder:/opt/ros/humble /usr/bin/cmake --build /home/zhu/arm/build/arm_controler -- -j32 -l32
[0.073s] [100%] Built target arm_controler
[0.084s] Invoked command in '/home/zhu/arm/build/arm_controler' returned '0': CMAKE_PREFIX_PATH=${CMAKE_PREFIX_PATH}:/home/zhu/ws_moveit2/install/moveit_configs_utils:/home/zhu/ws_moveit2/install/launch_param_builder:/opt/ros/humble /usr/bin/cmake --build /home/zhu/arm/build/arm_controler -- -j32 -l32
[0.126s] Invoking command in '/home/zhu/arm/build/arm_controler': CMAKE_PREFIX_PATH=${CMAKE_PREFIX_PATH}:/home/zhu/ws_moveit2/install/moveit_configs_utils:/home/zhu/ws_moveit2/install/launch_param_builder:/opt/ros/humble /usr/bin/cmake --install /home/zhu/arm/build/arm_controler
[0.132s] -- Install configuration: ""
[0.132s] -- Up-to-date: /home/zhu/arm/install/arm_controler/lib/arm_controler/arm_controler
[0.132s] -- Up-to-date: /home/zhu/arm/install/arm_controler/share/ament_index/resource_index/package_run_dependencies/arm_controler
[0.132s] -- Up-to-date: /home/zhu/arm/install/arm_controler/share/ament_index/resource_index/parent_prefix_path/arm_controler
[0.132s] -- Up-to-date: /home/zhu/arm/install/arm_controler/share/arm_controler/environment/ament_prefix_path.sh
[0.132s] -- Up-to-date: /home/zhu/arm/install/arm_controler/share/arm_controler/environment/ament_prefix_path.dsv
[0.132s] -- Up-to-date: /home/zhu/arm/install/arm_controler/share/arm_controler/environment/path.sh
[0.133s] -- Up-to-date: /home/zhu/arm/install/arm_controler/share/arm_controler/environment/path.dsv
[0.133s] -- Up-to-date: /home/zhu/arm/install/arm_controler/share/arm_controler/local_setup.bash
[0.133s] -- Up-to-date: /home/zhu/arm/install/arm_controler/share/arm_controler/local_setup.sh
[0.133s] -- Up-to-date: /home/zhu/arm/install/arm_controler/share/arm_controler/local_setup.zsh
[0.133s] -- Up-to-date: /home/zhu/arm/install/arm_controler/share/arm_controler/local_setup.dsv
[0.133s] -- Installing: /home/zhu/arm/install/arm_controler/share/arm_controler/package.dsv
[0.133s] -- Up-to-date: /home/zhu/arm/install/arm_controler/share/ament_index/resource_index/packages/arm_controler
[0.133s] -- Up-to-date: /home/zhu/arm/install/arm_controler/share/arm_controler/cmake/arm_controlerConfig.cmake
[0.133s] -- Up-to-date: /home/zhu/arm/install/arm_controler/share/arm_controler/cmake/arm_controlerConfig-version.cmake
[0.133s] -- Up-to-date: /home/zhu/arm/install/arm_controler/share/arm_controler/package.xml
[0.134s] Invoked command in '/home/zhu/arm/build/arm_controler' returned '0': CMAKE_PREFIX_PATH=${CMAKE_PREFIX_PATH}:/home/zhu/ws_moveit2/install/moveit_configs_utils:/home/zhu/ws_moveit2/install/launch_param_builder:/opt/ros/humble /usr/bin/cmake --install /home/zhu/arm/build/arm_controler
