[0.061s] DEBUG:colcon:Command line arguments: ['/usr/bin/colcon', 'build']
[0.061s] DEBUG:colcon:Parsed command line arguments: Namespace(log_base=None, log_level=None, verb_name='build', build_base='build', install_base='install', merge_install=False, symlink_install=False, test_result_base=None, continue_on_error=False, executor='parallel', parallel_workers=32, event_handlers=None, ignore_user_meta=False, metas=['./colcon.meta'], base_paths=['.'], packages_ignore=None, packages_ignore_regex=None, paths=None, packages_up_to=None, packages_up_to_regex=None, packages_above=None, packages_above_and_dependencies=None, packages_above_depth=None, packages_select_by_dep=None, packages_skip_by_dep=None, packages_skip_up_to=None, packages_select_build_failed=False, packages_skip_build_finished=False, packages_select_test_failures=False, packages_skip_test_passed=False, packages_select=None, packages_skip=None, packages_select_regex=None, packages_skip_regex=None, packages_start=None, packages_end=None, allow_overriding=[], cmake_args=None, cmake_target=None, cmake_target_skip_unavailable=False, cmake_clean_cache=False, cmake_clean_first=False, cmake_force_configure=False, ament_cmake_args=None, catkin_cmake_args=None, catkin_skip_building_tests=False, mixin_files=None, mixin=None, verb_parser=<colcon_mixin.mixin.mixin_argument.MixinArgumentDecorator object at 0x7ebf4a8f3430>, verb_extension=<colcon_core.verb.build.BuildVerb object at 0x7ebf4a8f2e30>, main=<bound method BuildVerb.main of <colcon_core.verb.build.BuildVerb object at 0x7ebf4a8f2e30>>, mixin_verb=('build',))
[0.150s] Level 1:colcon.colcon_core.package_discovery:discover_packages(colcon_meta) check parameters
[0.150s] Level 1:colcon.colcon_core.package_discovery:discover_packages(recursive) check parameters
[0.150s] Level 1:colcon.colcon_core.package_discovery:discover_packages(ignore) check parameters
[0.150s] Level 1:colcon.colcon_core.package_discovery:discover_packages(path) check parameters
[0.150s] Level 1:colcon.colcon_core.package_discovery:discover_packages(colcon_meta) discover
[0.150s] Level 1:colcon.colcon_core.package_discovery:discover_packages(recursive) discover
[0.150s] INFO:colcon.colcon_core.package_discovery:Crawling recursively for packages in '/home/zhu/arm'
[0.150s] Level 1:colcon.colcon_core.package_identification:_identify(.) by extensions ['ignore', 'ignore_ament_install']
[0.150s] Level 1:colcon.colcon_core.package_identification:_identify(.) by extension 'ignore'
[0.151s] Level 1:colcon.colcon_core.package_identification:_identify(.) by extension 'ignore_ament_install'
[0.151s] Level 1:colcon.colcon_core.package_identification:_identify(.) by extensions ['colcon_pkg']
[0.151s] Level 1:colcon.colcon_core.package_identification:_identify(.) by extension 'colcon_pkg'
[0.151s] Level 1:colcon.colcon_core.package_identification:_identify(.) by extensions ['colcon_meta']
[0.151s] Level 1:colcon.colcon_core.package_identification:_identify(.) by extension 'colcon_meta'
[0.151s] Level 1:colcon.colcon_core.package_identification:_identify(.) by extensions ['ros']
[0.151s] Level 1:colcon.colcon_core.package_identification:_identify(.) by extension 'ros'
[0.156s] Level 1:colcon.colcon_core.package_identification:_identify(.) by extensions ['cmake', 'python']
[0.156s] Level 1:colcon.colcon_core.package_identification:_identify(.) by extension 'cmake'
[0.157s] Level 1:colcon.colcon_core.package_identification:_identify(.) by extension 'python'
[0.157s] Level 1:colcon.colcon_core.package_identification:_identify(.) by extensions ['python_setup_py']
[0.157s] Level 1:colcon.colcon_core.package_identification:_identify(.) by extension 'python_setup_py'
[0.157s] Level 1:colcon.colcon_core.package_identification:_identify(build) by extensions ['ignore', 'ignore_ament_install']
[0.157s] Level 1:colcon.colcon_core.package_identification:_identify(build) by extension 'ignore'
[0.157s] Level 1:colcon.colcon_core.package_identification:_identify(build) ignored
[0.157s] Level 1:colcon.colcon_core.package_identification:_identify(install) by extensions ['ignore', 'ignore_ament_install']
[0.157s] Level 1:colcon.colcon_core.package_identification:_identify(install) by extension 'ignore'
[0.157s] Level 1:colcon.colcon_core.package_identification:_identify(install) ignored
[0.157s] Level 1:colcon.colcon_core.package_identification:_identify(log) by extensions ['ignore', 'ignore_ament_install']
[0.157s] Level 1:colcon.colcon_core.package_identification:_identify(log) by extension 'ignore'
[0.157s] Level 1:colcon.colcon_core.package_identification:_identify(log) ignored
[0.157s] Level 1:colcon.colcon_core.package_identification:_identify(src) by extensions ['ignore', 'ignore_ament_install']
[0.157s] Level 1:colcon.colcon_core.package_identification:_identify(src) by extension 'ignore'
[0.157s] Level 1:colcon.colcon_core.package_identification:_identify(src) by extension 'ignore_ament_install'
[0.157s] Level 1:colcon.colcon_core.package_identification:_identify(src) by extensions ['colcon_pkg']
[0.157s] Level 1:colcon.colcon_core.package_identification:_identify(src) by extension 'colcon_pkg'
[0.157s] Level 1:colcon.colcon_core.package_identification:_identify(src) by extensions ['colcon_meta']
[0.157s] Level 1:colcon.colcon_core.package_identification:_identify(src) by extension 'colcon_meta'
[0.157s] Level 1:colcon.colcon_core.package_identification:_identify(src) by extensions ['ros']
[0.157s] Level 1:colcon.colcon_core.package_identification:_identify(src) by extension 'ros'
[0.157s] Level 1:colcon.colcon_core.package_identification:_identify(src) by extensions ['cmake', 'python']
[0.157s] Level 1:colcon.colcon_core.package_identification:_identify(src) by extension 'cmake'
[0.157s] Level 1:colcon.colcon_core.package_identification:_identify(src) by extension 'python'
[0.157s] Level 1:colcon.colcon_core.package_identification:_identify(src) by extensions ['python_setup_py']
[0.157s] Level 1:colcon.colcon_core.package_identification:_identify(src) by extension 'python_setup_py'
[0.157s] Level 1:colcon.colcon_core.package_identification:_identify(src/arm_controler) by extensions ['ignore', 'ignore_ament_install']
[0.157s] Level 1:colcon.colcon_core.package_identification:_identify(src/arm_controler) by extension 'ignore'
[0.157s] Level 1:colcon.colcon_core.package_identification:_identify(src/arm_controler) by extension 'ignore_ament_install'
[0.157s] Level 1:colcon.colcon_core.package_identification:_identify(src/arm_controler) by extensions ['colcon_pkg']
[0.157s] Level 1:colcon.colcon_core.package_identification:_identify(src/arm_controler) by extension 'colcon_pkg'
[0.157s] Level 1:colcon.colcon_core.package_identification:_identify(src/arm_controler) by extensions ['colcon_meta']
[0.157s] Level 1:colcon.colcon_core.package_identification:_identify(src/arm_controler) by extension 'colcon_meta'
[0.157s] Level 1:colcon.colcon_core.package_identification:_identify(src/arm_controler) by extensions ['ros']
[0.157s] Level 1:colcon.colcon_core.package_identification:_identify(src/arm_controler) by extension 'ros'
[0.159s] DEBUG:colcon.colcon_core.package_identification:Package 'src/arm_controler' with type 'ros.ament_cmake' and name 'arm_controler'
[0.160s] Level 1:colcon.colcon_core.package_identification:_identify(src/arm_lcr_description) by extensions ['ignore', 'ignore_ament_install']
[0.160s] Level 1:colcon.colcon_core.package_identification:_identify(src/arm_lcr_description) by extension 'ignore'
[0.160s] Level 1:colcon.colcon_core.package_identification:_identify(src/arm_lcr_description) by extension 'ignore_ament_install'
[0.160s] Level 1:colcon.colcon_core.package_identification:_identify(src/arm_lcr_description) by extensions ['colcon_pkg']
[0.160s] Level 1:colcon.colcon_core.package_identification:_identify(src/arm_lcr_description) by extension 'colcon_pkg'
[0.160s] Level 1:colcon.colcon_core.package_identification:_identify(src/arm_lcr_description) by extensions ['colcon_meta']
[0.160s] Level 1:colcon.colcon_core.package_identification:_identify(src/arm_lcr_description) by extension 'colcon_meta'
[0.160s] Level 1:colcon.colcon_core.package_identification:_identify(src/arm_lcr_description) by extensions ['ros']
[0.160s] Level 1:colcon.colcon_core.package_identification:_identify(src/arm_lcr_description) by extension 'ros'
[0.160s] DEBUG:colcon.colcon_core.package_identification:Package 'src/arm_lcr_description' with type 'ros.ament_cmake' and name 'arm_lcr_description'
[0.160s] Level 1:colcon.colcon_core.package_identification:_identify(src/arm_llc_moveit_config) by extensions ['ignore', 'ignore_ament_install']
[0.160s] Level 1:colcon.colcon_core.package_identification:_identify(src/arm_llc_moveit_config) by extension 'ignore'
[0.160s] Level 1:colcon.colcon_core.package_identification:_identify(src/arm_llc_moveit_config) by extension 'ignore_ament_install'
[0.160s] Level 1:colcon.colcon_core.package_identification:_identify(src/arm_llc_moveit_config) by extensions ['colcon_pkg']
[0.160s] Level 1:colcon.colcon_core.package_identification:_identify(src/arm_llc_moveit_config) by extension 'colcon_pkg'
[0.160s] Level 1:colcon.colcon_core.package_identification:_identify(src/arm_llc_moveit_config) by extensions ['colcon_meta']
[0.160s] Level 1:colcon.colcon_core.package_identification:_identify(src/arm_llc_moveit_config) by extension 'colcon_meta'
[0.160s] Level 1:colcon.colcon_core.package_identification:_identify(src/arm_llc_moveit_config) by extensions ['ros']
[0.160s] Level 1:colcon.colcon_core.package_identification:_identify(src/arm_llc_moveit_config) by extension 'ros'
[0.161s] DEBUG:colcon.colcon_core.package_identification:Package 'src/arm_llc_moveit_config' with type 'ros.ament_cmake' and name 'arm_llc_moveit_config'
[0.161s] Level 1:colcon.colcon_core.package_identification:_identify(src/cychuankou) by extensions ['ignore', 'ignore_ament_install']
[0.161s] Level 1:colcon.colcon_core.package_identification:_identify(src/cychuankou) by extension 'ignore'
[0.161s] Level 1:colcon.colcon_core.package_identification:_identify(src/cychuankou) by extension 'ignore_ament_install'
[0.161s] Level 1:colcon.colcon_core.package_identification:_identify(src/cychuankou) by extensions ['colcon_pkg']
[0.161s] Level 1:colcon.colcon_core.package_identification:_identify(src/cychuankou) by extension 'colcon_pkg'
[0.161s] Level 1:colcon.colcon_core.package_identification:_identify(src/cychuankou) by extensions ['colcon_meta']
[0.161s] Level 1:colcon.colcon_core.package_identification:_identify(src/cychuankou) by extension 'colcon_meta'
[0.161s] Level 1:colcon.colcon_core.package_identification:_identify(src/cychuankou) by extensions ['ros']
[0.161s] Level 1:colcon.colcon_core.package_identification:_identify(src/cychuankou) by extension 'ros'
[0.161s] DEBUG:colcon.colcon_core.package_identification:Package 'src/cychuankou' with type 'ros.ament_cmake' and name 'cychuankou'
[0.161s] Level 1:colcon.colcon_core.package_identification:_identify(src/my_keyboard_listener) by extensions ['ignore', 'ignore_ament_install']
[0.161s] Level 1:colcon.colcon_core.package_identification:_identify(src/my_keyboard_listener) by extension 'ignore'
[0.162s] Level 1:colcon.colcon_core.package_identification:_identify(src/my_keyboard_listener) by extension 'ignore_ament_install'
[0.162s] Level 1:colcon.colcon_core.package_identification:_identify(src/my_keyboard_listener) by extensions ['colcon_pkg']
[0.162s] Level 1:colcon.colcon_core.package_identification:_identify(src/my_keyboard_listener) by extension 'colcon_pkg'
[0.162s] Level 1:colcon.colcon_core.package_identification:_identify(src/my_keyboard_listener) by extensions ['colcon_meta']
[0.162s] Level 1:colcon.colcon_core.package_identification:_identify(src/my_keyboard_listener) by extension 'colcon_meta'
[0.162s] Level 1:colcon.colcon_core.package_identification:_identify(src/my_keyboard_listener) by extensions ['ros']
[0.162s] Level 1:colcon.colcon_core.package_identification:_identify(src/my_keyboard_listener) by extension 'ros'
[0.166s] DEBUG:colcon.colcon_core.package_identification:Package 'src/my_keyboard_listener' with type 'ros.ament_cmake' and name 'my_keyboard_listener'
[0.167s] Level 1:colcon.colcon_core.package_identification:_identify(src/serial) by extensions ['ignore', 'ignore_ament_install']
[0.167s] Level 1:colcon.colcon_core.package_identification:_identify(src/serial) by extension 'ignore'
[0.167s] Level 1:colcon.colcon_core.package_identification:_identify(src/serial) by extension 'ignore_ament_install'
[0.167s] Level 1:colcon.colcon_core.package_identification:_identify(src/serial) by extensions ['colcon_pkg']
[0.167s] Level 1:colcon.colcon_core.package_identification:_identify(src/serial) by extension 'colcon_pkg'
[0.167s] Level 1:colcon.colcon_core.package_identification:_identify(src/serial) by extensions ['colcon_meta']
[0.167s] Level 1:colcon.colcon_core.package_identification:_identify(src/serial) by extension 'colcon_meta'
[0.167s] Level 1:colcon.colcon_core.package_identification:_identify(src/serial) by extensions ['ros']
[0.167s] Level 1:colcon.colcon_core.package_identification:_identify(src/serial) by extension 'ros'
[0.167s] DEBUG:colcon.colcon_core.package_identification:Package 'src/serial' with type 'ros.ament_cmake' and name 'serial'
[0.167s] Level 1:colcon.colcon_core.package_discovery:discover_packages(recursive) using defaults
[0.167s] Level 1:colcon.colcon_core.package_discovery:discover_packages(ignore) discover
[0.167s] Level 1:colcon.colcon_core.package_discovery:discover_packages(ignore) using defaults
[0.167s] Level 1:colcon.colcon_core.package_discovery:discover_packages(path) discover
[0.167s] Level 1:colcon.colcon_core.package_discovery:discover_packages(path) using defaults
[0.178s] Level 1:colcon.colcon_core.package_discovery:discover_packages(prefix_path) check parameters
[0.178s] Level 1:colcon.colcon_core.package_discovery:discover_packages(prefix_path) discover
[0.180s] DEBUG:colcon.colcon_installed_package_information.package_discovery:Found 6 installed packages in /home/zhu/arm/install
[0.181s] DEBUG:colcon.colcon_installed_package_information.package_discovery:Found 55 installed packages in /home/zhu/ws_moveit2/install
[0.182s] DEBUG:colcon.colcon_installed_package_information.package_discovery:Found 366 installed packages in /opt/ros/humble
[0.183s] Level 1:colcon.colcon_core.package_discovery:discover_packages(prefix_path) using defaults
[0.207s] Level 5:colcon.colcon_core.verb:set package 'arm_controler' build argument 'cmake_args' from command line to 'None'
[0.207s] Level 5:colcon.colcon_core.verb:set package 'arm_controler' build argument 'cmake_target' from command line to 'None'
[0.207s] Level 5:colcon.colcon_core.verb:set package 'arm_controler' build argument 'cmake_target_skip_unavailable' from command line to 'False'
[0.207s] Level 5:colcon.colcon_core.verb:set package 'arm_controler' build argument 'cmake_clean_cache' from command line to 'False'
[0.207s] Level 5:colcon.colcon_core.verb:set package 'arm_controler' build argument 'cmake_clean_first' from command line to 'False'
[0.207s] Level 5:colcon.colcon_core.verb:set package 'arm_controler' build argument 'cmake_force_configure' from command line to 'False'
[0.207s] Level 5:colcon.colcon_core.verb:set package 'arm_controler' build argument 'ament_cmake_args' from command line to 'None'
[0.207s] Level 5:colcon.colcon_core.verb:set package 'arm_controler' build argument 'catkin_cmake_args' from command line to 'None'
[0.207s] Level 5:colcon.colcon_core.verb:set package 'arm_controler' build argument 'catkin_skip_building_tests' from command line to 'False'
[0.207s] DEBUG:colcon.colcon_core.verb:Building package 'arm_controler' with the following arguments: {'ament_cmake_args': None, 'build_base': '/home/zhu/arm/build/arm_controler', 'catkin_cmake_args': None, 'catkin_skip_building_tests': False, 'cmake_args': None, 'cmake_clean_cache': False, 'cmake_clean_first': False, 'cmake_force_configure': False, 'cmake_target': None, 'cmake_target_skip_unavailable': False, 'install_base': '/home/zhu/arm/install/arm_controler', 'merge_install': False, 'path': '/home/zhu/arm/src/arm_controler', 'symlink_install': False, 'test_result_base': None}
[0.208s] Level 5:colcon.colcon_core.verb:set package 'arm_lcr_description' build argument 'cmake_args' from command line to 'None'
[0.208s] Level 5:colcon.colcon_core.verb:set package 'arm_lcr_description' build argument 'cmake_target' from command line to 'None'
[0.208s] Level 5:colcon.colcon_core.verb:set package 'arm_lcr_description' build argument 'cmake_target_skip_unavailable' from command line to 'False'
[0.208s] Level 5:colcon.colcon_core.verb:set package 'arm_lcr_description' build argument 'cmake_clean_cache' from command line to 'False'
[0.208s] Level 5:colcon.colcon_core.verb:set package 'arm_lcr_description' build argument 'cmake_clean_first' from command line to 'False'
[0.208s] Level 5:colcon.colcon_core.verb:set package 'arm_lcr_description' build argument 'cmake_force_configure' from command line to 'False'
[0.208s] Level 5:colcon.colcon_core.verb:set package 'arm_lcr_description' build argument 'ament_cmake_args' from command line to 'None'
[0.208s] Level 5:colcon.colcon_core.verb:set package 'arm_lcr_description' build argument 'catkin_cmake_args' from command line to 'None'
[0.208s] Level 5:colcon.colcon_core.verb:set package 'arm_lcr_description' build argument 'catkin_skip_building_tests' from command line to 'False'
[0.208s] DEBUG:colcon.colcon_core.verb:Building package 'arm_lcr_description' with the following arguments: {'ament_cmake_args': None, 'build_base': '/home/zhu/arm/build/arm_lcr_description', 'catkin_cmake_args': None, 'catkin_skip_building_tests': False, 'cmake_args': None, 'cmake_clean_cache': False, 'cmake_clean_first': False, 'cmake_force_configure': False, 'cmake_target': None, 'cmake_target_skip_unavailable': False, 'install_base': '/home/zhu/arm/install/arm_lcr_description', 'merge_install': False, 'path': '/home/zhu/arm/src/arm_lcr_description', 'symlink_install': False, 'test_result_base': None}
[0.208s] Level 5:colcon.colcon_core.verb:set package 'my_keyboard_listener' build argument 'cmake_args' from command line to 'None'
[0.208s] Level 5:colcon.colcon_core.verb:set package 'my_keyboard_listener' build argument 'cmake_target' from command line to 'None'
[0.208s] Level 5:colcon.colcon_core.verb:set package 'my_keyboard_listener' build argument 'cmake_target_skip_unavailable' from command line to 'False'
[0.208s] Level 5:colcon.colcon_core.verb:set package 'my_keyboard_listener' build argument 'cmake_clean_cache' from command line to 'False'
[0.208s] Level 5:colcon.colcon_core.verb:set package 'my_keyboard_listener' build argument 'cmake_clean_first' from command line to 'False'
[0.208s] Level 5:colcon.colcon_core.verb:set package 'my_keyboard_listener' build argument 'cmake_force_configure' from command line to 'False'
[0.208s] Level 5:colcon.colcon_core.verb:set package 'my_keyboard_listener' build argument 'ament_cmake_args' from command line to 'None'
[0.208s] Level 5:colcon.colcon_core.verb:set package 'my_keyboard_listener' build argument 'catkin_cmake_args' from command line to 'None'
[0.208s] Level 5:colcon.colcon_core.verb:set package 'my_keyboard_listener' build argument 'catkin_skip_building_tests' from command line to 'False'
[0.208s] DEBUG:colcon.colcon_core.verb:Building package 'my_keyboard_listener' with the following arguments: {'ament_cmake_args': None, 'build_base': '/home/zhu/arm/build/my_keyboard_listener', 'catkin_cmake_args': None, 'catkin_skip_building_tests': False, 'cmake_args': None, 'cmake_clean_cache': False, 'cmake_clean_first': False, 'cmake_force_configure': False, 'cmake_target': None, 'cmake_target_skip_unavailable': False, 'install_base': '/home/zhu/arm/install/my_keyboard_listener', 'merge_install': False, 'path': '/home/zhu/arm/src/my_keyboard_listener', 'symlink_install': False, 'test_result_base': None}
[0.208s] Level 5:colcon.colcon_core.verb:set package 'serial' build argument 'cmake_args' from command line to 'None'
[0.208s] Level 5:colcon.colcon_core.verb:set package 'serial' build argument 'cmake_target' from command line to 'None'
[0.208s] Level 5:colcon.colcon_core.verb:set package 'serial' build argument 'cmake_target_skip_unavailable' from command line to 'False'
[0.208s] Level 5:colcon.colcon_core.verb:set package 'serial' build argument 'cmake_clean_cache' from command line to 'False'
[0.208s] Level 5:colcon.colcon_core.verb:set package 'serial' build argument 'cmake_clean_first' from command line to 'False'
[0.208s] Level 5:colcon.colcon_core.verb:set package 'serial' build argument 'cmake_force_configure' from command line to 'False'
[0.208s] Level 5:colcon.colcon_core.verb:set package 'serial' build argument 'ament_cmake_args' from command line to 'None'
[0.208s] Level 5:colcon.colcon_core.verb:set package 'serial' build argument 'catkin_cmake_args' from command line to 'None'
[0.208s] Level 5:colcon.colcon_core.verb:set package 'serial' build argument 'catkin_skip_building_tests' from command line to 'False'
[0.208s] DEBUG:colcon.colcon_core.verb:Building package 'serial' with the following arguments: {'ament_cmake_args': None, 'build_base': '/home/zhu/arm/build/serial', 'catkin_cmake_args': None, 'catkin_skip_building_tests': False, 'cmake_args': None, 'cmake_clean_cache': False, 'cmake_clean_first': False, 'cmake_force_configure': False, 'cmake_target': None, 'cmake_target_skip_unavailable': False, 'install_base': '/home/zhu/arm/install/serial', 'merge_install': False, 'path': '/home/zhu/arm/src/serial', 'symlink_install': False, 'test_result_base': None}
[0.208s] Level 5:colcon.colcon_core.verb:set package 'arm_llc_moveit_config' build argument 'cmake_args' from command line to 'None'
[0.208s] Level 5:colcon.colcon_core.verb:set package 'arm_llc_moveit_config' build argument 'cmake_target' from command line to 'None'
[0.208s] Level 5:colcon.colcon_core.verb:set package 'arm_llc_moveit_config' build argument 'cmake_target_skip_unavailable' from command line to 'False'
[0.208s] Level 5:colcon.colcon_core.verb:set package 'arm_llc_moveit_config' build argument 'cmake_clean_cache' from command line to 'False'
[0.208s] Level 5:colcon.colcon_core.verb:set package 'arm_llc_moveit_config' build argument 'cmake_clean_first' from command line to 'False'
[0.208s] Level 5:colcon.colcon_core.verb:set package 'arm_llc_moveit_config' build argument 'cmake_force_configure' from command line to 'False'
[0.208s] Level 5:colcon.colcon_core.verb:set package 'arm_llc_moveit_config' build argument 'ament_cmake_args' from command line to 'None'
[0.208s] Level 5:colcon.colcon_core.verb:set package 'arm_llc_moveit_config' build argument 'catkin_cmake_args' from command line to 'None'
[0.208s] Level 5:colcon.colcon_core.verb:set package 'arm_llc_moveit_config' build argument 'catkin_skip_building_tests' from command line to 'False'
[0.208s] DEBUG:colcon.colcon_core.verb:Building package 'arm_llc_moveit_config' with the following arguments: {'ament_cmake_args': None, 'build_base': '/home/zhu/arm/build/arm_llc_moveit_config', 'catkin_cmake_args': None, 'catkin_skip_building_tests': False, 'cmake_args': None, 'cmake_clean_cache': False, 'cmake_clean_first': False, 'cmake_force_configure': False, 'cmake_target': None, 'cmake_target_skip_unavailable': False, 'install_base': '/home/zhu/arm/install/arm_llc_moveit_config', 'merge_install': False, 'path': '/home/zhu/arm/src/arm_llc_moveit_config', 'symlink_install': False, 'test_result_base': None}
[0.209s] Level 5:colcon.colcon_core.verb:set package 'cychuankou' build argument 'cmake_args' from command line to 'None'
[0.209s] Level 5:colcon.colcon_core.verb:set package 'cychuankou' build argument 'cmake_target' from command line to 'None'
[0.209s] Level 5:colcon.colcon_core.verb:set package 'cychuankou' build argument 'cmake_target_skip_unavailable' from command line to 'False'
[0.209s] Level 5:colcon.colcon_core.verb:set package 'cychuankou' build argument 'cmake_clean_cache' from command line to 'False'
[0.209s] Level 5:colcon.colcon_core.verb:set package 'cychuankou' build argument 'cmake_clean_first' from command line to 'False'
[0.209s] Level 5:colcon.colcon_core.verb:set package 'cychuankou' build argument 'cmake_force_configure' from command line to 'False'
[0.209s] Level 5:colcon.colcon_core.verb:set package 'cychuankou' build argument 'ament_cmake_args' from command line to 'None'
[0.209s] Level 5:colcon.colcon_core.verb:set package 'cychuankou' build argument 'catkin_cmake_args' from command line to 'None'
[0.209s] Level 5:colcon.colcon_core.verb:set package 'cychuankou' build argument 'catkin_skip_building_tests' from command line to 'False'
[0.209s] DEBUG:colcon.colcon_core.verb:Building package 'cychuankou' with the following arguments: {'ament_cmake_args': None, 'build_base': '/home/zhu/arm/build/cychuankou', 'catkin_cmake_args': None, 'catkin_skip_building_tests': False, 'cmake_args': None, 'cmake_clean_cache': False, 'cmake_clean_first': False, 'cmake_force_configure': False, 'cmake_target': None, 'cmake_target_skip_unavailable': False, 'install_base': '/home/zhu/arm/install/cychuankou', 'merge_install': False, 'path': '/home/zhu/arm/src/cychuankou', 'symlink_install': False, 'test_result_base': None}
[0.209s] INFO:colcon.colcon_core.executor:Executing jobs using 'parallel' executor
[0.209s] DEBUG:colcon.colcon_parallel_executor.executor.parallel:run_until_complete
[0.210s] INFO:colcon.colcon_ros.task.ament_cmake.build:Building ROS package in '/home/zhu/arm/src/arm_lcr_description' with build type 'ament_cmake'
[0.210s] INFO:colcon.colcon_cmake.task.cmake.build:Building CMake package in '/home/zhu/arm/src/arm_lcr_description'
[0.211s] INFO:colcon.colcon_core.plugin_system:Skipping extension 'colcon_core.shell.bat': Not used on non-Windows systems
[0.211s] INFO:colcon.colcon_core.shell:Skip shell extension 'powershell' for command environment: Not usable outside of PowerShell
[0.211s] DEBUG:colcon.colcon_core.shell:Skip shell extension 'dsv' for command environment
[0.215s] INFO:colcon.colcon_ros.task.ament_cmake.build:Building ROS package in '/home/zhu/arm/src/serial' with build type 'ament_cmake'
[0.215s] INFO:colcon.colcon_cmake.task.cmake.build:Building CMake package in '/home/zhu/arm/src/serial'
[0.215s] INFO:colcon.colcon_core.shell:Skip shell extension 'powershell' for command environment: Not usable outside of PowerShell
[0.215s] DEBUG:colcon.colcon_core.shell:Skip shell extension 'dsv' for command environment
[0.219s] INFO:colcon.colcon_ros.task.ament_cmake.build:Building ROS package in '/home/zhu/arm/src/arm_controler' with build type 'ament_cmake'
[0.219s] INFO:colcon.colcon_cmake.task.cmake.build:Building CMake package in '/home/zhu/arm/src/arm_controler'
[0.219s] INFO:colcon.colcon_core.shell:Skip shell extension 'powershell' for command environment: Not usable outside of PowerShell
[0.219s] DEBUG:colcon.colcon_core.shell:Skip shell extension 'dsv' for command environment
[0.224s] INFO:colcon.colcon_ros.task.ament_cmake.build:Building ROS package in '/home/zhu/arm/src/my_keyboard_listener' with build type 'ament_cmake'
[0.224s] INFO:colcon.colcon_cmake.task.cmake.build:Building CMake package in '/home/zhu/arm/src/my_keyboard_listener'
[0.224s] INFO:colcon.colcon_core.shell:Skip shell extension 'powershell' for command environment: Not usable outside of PowerShell
[0.224s] DEBUG:colcon.colcon_core.shell:Skip shell extension 'dsv' for command environment
[0.233s] DEBUG:colcon.colcon_core.event_handler.log_command:Invoking command in '/home/zhu/arm/build/arm_lcr_description': CMAKE_PREFIX_PATH=${CMAKE_PREFIX_PATH}:/home/zhu/ws_moveit2/install/moveit_configs_utils:/home/zhu/ws_moveit2/install/launch_param_builder:/opt/ros/humble /usr/bin/cmake --build /home/zhu/arm/build/arm_lcr_description -- -j32 -l32
[0.235s] DEBUG:colcon.colcon_core.event_handler.log_command:Invoking command in '/home/zhu/arm/build/serial': CMAKE_PREFIX_PATH=${CMAKE_PREFIX_PATH}:/home/zhu/ws_moveit2/install/moveit_configs_utils:/home/zhu/ws_moveit2/install/launch_param_builder:/opt/ros/humble /usr/bin/cmake --build /home/zhu/arm/build/serial -- -j32 -l32
[0.237s] DEBUG:colcon.colcon_core.event_handler.log_command:Invoking command in '/home/zhu/arm/build/arm_controler': CMAKE_PREFIX_PATH=${CMAKE_PREFIX_PATH}:/home/zhu/ws_moveit2/install/moveit_configs_utils:/home/zhu/ws_moveit2/install/launch_param_builder:/opt/ros/humble /usr/bin/cmake --build /home/zhu/arm/build/arm_controler -- -j32 -l32
[0.241s] DEBUG:colcon.colcon_core.event_handler.log_command:Invoking command in '/home/zhu/arm/build/my_keyboard_listener': CMAKE_PREFIX_PATH=${CMAKE_PREFIX_PATH}:/home/zhu/ws_moveit2/install/moveit_configs_utils:/home/zhu/ws_moveit2/install/launch_param_builder:/opt/ros/humble /usr/bin/cmake --build /home/zhu/arm/build/my_keyboard_listener -- -j32 -l32
[0.270s] DEBUG:colcon.colcon_core.event_handler.log_command:Invoked command in '/home/zhu/arm/build/arm_lcr_description' returned '0': CMAKE_PREFIX_PATH=${CMAKE_PREFIX_PATH}:/home/zhu/ws_moveit2/install/moveit_configs_utils:/home/zhu/ws_moveit2/install/launch_param_builder:/opt/ros/humble /usr/bin/cmake --build /home/zhu/arm/build/arm_lcr_description -- -j32 -l32
[0.299s] DEBUG:colcon.colcon_core.event_handler.log_command:Invoked command in '/home/zhu/arm/build/serial' returned '0': CMAKE_PREFIX_PATH=${CMAKE_PREFIX_PATH}:/home/zhu/ws_moveit2/install/moveit_configs_utils:/home/zhu/ws_moveit2/install/launch_param_builder:/opt/ros/humble /usr/bin/cmake --build /home/zhu/arm/build/serial -- -j32 -l32
[0.311s] DEBUG:colcon.colcon_core.event_handler.log_command:Invoking command in '/home/zhu/arm/build/arm_lcr_description': CMAKE_PREFIX_PATH=${CMAKE_PREFIX_PATH}:/home/zhu/ws_moveit2/install/moveit_configs_utils:/home/zhu/ws_moveit2/install/launch_param_builder:/opt/ros/humble /usr/bin/cmake --install /home/zhu/arm/build/arm_lcr_description
[0.313s] DEBUG:colcon.colcon_core.event_handler.log_command:Invoked command in '/home/zhu/arm/build/my_keyboard_listener' returned '0': CMAKE_PREFIX_PATH=${CMAKE_PREFIX_PATH}:/home/zhu/ws_moveit2/install/moveit_configs_utils:/home/zhu/ws_moveit2/install/launch_param_builder:/opt/ros/humble /usr/bin/cmake --build /home/zhu/arm/build/my_keyboard_listener -- -j32 -l32
[0.320s] Level 1:colcon.colcon_core.environment:create_environment_scripts_only(arm_lcr_description)
[0.322s] DEBUG:colcon.colcon_core.event_handler.log_command:Invoked command in '/home/zhu/arm/build/arm_lcr_description' returned '0': CMAKE_PREFIX_PATH=${CMAKE_PREFIX_PATH}:/home/zhu/ws_moveit2/install/moveit_configs_utils:/home/zhu/ws_moveit2/install/launch_param_builder:/opt/ros/humble /usr/bin/cmake --install /home/zhu/arm/build/arm_lcr_description
[0.325s] Level 1:colcon.colcon_core.environment:checking '/home/zhu/arm/install/arm_lcr_description' for CMake module files
[0.325s] Level 1:colcon.colcon_core.environment:checking '/home/zhu/arm/install/arm_lcr_description' for CMake config files
[0.325s] Level 1:colcon.colcon_core.shell:create_environment_hook('arm_lcr_description', 'cmake_prefix_path')
[0.326s] INFO:colcon.colcon_core.shell:Creating environment hook '/home/zhu/arm/install/arm_lcr_description/share/arm_lcr_description/hook/cmake_prefix_path.ps1'
[0.327s] INFO:colcon.colcon_core.shell:Creating environment descriptor '/home/zhu/arm/install/arm_lcr_description/share/arm_lcr_description/hook/cmake_prefix_path.dsv'
[0.327s] INFO:colcon.colcon_core.shell:Creating environment hook '/home/zhu/arm/install/arm_lcr_description/share/arm_lcr_description/hook/cmake_prefix_path.sh'
[0.328s] Level 1:colcon.colcon_core.environment:checking '/home/zhu/arm/install/arm_lcr_description/bin'
[0.328s] Level 1:colcon.colcon_core.environment:checking '/home/zhu/arm/install/arm_lcr_description/lib/pkgconfig/arm_lcr_description.pc'
[0.328s] Level 1:colcon.colcon_core.environment:checking '/home/zhu/arm/install/arm_lcr_description/lib/python3.10/site-packages'
[0.329s] Level 1:colcon.colcon_core.environment:checking '/home/zhu/arm/install/arm_lcr_description/bin'
[0.329s] INFO:colcon.colcon_core.shell:Creating package script '/home/zhu/arm/install/arm_lcr_description/share/arm_lcr_description/package.ps1'
[0.330s] INFO:colcon.colcon_core.shell:Creating package descriptor '/home/zhu/arm/install/arm_lcr_description/share/arm_lcr_description/package.dsv'
[0.330s] INFO:colcon.colcon_core.shell:Creating package script '/home/zhu/arm/install/arm_lcr_description/share/arm_lcr_description/package.sh'
[0.331s] INFO:colcon.colcon_core.shell:Creating package script '/home/zhu/arm/install/arm_lcr_description/share/arm_lcr_description/package.bash'
[0.332s] INFO:colcon.colcon_core.shell:Creating package script '/home/zhu/arm/install/arm_lcr_description/share/arm_lcr_description/package.zsh'
[0.333s] Level 1:colcon.colcon_core.environment:create_file_with_runtime_dependencies(/home/zhu/arm/install/arm_lcr_description/share/colcon-core/packages/arm_lcr_description)
[0.351s] DEBUG:colcon.colcon_core.event_handler.log_command:Invoking command in '/home/zhu/arm/build/serial': CMAKE_PREFIX_PATH=${CMAKE_PREFIX_PATH}:/home/zhu/ws_moveit2/install/moveit_configs_utils:/home/zhu/ws_moveit2/install/launch_param_builder:/opt/ros/humble /usr/bin/cmake --install /home/zhu/arm/build/serial
[0.356s] DEBUG:colcon.colcon_core.event_handler.log_command:Invoking command in '/home/zhu/arm/build/my_keyboard_listener': CMAKE_PREFIX_PATH=${CMAKE_PREFIX_PATH}:/home/zhu/ws_moveit2/install/moveit_configs_utils:/home/zhu/ws_moveit2/install/launch_param_builder:/opt/ros/humble /usr/bin/cmake --install /home/zhu/arm/build/my_keyboard_listener
[0.360s] Level 1:colcon.colcon_core.environment:create_environment_scripts_only(serial)
[0.360s] Level 1:colcon.colcon_core.environment:checking '/home/zhu/arm/install/serial' for CMake module files
[0.361s] DEBUG:colcon.colcon_core.event_handler.log_command:Invoked command in '/home/zhu/arm/build/serial' returned '0': CMAKE_PREFIX_PATH=${CMAKE_PREFIX_PATH}:/home/zhu/ws_moveit2/install/moveit_configs_utils:/home/zhu/ws_moveit2/install/launch_param_builder:/opt/ros/humble /usr/bin/cmake --install /home/zhu/arm/build/serial
[0.361s] Level 1:colcon.colcon_core.environment:checking '/home/zhu/arm/install/serial' for CMake config files
[0.361s] Level 1:colcon.colcon_core.shell:create_environment_hook('serial', 'cmake_prefix_path')
[0.361s] INFO:colcon.colcon_core.shell:Creating environment hook '/home/zhu/arm/install/serial/share/serial/hook/cmake_prefix_path.ps1'
[0.362s] INFO:colcon.colcon_core.shell:Creating environment descriptor '/home/zhu/arm/install/serial/share/serial/hook/cmake_prefix_path.dsv'
[0.362s] INFO:colcon.colcon_core.shell:Creating environment hook '/home/zhu/arm/install/serial/share/serial/hook/cmake_prefix_path.sh'
[0.362s] Level 1:colcon.colcon_core.environment:checking '/home/zhu/arm/install/serial/lib'
[0.363s] Level 1:colcon.colcon_core.shell:create_environment_hook('serial', 'ld_library_path_lib')
[0.363s] INFO:colcon.colcon_core.shell:Creating environment hook '/home/zhu/arm/install/serial/share/serial/hook/ld_library_path_lib.ps1'
[0.364s] INFO:colcon.colcon_core.shell:Creating environment descriptor '/home/zhu/arm/install/serial/share/serial/hook/ld_library_path_lib.dsv'
[0.364s] INFO:colcon.colcon_core.shell:Creating environment hook '/home/zhu/arm/install/serial/share/serial/hook/ld_library_path_lib.sh'
[0.364s] Level 1:colcon.colcon_core.environment:checking '/home/zhu/arm/install/serial/bin'
[0.364s] Level 1:colcon.colcon_core.environment:checking '/home/zhu/arm/install/serial/lib/pkgconfig/serial.pc'
[0.365s] Level 1:colcon.colcon_core.environment:checking '/home/zhu/arm/install/serial/lib/python3.10/site-packages'
[0.365s] Level 1:colcon.colcon_core.environment:checking '/home/zhu/arm/install/serial/bin'
[0.365s] INFO:colcon.colcon_core.shell:Creating package script '/home/zhu/arm/install/serial/share/serial/package.ps1'
[0.365s] INFO:colcon.colcon_core.shell:Creating package descriptor '/home/zhu/arm/install/serial/share/serial/package.dsv'
[0.365s] INFO:colcon.colcon_core.shell:Creating package script '/home/zhu/arm/install/serial/share/serial/package.sh'
[0.366s] INFO:colcon.colcon_core.shell:Creating package script '/home/zhu/arm/install/serial/share/serial/package.bash'
[0.366s] INFO:colcon.colcon_core.shell:Creating package script '/home/zhu/arm/install/serial/share/serial/package.zsh'
[0.366s] Level 1:colcon.colcon_core.environment:create_file_with_runtime_dependencies(/home/zhu/arm/install/serial/share/colcon-core/packages/serial)
[0.368s] Level 1:colcon.colcon_core.environment:create_environment_scripts_only(my_keyboard_listener)
[0.368s] Level 1:colcon.colcon_core.environment:checking '/home/zhu/arm/install/my_keyboard_listener' for CMake module files
[0.368s] DEBUG:colcon.colcon_core.event_handler.log_command:Invoked command in '/home/zhu/arm/build/my_keyboard_listener' returned '0': CMAKE_PREFIX_PATH=${CMAKE_PREFIX_PATH}:/home/zhu/ws_moveit2/install/moveit_configs_utils:/home/zhu/ws_moveit2/install/launch_param_builder:/opt/ros/humble /usr/bin/cmake --install /home/zhu/arm/build/my_keyboard_listener
[0.369s] Level 1:colcon.colcon_core.environment:checking '/home/zhu/arm/install/my_keyboard_listener' for CMake config files
[0.369s] Level 1:colcon.colcon_core.shell:create_environment_hook('my_keyboard_listener', 'cmake_prefix_path')
[0.369s] INFO:colcon.colcon_core.shell:Creating environment hook '/home/zhu/arm/install/my_keyboard_listener/share/my_keyboard_listener/hook/cmake_prefix_path.ps1'
[0.369s] INFO:colcon.colcon_core.shell:Creating environment descriptor '/home/zhu/arm/install/my_keyboard_listener/share/my_keyboard_listener/hook/cmake_prefix_path.dsv'
[0.369s] INFO:colcon.colcon_core.shell:Creating environment hook '/home/zhu/arm/install/my_keyboard_listener/share/my_keyboard_listener/hook/cmake_prefix_path.sh'
[0.370s] Level 1:colcon.colcon_core.environment:checking '/home/zhu/arm/install/my_keyboard_listener/lib'
[0.370s] Level 1:colcon.colcon_core.environment:checking '/home/zhu/arm/install/my_keyboard_listener/bin'
[0.370s] Level 1:colcon.colcon_core.environment:checking '/home/zhu/arm/install/my_keyboard_listener/lib/pkgconfig/my_keyboard_listener.pc'
[0.370s] Level 1:colcon.colcon_core.environment:checking '/home/zhu/arm/install/my_keyboard_listener/lib/python3.10/site-packages'
[0.370s] Level 1:colcon.colcon_core.environment:checking '/home/zhu/arm/install/my_keyboard_listener/bin'
[0.370s] INFO:colcon.colcon_core.shell:Creating package script '/home/zhu/arm/install/my_keyboard_listener/share/my_keyboard_listener/package.ps1'
[0.371s] INFO:colcon.colcon_core.shell:Creating package descriptor '/home/zhu/arm/install/my_keyboard_listener/share/my_keyboard_listener/package.dsv'
[0.371s] INFO:colcon.colcon_core.shell:Creating package script '/home/zhu/arm/install/my_keyboard_listener/share/my_keyboard_listener/package.sh'
[0.371s] INFO:colcon.colcon_core.shell:Creating package script '/home/zhu/arm/install/my_keyboard_listener/share/my_keyboard_listener/package.bash'
[0.371s] INFO:colcon.colcon_core.shell:Creating package script '/home/zhu/arm/install/my_keyboard_listener/share/my_keyboard_listener/package.zsh'
[0.371s] Level 1:colcon.colcon_core.environment:create_file_with_runtime_dependencies(/home/zhu/arm/install/my_keyboard_listener/share/colcon-core/packages/my_keyboard_listener)
[0.372s] Level 1:colcon.colcon_core.environment:create_environment_scripts_only(arm_lcr_description)
[0.372s] Level 1:colcon.colcon_core.environment:checking '/home/zhu/arm/install/arm_lcr_description' for CMake module files
[0.373s] Level 1:colcon.colcon_core.environment:checking '/home/zhu/arm/install/arm_lcr_description' for CMake config files
[0.373s] Level 1:colcon.colcon_core.shell:create_environment_hook('arm_lcr_description', 'cmake_prefix_path')
[0.373s] INFO:colcon.colcon_core.shell:Creating environment hook '/home/zhu/arm/install/arm_lcr_description/share/arm_lcr_description/hook/cmake_prefix_path.ps1'
[0.373s] INFO:colcon.colcon_core.shell:Creating environment descriptor '/home/zhu/arm/install/arm_lcr_description/share/arm_lcr_description/hook/cmake_prefix_path.dsv'
[0.373s] INFO:colcon.colcon_core.shell:Creating environment hook '/home/zhu/arm/install/arm_lcr_description/share/arm_lcr_description/hook/cmake_prefix_path.sh'
[0.374s] Level 1:colcon.colcon_core.environment:checking '/home/zhu/arm/install/arm_lcr_description/bin'
[0.374s] Level 1:colcon.colcon_core.environment:checking '/home/zhu/arm/install/arm_lcr_description/lib/pkgconfig/arm_lcr_description.pc'
[0.374s] Level 1:colcon.colcon_core.environment:checking '/home/zhu/arm/install/arm_lcr_description/lib/python3.10/site-packages'
[0.374s] Level 1:colcon.colcon_core.environment:checking '/home/zhu/arm/install/arm_lcr_description/bin'
[0.374s] INFO:colcon.colcon_core.shell:Creating package script '/home/zhu/arm/install/arm_lcr_description/share/arm_lcr_description/package.ps1'
[0.375s] INFO:colcon.colcon_core.shell:Creating package descriptor '/home/zhu/arm/install/arm_lcr_description/share/arm_lcr_description/package.dsv'
[0.375s] INFO:colcon.colcon_core.shell:Creating package script '/home/zhu/arm/install/arm_lcr_description/share/arm_lcr_description/package.sh'
[0.375s] INFO:colcon.colcon_core.shell:Creating package script '/home/zhu/arm/install/arm_lcr_description/share/arm_lcr_description/package.bash'
[0.375s] INFO:colcon.colcon_core.shell:Creating package script '/home/zhu/arm/install/arm_lcr_description/share/arm_lcr_description/package.zsh'
[0.375s] Level 1:colcon.colcon_core.environment:create_file_with_runtime_dependencies(/home/zhu/arm/install/arm_lcr_description/share/colcon-core/packages/arm_lcr_description)
[0.376s] INFO:colcon.colcon_ros.task.ament_cmake.build:Building ROS package in '/home/zhu/arm/src/arm_llc_moveit_config' with build type 'ament_cmake'
[0.376s] INFO:colcon.colcon_cmake.task.cmake.build:Building CMake package in '/home/zhu/arm/src/arm_llc_moveit_config'
[0.376s] INFO:colcon.colcon_core.shell:Skip shell extension 'powershell' for command environment: Not usable outside of PowerShell
[0.376s] DEBUG:colcon.colcon_core.shell:Skip shell extension 'dsv' for command environment
[0.393s] DEBUG:colcon.colcon_core.event_handler.log_command:Invoking command in '/home/zhu/arm/build/arm_llc_moveit_config': CMAKE_PREFIX_PATH=/home/zhu/arm/install/arm_lcr_description:/home/zhu/arm/install/serial:/home/zhu/arm/install/my_keyboard_listener:/home/zhu/arm/install/cychuankou:/home/zhu/arm/install/arm_llc_moveit_config:/home/zhu/arm/install/arm_controler:/home/zhu/ws_moveit2/install/pilz_industrial_motion_planner_testutils:/home/zhu/ws_moveit2/install/moveit_runtime:/home/zhu/ws_moveit2/install/moveit2_tutorials:/home/zhu/ws_moveit2/install/moveit:/home/zhu/ws_moveit2/install/moveit_planners:/home/zhu/ws_moveit2/install/pilz_industrial_motion_planner:/home/zhu/ws_moveit2/install/moveit_visual_tools:/home/zhu/ws_moveit2/install/moveit_task_constructor_visualization:/home/zhu/ws_moveit2/install/moveit_task_constructor_demo:/home/zhu/ws_moveit2/install/moveit_task_constructor_capabilities:/home/zhu/ws_moveit2/install/moveit_task_constructor_core:/home/zhu/ws_moveit2/install/moveit_ros_control_interface:/home/zhu/ws_moveit2/install/moveit_plugins:/home/zhu/ws_moveit2/install/moveit_simple_controller_manager:/home/zhu/ws_moveit2/install/moveit_setup_assistant:/home/zhu/ws_moveit2/install/moveit_setup_srdf_plugins:/home/zhu/ws_moveit2/install/moveit_setup_core_plugins:/home/zhu/ws_moveit2/install/moveit_setup_controllers:/home/zhu/ws_moveit2/install/moveit_setup_app_plugins:/home/zhu/ws_moveit2/install/moveit_setup_framework:/home/zhu/ws_moveit2/install/moveit_servo:/home/zhu/ws_moveit2/install/moveit_ros:/home/zhu/ws_moveit2/install/moveit_ros_visualization:/home/zhu/ws_moveit2/install/moveit_hybrid_planning:/home/zhu/ws_moveit2/install/moveit_ros_planning_interface:/home/zhu/ws_moveit2/install/moveit_ros_benchmarks:/home/zhu/ws_moveit2/install/moveit_ros_warehouse:/home/zhu/ws_moveit2/install/moveit_ros_robot_interaction:/home/zhu/ws_moveit2/install/moveit_ros_perception:/home/zhu/ws_moveit2/install/moveit_resources_prbt_pg70_support:/home/zhu/ws_moveit2/install/moveit_resources_prbt_moveit_config:/home/zhu/ws_moveit2/install/moveit_ros_move_group:/home/zhu/ws_moveit2/install/moveit_planners_ompl:/home/zhu/ws_moveit2/install/moveit_ros_planning:/home/zhu/ws_moveit2/install/moveit_ros_occupancy_map_monitor:/home/zhu/ws_moveit2/install/moveit_resources_prbt_ikfast_manipulator_plugin:/home/zhu/ws_moveit2/install/moveit_planners_chomp:/home/zhu/ws_moveit2/install/moveit_kinematics:/home/zhu/ws_moveit2/install/moveit_chomp_optimizer_adapter:/home/zhu/ws_moveit2/install/chomp_motion_planner:/home/zhu/ws_moveit2/install/moveit_core:/home/zhu/ws_moveit2/install/srdfdom:/home/zhu/ws_moveit2/install/rviz_marker_tools:/home/zhu/ws_moveit2/install/rosparam_shortcuts:/home/zhu/ws_moveit2/install/moveit_task_constructor_msgs:/home/zhu/ws_moveit2/install/moveit_resources_prbt_support:/home/zhu/ws_moveit2/install/moveit_resources:/home/zhu/ws_moveit2/install/moveit_resources_pr2_description:/home/zhu/ws_moveit2/install/moveit_resources_panda_moveit_config:/home/zhu/ws_moveit2/install/moveit_resources_panda_description:/home/zhu/ws_moveit2/install/moveit_resources_fanuc_moveit_config:/home/zhu/ws_moveit2/install/moveit_resources_fanuc_description:/home/zhu/ws_moveit2/install/moveit_common:/home/zhu/ws_moveit2/install/moveit_configs_utils:/home/zhu/ws_moveit2/install/launch_param_builder:/opt/ros/humble /usr/bin/cmake --build /home/zhu/arm/build/arm_llc_moveit_config -- -j32 -l32
[0.409s] Level 1:colcon.colcon_core.environment:create_environment_scripts_only(my_keyboard_listener)
[0.409s] Level 1:colcon.colcon_core.environment:checking '/home/zhu/arm/install/my_keyboard_listener' for CMake module files
[0.409s] Level 1:colcon.colcon_core.environment:checking '/home/zhu/arm/install/my_keyboard_listener' for CMake config files
[0.410s] Level 1:colcon.colcon_core.shell:create_environment_hook('my_keyboard_listener', 'cmake_prefix_path')
[0.410s] INFO:colcon.colcon_core.shell:Creating environment hook '/home/zhu/arm/install/my_keyboard_listener/share/my_keyboard_listener/hook/cmake_prefix_path.ps1'
[0.411s] INFO:colcon.colcon_core.shell:Creating environment descriptor '/home/zhu/arm/install/my_keyboard_listener/share/my_keyboard_listener/hook/cmake_prefix_path.dsv'
[0.411s] INFO:colcon.colcon_core.shell:Creating environment hook '/home/zhu/arm/install/my_keyboard_listener/share/my_keyboard_listener/hook/cmake_prefix_path.sh'
[0.412s] Level 1:colcon.colcon_core.environment:checking '/home/zhu/arm/install/my_keyboard_listener/lib'
[0.412s] Level 1:colcon.colcon_core.environment:checking '/home/zhu/arm/install/my_keyboard_listener/bin'
[0.412s] Level 1:colcon.colcon_core.environment:checking '/home/zhu/arm/install/my_keyboard_listener/lib/pkgconfig/my_keyboard_listener.pc'
[0.412s] Level 1:colcon.colcon_core.environment:checking '/home/zhu/arm/install/my_keyboard_listener/lib/python3.10/site-packages'
[0.412s] Level 1:colcon.colcon_core.environment:checking '/home/zhu/arm/install/my_keyboard_listener/bin'
[0.413s] INFO:colcon.colcon_core.shell:Creating package script '/home/zhu/arm/install/my_keyboard_listener/share/my_keyboard_listener/package.ps1'
[0.413s] INFO:colcon.colcon_core.shell:Creating package descriptor '/home/zhu/arm/install/my_keyboard_listener/share/my_keyboard_listener/package.dsv'
[0.413s] INFO:colcon.colcon_core.shell:Creating package script '/home/zhu/arm/install/my_keyboard_listener/share/my_keyboard_listener/package.sh'
[0.414s] INFO:colcon.colcon_core.shell:Creating package script '/home/zhu/arm/install/my_keyboard_listener/share/my_keyboard_listener/package.bash'
[0.414s] INFO:colcon.colcon_core.shell:Creating package script '/home/zhu/arm/install/my_keyboard_listener/share/my_keyboard_listener/package.zsh'
[0.414s] Level 1:colcon.colcon_core.environment:create_file_with_runtime_dependencies(/home/zhu/arm/install/my_keyboard_listener/share/colcon-core/packages/my_keyboard_listener)
[0.415s] Level 1:colcon.colcon_core.environment:create_environment_scripts_only(serial)
[0.415s] Level 1:colcon.colcon_core.environment:checking '/home/zhu/arm/install/serial' for CMake module files
[0.416s] Level 1:colcon.colcon_core.environment:checking '/home/zhu/arm/install/serial' for CMake config files
[0.416s] Level 1:colcon.colcon_core.shell:create_environment_hook('serial', 'cmake_prefix_path')
[0.416s] INFO:colcon.colcon_core.shell:Creating environment hook '/home/zhu/arm/install/serial/share/serial/hook/cmake_prefix_path.ps1'
[0.416s] INFO:colcon.colcon_core.shell:Creating environment descriptor '/home/zhu/arm/install/serial/share/serial/hook/cmake_prefix_path.dsv'
[0.416s] INFO:colcon.colcon_core.shell:Creating environment hook '/home/zhu/arm/install/serial/share/serial/hook/cmake_prefix_path.sh'
[0.417s] Level 1:colcon.colcon_core.environment:checking '/home/zhu/arm/install/serial/lib'
[0.417s] Level 1:colcon.colcon_core.shell:create_environment_hook('serial', 'ld_library_path_lib')
[0.417s] INFO:colcon.colcon_core.shell:Creating environment hook '/home/zhu/arm/install/serial/share/serial/hook/ld_library_path_lib.ps1'
[0.417s] INFO:colcon.colcon_core.shell:Creating environment descriptor '/home/zhu/arm/install/serial/share/serial/hook/ld_library_path_lib.dsv'
[0.417s] INFO:colcon.colcon_core.shell:Creating environment hook '/home/zhu/arm/install/serial/share/serial/hook/ld_library_path_lib.sh'
[0.418s] Level 1:colcon.colcon_core.environment:checking '/home/zhu/arm/install/serial/bin'
[0.418s] Level 1:colcon.colcon_core.environment:checking '/home/zhu/arm/install/serial/lib/pkgconfig/serial.pc'
[0.418s] Level 1:colcon.colcon_core.environment:checking '/home/zhu/arm/install/serial/lib/python3.10/site-packages'
[0.418s] Level 1:colcon.colcon_core.environment:checking '/home/zhu/arm/install/serial/bin'
[0.418s] INFO:colcon.colcon_core.shell:Creating package script '/home/zhu/arm/install/serial/share/serial/package.ps1'
[0.419s] INFO:colcon.colcon_core.shell:Creating package descriptor '/home/zhu/arm/install/serial/share/serial/package.dsv'
[0.419s] INFO:colcon.colcon_core.shell:Creating package script '/home/zhu/arm/install/serial/share/serial/package.sh'
[0.419s] INFO:colcon.colcon_core.shell:Creating package script '/home/zhu/arm/install/serial/share/serial/package.bash'
[0.419s] INFO:colcon.colcon_core.shell:Creating package script '/home/zhu/arm/install/serial/share/serial/package.zsh'
[0.420s] Level 1:colcon.colcon_core.environment:create_file_with_runtime_dependencies(/home/zhu/arm/install/serial/share/colcon-core/packages/serial)
[0.420s] INFO:colcon.colcon_ros.task.ament_cmake.build:Building ROS package in '/home/zhu/arm/src/cychuankou' with build type 'ament_cmake'
[0.420s] INFO:colcon.colcon_cmake.task.cmake.build:Building CMake package in '/home/zhu/arm/src/cychuankou'
[0.420s] INFO:colcon.colcon_core.shell:Skip shell extension 'powershell' for command environment: Not usable outside of PowerShell
[0.420s] DEBUG:colcon.colcon_core.shell:Skip shell extension 'dsv' for command environment
[0.435s] DEBUG:colcon.colcon_core.event_handler.log_command:Invoking command in '/home/zhu/arm/build/cychuankou': CMAKE_PREFIX_PATH=${CMAKE_PREFIX_PATH}:/home/zhu/ws_moveit2/install/moveit_configs_utils:/home/zhu/ws_moveit2/install/launch_param_builder:/opt/ros/humble /usr/bin/cmake --build /home/zhu/arm/build/cychuankou -- -j32 -l32
[0.437s] DEBUG:colcon.colcon_core.event_handler.log_command:Invoked command in '/home/zhu/arm/build/arm_llc_moveit_config' returned '0': CMAKE_PREFIX_PATH=/home/zhu/arm/install/arm_lcr_description:/home/zhu/arm/install/serial:/home/zhu/arm/install/my_keyboard_listener:/home/zhu/arm/install/cychuankou:/home/zhu/arm/install/arm_llc_moveit_config:/home/zhu/arm/install/arm_controler:/home/zhu/ws_moveit2/install/pilz_industrial_motion_planner_testutils:/home/zhu/ws_moveit2/install/moveit_runtime:/home/zhu/ws_moveit2/install/moveit2_tutorials:/home/zhu/ws_moveit2/install/moveit:/home/zhu/ws_moveit2/install/moveit_planners:/home/zhu/ws_moveit2/install/pilz_industrial_motion_planner:/home/zhu/ws_moveit2/install/moveit_visual_tools:/home/zhu/ws_moveit2/install/moveit_task_constructor_visualization:/home/zhu/ws_moveit2/install/moveit_task_constructor_demo:/home/zhu/ws_moveit2/install/moveit_task_constructor_capabilities:/home/zhu/ws_moveit2/install/moveit_task_constructor_core:/home/zhu/ws_moveit2/install/moveit_ros_control_interface:/home/zhu/ws_moveit2/install/moveit_plugins:/home/zhu/ws_moveit2/install/moveit_simple_controller_manager:/home/zhu/ws_moveit2/install/moveit_setup_assistant:/home/zhu/ws_moveit2/install/moveit_setup_srdf_plugins:/home/zhu/ws_moveit2/install/moveit_setup_core_plugins:/home/zhu/ws_moveit2/install/moveit_setup_controllers:/home/zhu/ws_moveit2/install/moveit_setup_app_plugins:/home/zhu/ws_moveit2/install/moveit_setup_framework:/home/zhu/ws_moveit2/install/moveit_servo:/home/zhu/ws_moveit2/install/moveit_ros:/home/zhu/ws_moveit2/install/moveit_ros_visualization:/home/zhu/ws_moveit2/install/moveit_hybrid_planning:/home/zhu/ws_moveit2/install/moveit_ros_planning_interface:/home/zhu/ws_moveit2/install/moveit_ros_benchmarks:/home/zhu/ws_moveit2/install/moveit_ros_warehouse:/home/zhu/ws_moveit2/install/moveit_ros_robot_interaction:/home/zhu/ws_moveit2/install/moveit_ros_perception:/home/zhu/ws_moveit2/install/moveit_resources_prbt_pg70_support:/home/zhu/ws_moveit2/install/moveit_resources_prbt_moveit_config:/home/zhu/ws_moveit2/install/moveit_ros_move_group:/home/zhu/ws_moveit2/install/moveit_planners_ompl:/home/zhu/ws_moveit2/install/moveit_ros_planning:/home/zhu/ws_moveit2/install/moveit_ros_occupancy_map_monitor:/home/zhu/ws_moveit2/install/moveit_resources_prbt_ikfast_manipulator_plugin:/home/zhu/ws_moveit2/install/moveit_planners_chomp:/home/zhu/ws_moveit2/install/moveit_kinematics:/home/zhu/ws_moveit2/install/moveit_chomp_optimizer_adapter:/home/zhu/ws_moveit2/install/chomp_motion_planner:/home/zhu/ws_moveit2/install/moveit_core:/home/zhu/ws_moveit2/install/srdfdom:/home/zhu/ws_moveit2/install/rviz_marker_tools:/home/zhu/ws_moveit2/install/rosparam_shortcuts:/home/zhu/ws_moveit2/install/moveit_task_constructor_msgs:/home/zhu/ws_moveit2/install/moveit_resources_prbt_support:/home/zhu/ws_moveit2/install/moveit_resources:/home/zhu/ws_moveit2/install/moveit_resources_pr2_description:/home/zhu/ws_moveit2/install/moveit_resources_panda_moveit_config:/home/zhu/ws_moveit2/install/moveit_resources_panda_description:/home/zhu/ws_moveit2/install/moveit_resources_fanuc_moveit_config:/home/zhu/ws_moveit2/install/moveit_resources_fanuc_description:/home/zhu/ws_moveit2/install/moveit_common:/home/zhu/ws_moveit2/install/moveit_configs_utils:/home/zhu/ws_moveit2/install/launch_param_builder:/opt/ros/humble /usr/bin/cmake --build /home/zhu/arm/build/arm_llc_moveit_config -- -j32 -l32
[0.469s] DEBUG:colcon.colcon_core.event_handler.log_command:Invoking command in '/home/zhu/arm/build/arm_llc_moveit_config': CMAKE_PREFIX_PATH=/home/zhu/arm/install/arm_lcr_description:/home/zhu/arm/install/serial:/home/zhu/arm/install/my_keyboard_listener:/home/zhu/arm/install/cychuankou:/home/zhu/arm/install/arm_llc_moveit_config:/home/zhu/arm/install/arm_controler:/home/zhu/ws_moveit2/install/pilz_industrial_motion_planner_testutils:/home/zhu/ws_moveit2/install/moveit_runtime:/home/zhu/ws_moveit2/install/moveit2_tutorials:/home/zhu/ws_moveit2/install/moveit:/home/zhu/ws_moveit2/install/moveit_planners:/home/zhu/ws_moveit2/install/pilz_industrial_motion_planner:/home/zhu/ws_moveit2/install/moveit_visual_tools:/home/zhu/ws_moveit2/install/moveit_task_constructor_visualization:/home/zhu/ws_moveit2/install/moveit_task_constructor_demo:/home/zhu/ws_moveit2/install/moveit_task_constructor_capabilities:/home/zhu/ws_moveit2/install/moveit_task_constructor_core:/home/zhu/ws_moveit2/install/moveit_ros_control_interface:/home/zhu/ws_moveit2/install/moveit_plugins:/home/zhu/ws_moveit2/install/moveit_simple_controller_manager:/home/zhu/ws_moveit2/install/moveit_setup_assistant:/home/zhu/ws_moveit2/install/moveit_setup_srdf_plugins:/home/zhu/ws_moveit2/install/moveit_setup_core_plugins:/home/zhu/ws_moveit2/install/moveit_setup_controllers:/home/zhu/ws_moveit2/install/moveit_setup_app_plugins:/home/zhu/ws_moveit2/install/moveit_setup_framework:/home/zhu/ws_moveit2/install/moveit_servo:/home/zhu/ws_moveit2/install/moveit_ros:/home/zhu/ws_moveit2/install/moveit_ros_visualization:/home/zhu/ws_moveit2/install/moveit_hybrid_planning:/home/zhu/ws_moveit2/install/moveit_ros_planning_interface:/home/zhu/ws_moveit2/install/moveit_ros_benchmarks:/home/zhu/ws_moveit2/install/moveit_ros_warehouse:/home/zhu/ws_moveit2/install/moveit_ros_robot_interaction:/home/zhu/ws_moveit2/install/moveit_ros_perception:/home/zhu/ws_moveit2/install/moveit_resources_prbt_pg70_support:/home/zhu/ws_moveit2/install/moveit_resources_prbt_moveit_config:/home/zhu/ws_moveit2/install/moveit_ros_move_group:/home/zhu/ws_moveit2/install/moveit_planners_ompl:/home/zhu/ws_moveit2/install/moveit_ros_planning:/home/zhu/ws_moveit2/install/moveit_ros_occupancy_map_monitor:/home/zhu/ws_moveit2/install/moveit_resources_prbt_ikfast_manipulator_plugin:/home/zhu/ws_moveit2/install/moveit_planners_chomp:/home/zhu/ws_moveit2/install/moveit_kinematics:/home/zhu/ws_moveit2/install/moveit_chomp_optimizer_adapter:/home/zhu/ws_moveit2/install/chomp_motion_planner:/home/zhu/ws_moveit2/install/moveit_core:/home/zhu/ws_moveit2/install/srdfdom:/home/zhu/ws_moveit2/install/rviz_marker_tools:/home/zhu/ws_moveit2/install/rosparam_shortcuts:/home/zhu/ws_moveit2/install/moveit_task_constructor_msgs:/home/zhu/ws_moveit2/install/moveit_resources_prbt_support:/home/zhu/ws_moveit2/install/moveit_resources:/home/zhu/ws_moveit2/install/moveit_resources_pr2_description:/home/zhu/ws_moveit2/install/moveit_resources_panda_moveit_config:/home/zhu/ws_moveit2/install/moveit_resources_panda_description:/home/zhu/ws_moveit2/install/moveit_resources_fanuc_moveit_config:/home/zhu/ws_moveit2/install/moveit_resources_fanuc_description:/home/zhu/ws_moveit2/install/moveit_common:/home/zhu/ws_moveit2/install/moveit_configs_utils:/home/zhu/ws_moveit2/install/launch_param_builder:/opt/ros/humble /usr/bin/cmake --install /home/zhu/arm/build/arm_llc_moveit_config
[0.479s] Level 1:colcon.colcon_core.environment:create_environment_scripts_only(arm_llc_moveit_config)
[0.479s] DEBUG:colcon.colcon_core.event_handler.log_command:Invoked command in '/home/zhu/arm/build/arm_llc_moveit_config' returned '0': CMAKE_PREFIX_PATH=/home/zhu/arm/install/arm_lcr_description:/home/zhu/arm/install/serial:/home/zhu/arm/install/my_keyboard_listener:/home/zhu/arm/install/cychuankou:/home/zhu/arm/install/arm_llc_moveit_config:/home/zhu/arm/install/arm_controler:/home/zhu/ws_moveit2/install/pilz_industrial_motion_planner_testutils:/home/zhu/ws_moveit2/install/moveit_runtime:/home/zhu/ws_moveit2/install/moveit2_tutorials:/home/zhu/ws_moveit2/install/moveit:/home/zhu/ws_moveit2/install/moveit_planners:/home/zhu/ws_moveit2/install/pilz_industrial_motion_planner:/home/zhu/ws_moveit2/install/moveit_visual_tools:/home/zhu/ws_moveit2/install/moveit_task_constructor_visualization:/home/zhu/ws_moveit2/install/moveit_task_constructor_demo:/home/zhu/ws_moveit2/install/moveit_task_constructor_capabilities:/home/zhu/ws_moveit2/install/moveit_task_constructor_core:/home/zhu/ws_moveit2/install/moveit_ros_control_interface:/home/zhu/ws_moveit2/install/moveit_plugins:/home/zhu/ws_moveit2/install/moveit_simple_controller_manager:/home/zhu/ws_moveit2/install/moveit_setup_assistant:/home/zhu/ws_moveit2/install/moveit_setup_srdf_plugins:/home/zhu/ws_moveit2/install/moveit_setup_core_plugins:/home/zhu/ws_moveit2/install/moveit_setup_controllers:/home/zhu/ws_moveit2/install/moveit_setup_app_plugins:/home/zhu/ws_moveit2/install/moveit_setup_framework:/home/zhu/ws_moveit2/install/moveit_servo:/home/zhu/ws_moveit2/install/moveit_ros:/home/zhu/ws_moveit2/install/moveit_ros_visualization:/home/zhu/ws_moveit2/install/moveit_hybrid_planning:/home/zhu/ws_moveit2/install/moveit_ros_planning_interface:/home/zhu/ws_moveit2/install/moveit_ros_benchmarks:/home/zhu/ws_moveit2/install/moveit_ros_warehouse:/home/zhu/ws_moveit2/install/moveit_ros_robot_interaction:/home/zhu/ws_moveit2/install/moveit_ros_perception:/home/zhu/ws_moveit2/install/moveit_resources_prbt_pg70_support:/home/zhu/ws_moveit2/install/moveit_resources_prbt_moveit_config:/home/zhu/ws_moveit2/install/moveit_ros_move_group:/home/zhu/ws_moveit2/install/moveit_planners_ompl:/home/zhu/ws_moveit2/install/moveit_ros_planning:/home/zhu/ws_moveit2/install/moveit_ros_occupancy_map_monitor:/home/zhu/ws_moveit2/install/moveit_resources_prbt_ikfast_manipulator_plugin:/home/zhu/ws_moveit2/install/moveit_planners_chomp:/home/zhu/ws_moveit2/install/moveit_kinematics:/home/zhu/ws_moveit2/install/moveit_chomp_optimizer_adapter:/home/zhu/ws_moveit2/install/chomp_motion_planner:/home/zhu/ws_moveit2/install/moveit_core:/home/zhu/ws_moveit2/install/srdfdom:/home/zhu/ws_moveit2/install/rviz_marker_tools:/home/zhu/ws_moveit2/install/rosparam_shortcuts:/home/zhu/ws_moveit2/install/moveit_task_constructor_msgs:/home/zhu/ws_moveit2/install/moveit_resources_prbt_support:/home/zhu/ws_moveit2/install/moveit_resources:/home/zhu/ws_moveit2/install/moveit_resources_pr2_description:/home/zhu/ws_moveit2/install/moveit_resources_panda_moveit_config:/home/zhu/ws_moveit2/install/moveit_resources_panda_description:/home/zhu/ws_moveit2/install/moveit_resources_fanuc_moveit_config:/home/zhu/ws_moveit2/install/moveit_resources_fanuc_description:/home/zhu/ws_moveit2/install/moveit_common:/home/zhu/ws_moveit2/install/moveit_configs_utils:/home/zhu/ws_moveit2/install/launch_param_builder:/opt/ros/humble /usr/bin/cmake --install /home/zhu/arm/build/arm_llc_moveit_config
[0.479s] Level 1:colcon.colcon_core.environment:checking '/home/zhu/arm/install/arm_llc_moveit_config' for CMake module files
[0.480s] Level 1:colcon.colcon_core.environment:checking '/home/zhu/arm/install/arm_llc_moveit_config' for CMake config files
[0.480s] Level 1:colcon.colcon_core.shell:create_environment_hook('arm_llc_moveit_config', 'cmake_prefix_path')
[0.480s] INFO:colcon.colcon_core.shell:Creating environment hook '/home/zhu/arm/install/arm_llc_moveit_config/share/arm_llc_moveit_config/hook/cmake_prefix_path.ps1'
[0.480s] INFO:colcon.colcon_core.shell:Creating environment descriptor '/home/zhu/arm/install/arm_llc_moveit_config/share/arm_llc_moveit_config/hook/cmake_prefix_path.dsv'
[0.480s] INFO:colcon.colcon_core.shell:Creating environment hook '/home/zhu/arm/install/arm_llc_moveit_config/share/arm_llc_moveit_config/hook/cmake_prefix_path.sh'
[0.481s] Level 1:colcon.colcon_core.environment:checking '/home/zhu/arm/install/arm_llc_moveit_config/bin'
[0.481s] Level 1:colcon.colcon_core.environment:checking '/home/zhu/arm/install/arm_llc_moveit_config/lib/pkgconfig/arm_llc_moveit_config.pc'
[0.481s] Level 1:colcon.colcon_core.environment:checking '/home/zhu/arm/install/arm_llc_moveit_config/lib/python3.10/site-packages'
[0.481s] Level 1:colcon.colcon_core.environment:checking '/home/zhu/arm/install/arm_llc_moveit_config/bin'
[0.481s] INFO:colcon.colcon_core.shell:Creating package script '/home/zhu/arm/install/arm_llc_moveit_config/share/arm_llc_moveit_config/package.ps1'
[0.482s] INFO:colcon.colcon_core.shell:Creating package descriptor '/home/zhu/arm/install/arm_llc_moveit_config/share/arm_llc_moveit_config/package.dsv'
[0.482s] INFO:colcon.colcon_core.shell:Creating package script '/home/zhu/arm/install/arm_llc_moveit_config/share/arm_llc_moveit_config/package.sh'
[0.482s] INFO:colcon.colcon_core.shell:Creating package script '/home/zhu/arm/install/arm_llc_moveit_config/share/arm_llc_moveit_config/package.bash'
[0.482s] INFO:colcon.colcon_core.shell:Creating package script '/home/zhu/arm/install/arm_llc_moveit_config/share/arm_llc_moveit_config/package.zsh'
[0.482s] Level 1:colcon.colcon_core.environment:create_file_with_runtime_dependencies(/home/zhu/arm/install/arm_llc_moveit_config/share/colcon-core/packages/arm_llc_moveit_config)
[0.504s] DEBUG:colcon.colcon_core.event_handler.log_command:Invoked command in '/home/zhu/arm/build/cychuankou' returned '0': CMAKE_PREFIX_PATH=${CMAKE_PREFIX_PATH}:/home/zhu/ws_moveit2/install/moveit_configs_utils:/home/zhu/ws_moveit2/install/launch_param_builder:/opt/ros/humble /usr/bin/cmake --build /home/zhu/arm/build/cychuankou -- -j32 -l32
[0.517s] Level 1:colcon.colcon_core.environment:create_environment_scripts_only(arm_llc_moveit_config)
[0.517s] Level 1:colcon.colcon_core.environment:checking '/home/zhu/arm/install/arm_llc_moveit_config' for CMake module files
[0.518s] Level 1:colcon.colcon_core.environment:checking '/home/zhu/arm/install/arm_llc_moveit_config' for CMake config files
[0.518s] Level 1:colcon.colcon_core.shell:create_environment_hook('arm_llc_moveit_config', 'cmake_prefix_path')
[0.518s] INFO:colcon.colcon_core.shell:Creating environment hook '/home/zhu/arm/install/arm_llc_moveit_config/share/arm_llc_moveit_config/hook/cmake_prefix_path.ps1'
[0.518s] INFO:colcon.colcon_core.shell:Creating environment descriptor '/home/zhu/arm/install/arm_llc_moveit_config/share/arm_llc_moveit_config/hook/cmake_prefix_path.dsv'
[0.518s] INFO:colcon.colcon_core.shell:Creating environment hook '/home/zhu/arm/install/arm_llc_moveit_config/share/arm_llc_moveit_config/hook/cmake_prefix_path.sh'
[0.519s] Level 1:colcon.colcon_core.environment:checking '/home/zhu/arm/install/arm_llc_moveit_config/bin'
[0.519s] Level 1:colcon.colcon_core.environment:checking '/home/zhu/arm/install/arm_llc_moveit_config/lib/pkgconfig/arm_llc_moveit_config.pc'
[0.519s] Level 1:colcon.colcon_core.environment:checking '/home/zhu/arm/install/arm_llc_moveit_config/lib/python3.10/site-packages'
[0.519s] Level 1:colcon.colcon_core.environment:checking '/home/zhu/arm/install/arm_llc_moveit_config/bin'
[0.519s] INFO:colcon.colcon_core.shell:Creating package script '/home/zhu/arm/install/arm_llc_moveit_config/share/arm_llc_moveit_config/package.ps1'
[0.520s] INFO:colcon.colcon_core.shell:Creating package descriptor '/home/zhu/arm/install/arm_llc_moveit_config/share/arm_llc_moveit_config/package.dsv'
[0.520s] INFO:colcon.colcon_core.shell:Creating package script '/home/zhu/arm/install/arm_llc_moveit_config/share/arm_llc_moveit_config/package.sh'
[0.520s] INFO:colcon.colcon_core.shell:Creating package script '/home/zhu/arm/install/arm_llc_moveit_config/share/arm_llc_moveit_config/package.bash'
[0.521s] INFO:colcon.colcon_core.shell:Creating package script '/home/zhu/arm/install/arm_llc_moveit_config/share/arm_llc_moveit_config/package.zsh'
[0.521s] Level 1:colcon.colcon_core.environment:create_file_with_runtime_dependencies(/home/zhu/arm/install/arm_llc_moveit_config/share/colcon-core/packages/arm_llc_moveit_config)
[0.544s] DEBUG:colcon.colcon_core.event_handler.log_command:Invoking command in '/home/zhu/arm/build/cychuankou': CMAKE_PREFIX_PATH=${CMAKE_PREFIX_PATH}:/home/zhu/ws_moveit2/install/moveit_configs_utils:/home/zhu/ws_moveit2/install/launch_param_builder:/opt/ros/humble /usr/bin/cmake --install /home/zhu/arm/build/cychuankou
[0.553s] Level 1:colcon.colcon_core.environment:create_environment_scripts_only(cychuankou)
[0.554s] Level 1:colcon.colcon_core.environment:checking '/home/zhu/arm/install/cychuankou' for CMake module files
[0.554s] DEBUG:colcon.colcon_core.event_handler.log_command:Invoked command in '/home/zhu/arm/build/cychuankou' returned '0': CMAKE_PREFIX_PATH=${CMAKE_PREFIX_PATH}:/home/zhu/ws_moveit2/install/moveit_configs_utils:/home/zhu/ws_moveit2/install/launch_param_builder:/opt/ros/humble /usr/bin/cmake --install /home/zhu/arm/build/cychuankou
[0.554s] Level 1:colcon.colcon_core.environment:checking '/home/zhu/arm/install/cychuankou' for CMake config files
[0.554s] Level 1:colcon.colcon_core.shell:create_environment_hook('cychuankou', 'cmake_prefix_path')
[0.554s] INFO:colcon.colcon_core.shell:Creating environment hook '/home/zhu/arm/install/cychuankou/share/cychuankou/hook/cmake_prefix_path.ps1'
[0.555s] INFO:colcon.colcon_core.shell:Creating environment descriptor '/home/zhu/arm/install/cychuankou/share/cychuankou/hook/cmake_prefix_path.dsv'
[0.555s] INFO:colcon.colcon_core.shell:Creating environment hook '/home/zhu/arm/install/cychuankou/share/cychuankou/hook/cmake_prefix_path.sh'
[0.555s] Level 1:colcon.colcon_core.environment:checking '/home/zhu/arm/install/cychuankou/lib'
[0.555s] Level 1:colcon.colcon_core.environment:checking '/home/zhu/arm/install/cychuankou/bin'
[0.555s] Level 1:colcon.colcon_core.environment:checking '/home/zhu/arm/install/cychuankou/lib/pkgconfig/cychuankou.pc'
[0.556s] Level 1:colcon.colcon_core.environment:checking '/home/zhu/arm/install/cychuankou/lib/python3.10/site-packages'
[0.556s] Level 1:colcon.colcon_core.environment:checking '/home/zhu/arm/install/cychuankou/bin'
[0.556s] INFO:colcon.colcon_core.shell:Creating package script '/home/zhu/arm/install/cychuankou/share/cychuankou/package.ps1'
[0.556s] INFO:colcon.colcon_core.shell:Creating package descriptor '/home/zhu/arm/install/cychuankou/share/cychuankou/package.dsv'
[0.557s] INFO:colcon.colcon_core.shell:Creating package script '/home/zhu/arm/install/cychuankou/share/cychuankou/package.sh'
[0.557s] INFO:colcon.colcon_core.shell:Creating package script '/home/zhu/arm/install/cychuankou/share/cychuankou/package.bash'
[0.557s] INFO:colcon.colcon_core.shell:Creating package script '/home/zhu/arm/install/cychuankou/share/cychuankou/package.zsh'
[0.557s] Level 1:colcon.colcon_core.environment:create_file_with_runtime_dependencies(/home/zhu/arm/install/cychuankou/share/colcon-core/packages/cychuankou)
[0.594s] Level 1:colcon.colcon_core.environment:create_environment_scripts_only(cychuankou)
[0.594s] Level 1:colcon.colcon_core.environment:checking '/home/zhu/arm/install/cychuankou' for CMake module files
[0.594s] Level 1:colcon.colcon_core.environment:checking '/home/zhu/arm/install/cychuankou' for CMake config files
[0.594s] Level 1:colcon.colcon_core.shell:create_environment_hook('cychuankou', 'cmake_prefix_path')
[0.594s] INFO:colcon.colcon_core.shell:Creating environment hook '/home/zhu/arm/install/cychuankou/share/cychuankou/hook/cmake_prefix_path.ps1'
[0.595s] INFO:colcon.colcon_core.shell:Creating environment descriptor '/home/zhu/arm/install/cychuankou/share/cychuankou/hook/cmake_prefix_path.dsv'
[0.595s] INFO:colcon.colcon_core.shell:Creating environment hook '/home/zhu/arm/install/cychuankou/share/cychuankou/hook/cmake_prefix_path.sh'
[0.595s] Level 1:colcon.colcon_core.environment:checking '/home/zhu/arm/install/cychuankou/lib'
[0.595s] Level 1:colcon.colcon_core.environment:checking '/home/zhu/arm/install/cychuankou/bin'
[0.596s] Level 1:colcon.colcon_core.environment:checking '/home/zhu/arm/install/cychuankou/lib/pkgconfig/cychuankou.pc'
[0.596s] Level 1:colcon.colcon_core.environment:checking '/home/zhu/arm/install/cychuankou/lib/python3.10/site-packages'
[0.596s] Level 1:colcon.colcon_core.environment:checking '/home/zhu/arm/install/cychuankou/bin'
[0.596s] INFO:colcon.colcon_core.shell:Creating package script '/home/zhu/arm/install/cychuankou/share/cychuankou/package.ps1'
[0.596s] INFO:colcon.colcon_core.shell:Creating package descriptor '/home/zhu/arm/install/cychuankou/share/cychuankou/package.dsv'
[0.597s] INFO:colcon.colcon_core.shell:Creating package script '/home/zhu/arm/install/cychuankou/share/cychuankou/package.sh'
[0.597s] INFO:colcon.colcon_core.shell:Creating package script '/home/zhu/arm/install/cychuankou/share/cychuankou/package.bash'
[0.597s] INFO:colcon.colcon_core.shell:Creating package script '/home/zhu/arm/install/cychuankou/share/cychuankou/package.zsh'
[0.597s] Level 1:colcon.colcon_core.environment:create_file_with_runtime_dependencies(/home/zhu/arm/install/cychuankou/share/colcon-core/packages/cychuankou)
[2.509s] DEBUG:colcon.colcon_core.event_handler.log_command:Invoked command in '/home/zhu/arm/build/arm_controler' returned '0': CMAKE_PREFIX_PATH=${CMAKE_PREFIX_PATH}:/home/zhu/ws_moveit2/install/moveit_configs_utils:/home/zhu/ws_moveit2/install/launch_param_builder:/opt/ros/humble /usr/bin/cmake --build /home/zhu/arm/build/arm_controler -- -j32 -l32
[2.552s] DEBUG:colcon.colcon_core.event_handler.log_command:Invoking command in '/home/zhu/arm/build/arm_controler': CMAKE_PREFIX_PATH=${CMAKE_PREFIX_PATH}:/home/zhu/ws_moveit2/install/moveit_configs_utils:/home/zhu/ws_moveit2/install/launch_param_builder:/opt/ros/humble /usr/bin/cmake --install /home/zhu/arm/build/arm_controler
[2.561s] Level 1:colcon.colcon_core.environment:create_environment_scripts_only(arm_controler)
[2.561s] Level 1:colcon.colcon_core.environment:checking '/home/zhu/arm/install/arm_controler' for CMake module files
[2.561s] DEBUG:colcon.colcon_core.event_handler.log_command:Invoked command in '/home/zhu/arm/build/arm_controler' returned '0': CMAKE_PREFIX_PATH=${CMAKE_PREFIX_PATH}:/home/zhu/ws_moveit2/install/moveit_configs_utils:/home/zhu/ws_moveit2/install/launch_param_builder:/opt/ros/humble /usr/bin/cmake --install /home/zhu/arm/build/arm_controler
[2.562s] Level 1:colcon.colcon_core.environment:checking '/home/zhu/arm/install/arm_controler' for CMake config files
[2.562s] Level 1:colcon.colcon_core.shell:create_environment_hook('arm_controler', 'cmake_prefix_path')
[2.562s] INFO:colcon.colcon_core.shell:Creating environment hook '/home/zhu/arm/install/arm_controler/share/arm_controler/hook/cmake_prefix_path.ps1'
[2.562s] INFO:colcon.colcon_core.shell:Creating environment descriptor '/home/zhu/arm/install/arm_controler/share/arm_controler/hook/cmake_prefix_path.dsv'
[2.562s] INFO:colcon.colcon_core.shell:Creating environment hook '/home/zhu/arm/install/arm_controler/share/arm_controler/hook/cmake_prefix_path.sh'
[2.563s] Level 1:colcon.colcon_core.environment:checking '/home/zhu/arm/install/arm_controler/lib'
[2.563s] Level 1:colcon.colcon_core.environment:checking '/home/zhu/arm/install/arm_controler/bin'
[2.563s] Level 1:colcon.colcon_core.environment:checking '/home/zhu/arm/install/arm_controler/lib/pkgconfig/arm_controler.pc'
[2.563s] Level 1:colcon.colcon_core.environment:checking '/home/zhu/arm/install/arm_controler/lib/python3.10/site-packages'
[2.563s] Level 1:colcon.colcon_core.environment:checking '/home/zhu/arm/install/arm_controler/bin'
[2.563s] INFO:colcon.colcon_core.shell:Creating package script '/home/zhu/arm/install/arm_controler/share/arm_controler/package.ps1'
[2.564s] INFO:colcon.colcon_core.shell:Creating package descriptor '/home/zhu/arm/install/arm_controler/share/arm_controler/package.dsv'
[2.564s] INFO:colcon.colcon_core.shell:Creating package script '/home/zhu/arm/install/arm_controler/share/arm_controler/package.sh'
[2.564s] INFO:colcon.colcon_core.shell:Creating package script '/home/zhu/arm/install/arm_controler/share/arm_controler/package.bash'
[2.564s] INFO:colcon.colcon_core.shell:Creating package script '/home/zhu/arm/install/arm_controler/share/arm_controler/package.zsh'
[2.564s] Level 1:colcon.colcon_core.environment:create_file_with_runtime_dependencies(/home/zhu/arm/install/arm_controler/share/colcon-core/packages/arm_controler)
[2.608s] Level 1:colcon.colcon_core.environment:create_environment_scripts_only(arm_controler)
[2.609s] Level 1:colcon.colcon_core.environment:checking '/home/zhu/arm/install/arm_controler' for CMake module files
[2.609s] Level 1:colcon.colcon_core.environment:checking '/home/zhu/arm/install/arm_controler' for CMake config files
[2.609s] Level 1:colcon.colcon_core.shell:create_environment_hook('arm_controler', 'cmake_prefix_path')
[2.609s] INFO:colcon.colcon_core.shell:Creating environment hook '/home/zhu/arm/install/arm_controler/share/arm_controler/hook/cmake_prefix_path.ps1'
[3.210s] INFO:colcon.colcon_core.shell:Creating environment descriptor '/home/zhu/arm/install/arm_controler/share/arm_controler/hook/cmake_prefix_path.dsv'
[3.210s] INFO:colcon.colcon_core.shell:Creating environment hook '/home/zhu/arm/install/arm_controler/share/arm_controler/hook/cmake_prefix_path.sh'
[3.211s] Level 1:colcon.colcon_core.environment:checking '/home/zhu/arm/install/arm_controler/lib'
[3.211s] Level 1:colcon.colcon_core.environment:checking '/home/zhu/arm/install/arm_controler/bin'
[3.211s] Level 1:colcon.colcon_core.environment:checking '/home/zhu/arm/install/arm_controler/lib/pkgconfig/arm_controler.pc'
[3.211s] Level 1:colcon.colcon_core.environment:checking '/home/zhu/arm/install/arm_controler/lib/python3.10/site-packages'
[3.211s] Level 1:colcon.colcon_core.environment:checking '/home/zhu/arm/install/arm_controler/bin'
[3.211s] INFO:colcon.colcon_core.shell:Creating package script '/home/zhu/arm/install/arm_controler/share/arm_controler/package.ps1'
[3.212s] INFO:colcon.colcon_core.shell:Creating package descriptor '/home/zhu/arm/install/arm_controler/share/arm_controler/package.dsv'
[3.212s] INFO:colcon.colcon_core.shell:Creating package script '/home/zhu/arm/install/arm_controler/share/arm_controler/package.sh'
[3.212s] INFO:colcon.colcon_core.shell:Creating package script '/home/zhu/arm/install/arm_controler/share/arm_controler/package.bash'
[3.212s] INFO:colcon.colcon_core.shell:Creating package script '/home/zhu/arm/install/arm_controler/share/arm_controler/package.zsh'
[3.212s] Level 1:colcon.colcon_core.environment:create_file_with_runtime_dependencies(/home/zhu/arm/install/arm_controler/share/colcon-core/packages/arm_controler)
[3.213s] DEBUG:colcon.colcon_parallel_executor.executor.parallel:closing loop
[3.213s] DEBUG:colcon.colcon_parallel_executor.executor.parallel:loop closed
[3.213s] DEBUG:colcon.colcon_parallel_executor.executor.parallel:run_until_complete finished with '0'
[3.213s] DEBUG:colcon.colcon_core.event_reactor:joining thread
[3.217s] INFO:colcon.colcon_core.plugin_system:Skipping extension 'colcon_notification.desktop_notification.terminal_notifier': Not used on non-Darwin systems
[3.217s] INFO:colcon.colcon_core.plugin_system:Skipping extension 'colcon_notification.desktop_notification.win32': Not used on non-Windows systems
[3.217s] INFO:colcon.colcon_notification.desktop_notification:Sending desktop notification using 'notify2'
[3.230s] DEBUG:colcon.colcon_core.event_reactor:joined thread
[3.230s] INFO:colcon.colcon_core.shell:Creating prefix script '/home/zhu/arm/install/local_setup.ps1'
[3.231s] INFO:colcon.colcon_core.shell:Creating prefix util module '/home/zhu/arm/install/_local_setup_util_ps1.py'
[3.231s] INFO:colcon.colcon_core.shell:Creating prefix chain script '/home/zhu/arm/install/setup.ps1'
[3.233s] INFO:colcon.colcon_core.shell:Creating prefix script '/home/zhu/arm/install/local_setup.sh'
[3.233s] INFO:colcon.colcon_core.shell:Creating prefix util module '/home/zhu/arm/install/_local_setup_util_sh.py'
[3.234s] INFO:colcon.colcon_core.shell:Creating prefix chain script '/home/zhu/arm/install/setup.sh'
[3.236s] INFO:colcon.colcon_core.shell:Creating prefix script '/home/zhu/arm/install/local_setup.bash'
[3.236s] INFO:colcon.colcon_core.shell:Creating prefix chain script '/home/zhu/arm/install/setup.bash'
[3.238s] INFO:colcon.colcon_core.shell:Creating prefix script '/home/zhu/arm/install/local_setup.zsh'
[3.238s] INFO:colcon.colcon_core.shell:Creating prefix chain script '/home/zhu/arm/install/setup.zsh'
