-- Install configuration: ""
-- Up-to-date: /home/zhu/arm/install/arm_lcr_description/share/arm_lcr_description/launch
-- Up-to-date: /home/zhu/arm/install/arm_lcr_description/share/arm_lcr_description/launch/display.launch.py
-- Up-to-date: /home/zhu/arm/install/arm_lcr_description/share/arm_lcr_description/launch/gazebo.launch
-- Up-to-date: /home/zhu/arm/install/arm_lcr_description/share/arm_lcr_description/meshes
-- Up-to-date: /home/zhu/arm/install/arm_lcr_description/share/arm_lcr_description/meshes/base_link.STL
-- Up-to-date: /home/zhu/arm/install/arm_lcr_description/share/arm_lcr_description/meshes/link3.STL
-- Up-to-date: /home/zhu/arm/install/arm_lcr_description/share/arm_lcr_description/meshes/link6.STL
-- Up-to-date: /home/zhu/arm/install/arm_lcr_description/share/arm_lcr_description/meshes/link4.STL
-- Up-to-date: /home/zhu/arm/install/arm_lcr_description/share/arm_lcr_description/meshes/link2.STL
-- Up-to-date: /home/zhu/arm/install/arm_lcr_description/share/arm_lcr_description/meshes/link5.STL
-- Up-to-date: /home/zhu/arm/install/arm_lcr_description/share/arm_lcr_description/meshes/link1.STL
-- Up-to-date: /home/zhu/arm/install/arm_lcr_description/share/arm_lcr_description/rviz
-- Up-to-date: /home/zhu/arm/install/arm_lcr_description/share/arm_lcr_description/rviz/urdf.rviz
-- Up-to-date: /home/zhu/arm/install/arm_lcr_description/share/arm_lcr_description/urdf
-- Up-to-date: /home/zhu/arm/install/arm_lcr_description/share/arm_lcr_description/urdf/arm_lcr_description.csv
-- Installing: /home/zhu/arm/install/arm_lcr_description/share/arm_lcr_description/urdf/arm_lcr_description.urdf
-- Up-to-date: /home/zhu/arm/install/arm_lcr_description/share/arm_lcr_description/config
-- Up-to-date: /home/zhu/arm/install/arm_lcr_description/share/arm_lcr_description/config/joint_names_arm_lcr_description.yaml
-- Up-to-date: /home/zhu/arm/install/arm_lcr_description/share/ament_index/resource_index/package_run_dependencies/arm_lcr_description
-- Up-to-date: /home/zhu/arm/install/arm_lcr_description/share/ament_index/resource_index/parent_prefix_path/arm_lcr_description
-- Up-to-date: /home/zhu/arm/install/arm_lcr_description/share/arm_lcr_description/environment/ament_prefix_path.sh
-- Up-to-date: /home/zhu/arm/install/arm_lcr_description/share/arm_lcr_description/environment/ament_prefix_path.dsv
-- Up-to-date: /home/zhu/arm/install/arm_lcr_description/share/arm_lcr_description/environment/path.sh
-- Up-to-date: /home/zhu/arm/install/arm_lcr_description/share/arm_lcr_description/environment/path.dsv
-- Up-to-date: /home/zhu/arm/install/arm_lcr_description/share/arm_lcr_description/local_setup.bash
-- Up-to-date: /home/zhu/arm/install/arm_lcr_description/share/arm_lcr_description/local_setup.sh
-- Up-to-date: /home/zhu/arm/install/arm_lcr_description/share/arm_lcr_description/local_setup.zsh
-- Up-to-date: /home/zhu/arm/install/arm_lcr_description/share/arm_lcr_description/local_setup.dsv
-- Installing: /home/zhu/arm/install/arm_lcr_description/share/arm_lcr_description/package.dsv
-- Up-to-date: /home/zhu/arm/install/arm_lcr_description/share/ament_index/resource_index/packages/arm_lcr_description
-- Up-to-date: /home/zhu/arm/install/arm_lcr_description/share/arm_lcr_description/cmake/arm_lcr_descriptionConfig.cmake
-- Up-to-date: /home/zhu/arm/install/arm_lcr_description/share/arm_lcr_description/cmake/arm_lcr_descriptionConfig-version.cmake
-- Up-to-date: /home/zhu/arm/install/arm_lcr_description/share/arm_lcr_description/package.xml
