[0.020s] Invoking command in '/home/zhu/arm/build/serial': CMAKE_PREFIX_PATH=${CMAKE_PREFIX_PATH}:/home/zhu/ws_moveit2/install/moveit_configs_utils:/home/zhu/ws_moveit2/install/launch_param_builder:/opt/ros/humble /usr/bin/cmake /home/zhu/arm/src/serial -DCMAKE_INSTALL_PREFIX=/home/zhu/arm/install/serial
[0.075s] -- The C compiler identification is GNU 11.4.0
[0.121s] -- The CXX compiler identification is GNU 11.4.0
[0.128s] -- Detecting C compiler ABI info
[0.198s] -- Detecting C compiler ABI info - done
[0.204s] -- Check for working C compiler: /usr/bin/cc - skipped
[0.204s] -- Detecting C compile features
[0.205s] -- Detecting C compile features - done
[0.207s] -- Detecting CXX compiler ABI info
[0.278s] -- Detecting CXX compiler ABI info - done
[0.281s] -- Check for working CXX compiler: /usr/bin/c++ - skipped
[0.281s] -- Detecting CXX compile features
[0.281s] -- Detecting CXX compile features - done
[0.285s] -- Found ament_cmake: 1.3.10 (/opt/ros/humble/share/ament_cmake/cmake)
[0.402s] -- Found Python3: /usr/bin/python3 (found version "3.10.12") found components: Interpreter 
[0.523s] -- Configuring done
[0.526s] -- Generating done
[0.526s] -- Build files have been written to: /home/zhu/arm/build/serial
[0.530s] Invoked command in '/home/zhu/arm/build/serial' returned '0': CMAKE_PREFIX_PATH=${CMAKE_PREFIX_PATH}:/home/zhu/ws_moveit2/install/moveit_configs_utils:/home/zhu/ws_moveit2/install/launch_param_builder:/opt/ros/humble /usr/bin/cmake /home/zhu/arm/src/serial -DCMAKE_INSTALL_PREFIX=/home/zhu/arm/install/serial
[0.530s] Invoking command in '/home/zhu/arm/build/serial': CMAKE_PREFIX_PATH=${CMAKE_PREFIX_PATH}:/home/zhu/ws_moveit2/install/moveit_configs_utils:/home/zhu/ws_moveit2/install/launch_param_builder:/opt/ros/humble /usr/bin/cmake --build /home/zhu/arm/build/serial -- -j32 -l32
[0.578s] [ 25%] [32mBuilding CXX object CMakeFiles/serial.dir/src/serial.cc.o[0m
[0.578s] [ 75%] [32mBuilding CXX object CMakeFiles/serial.dir/src/impl/list_ports/list_ports_linux.cc.o[0m
[0.578s] [ 75%] [32mBuilding CXX object CMakeFiles/serial.dir/src/impl/unix.cc.o[0m
[0.869s] [100%] [32m[1mLinking CXX shared library libserial.so[0m
[0.931s] [100%] Built target serial
[0.944s] Invoked command in '/home/zhu/arm/build/serial' returned '0': CMAKE_PREFIX_PATH=${CMAKE_PREFIX_PATH}:/home/zhu/ws_moveit2/install/moveit_configs_utils:/home/zhu/ws_moveit2/install/launch_param_builder:/opt/ros/humble /usr/bin/cmake --build /home/zhu/arm/build/serial -- -j32 -l32
[0.986s] Invoking command in '/home/zhu/arm/build/serial': CMAKE_PREFIX_PATH=${CMAKE_PREFIX_PATH}:/home/zhu/ws_moveit2/install/moveit_configs_utils:/home/zhu/ws_moveit2/install/launch_param_builder:/opt/ros/humble /usr/bin/cmake --install /home/zhu/arm/build/serial
[0.995s] -- Install configuration: ""
[0.995s] -- Installing: /home/zhu/arm/install/serial/share/serial/environment/library_path.sh
[0.995s] -- Installing: /home/zhu/arm/install/serial/share/serial/environment/library_path.dsv
[0.995s] -- Installing: /home/zhu/arm/install/serial/lib/libserial.so
[0.995s] -- Installing: /home/zhu/arm/install/serial/include/serial/serial.h
[0.995s] -- Installing: /home/zhu/arm/install/serial/include/serial/v8stdint.h
[0.996s] -- Installing: /home/zhu/arm/install/serial/share/ament_index/resource_index/package_run_dependencies/serial
[0.996s] -- Installing: /home/zhu/arm/install/serial/share/ament_index/resource_index/parent_prefix_path/serial
[0.996s] -- Installing: /home/zhu/arm/install/serial/share/serial/environment/ament_prefix_path.sh
[0.996s] -- Installing: /home/zhu/arm/install/serial/share/serial/environment/ament_prefix_path.dsv
[0.996s] -- Installing: /home/zhu/arm/install/serial/share/serial/environment/path.sh
[0.996s] -- Installing: /home/zhu/arm/install/serial/share/serial/environment/path.dsv
[0.996s] -- Installing: /home/zhu/arm/install/serial/share/serial/local_setup.bash
[0.996s] -- Installing: /home/zhu/arm/install/serial/share/serial/local_setup.sh
[0.996s] -- Installing: /home/zhu/arm/install/serial/share/serial/local_setup.zsh
[0.996s] -- Installing: /home/zhu/arm/install/serial/share/serial/local_setup.dsv
[0.996s] -- Installing: /home/zhu/arm/install/serial/share/serial/package.dsv
[0.996s] -- Installing: /home/zhu/arm/install/serial/share/ament_index/resource_index/packages/serial
[0.996s] -- Installing: /home/zhu/arm/install/serial/share/serial/cmake/ament_cmake_export_include_directories-extras.cmake
[0.996s] -- Installing: /home/zhu/arm/install/serial/share/serial/cmake/ament_cmake_export_libraries-extras.cmake
[0.996s] -- Installing: /home/zhu/arm/install/serial/share/serial/cmake/serialConfig.cmake
[0.996s] -- Installing: /home/zhu/arm/install/serial/share/serial/cmake/serialConfig-version.cmake
[0.996s] -- Installing: /home/zhu/arm/install/serial/share/serial/package.xml
[0.998s] Invoked command in '/home/zhu/arm/build/serial' returned '0': CMAKE_PREFIX_PATH=${CMAKE_PREFIX_PATH}:/home/zhu/ws_moveit2/install/moveit_configs_utils:/home/zhu/ws_moveit2/install/launch_param_builder:/opt/ros/humble /usr/bin/cmake --install /home/zhu/arm/build/serial
