[0.011s] Invoking command in '/home/zhu/arm/build/arm_lcr_description': CMAKE_PREFIX_PATH=${CMAKE_PREFIX_PATH}:/home/zhu/ws_moveit2/install/moveit_configs_utils:/home/zhu/ws_moveit2/install/launch_param_builder:/opt/ros/humble /usr/bin/cmake --build /home/zhu/arm/build/arm_lcr_description -- -j32 -l32
[0.042s] Invoked command in '/home/zhu/arm/build/arm_lcr_description' returned '0': CMAKE_PREFIX_PATH=${CMAKE_PREFIX_PATH}:/home/zhu/ws_moveit2/install/moveit_configs_utils:/home/zhu/ws_moveit2/install/launch_param_builder:/opt/ros/humble /usr/bin/cmake --build /home/zhu/arm/build/arm_lcr_description -- -j32 -l32
[0.077s] Invoking command in '/home/zhu/arm/build/arm_lcr_description': CMAKE_PREFIX_PATH=${CMAKE_PREFIX_PATH}:/home/zhu/ws_moveit2/install/moveit_configs_utils:/home/zhu/ws_moveit2/install/launch_param_builder:/opt/ros/humble /usr/bin/cmake --install /home/zhu/arm/build/arm_lcr_description
[0.085s] -- Install configuration: ""
[0.085s] -- Up-to-date: /home/zhu/arm/install/arm_lcr_description/share/arm_lcr_description/launch
[0.085s] -- Up-to-date: /home/zhu/arm/install/arm_lcr_description/share/arm_lcr_description/launch/display.launch.py
[0.085s] -- Up-to-date: /home/zhu/arm/install/arm_lcr_description/share/arm_lcr_description/launch/gazebo.launch
[0.085s] -- Up-to-date: /home/zhu/arm/install/arm_lcr_description/share/arm_lcr_description/meshes
[0.085s] -- Up-to-date: /home/zhu/arm/install/arm_lcr_description/share/arm_lcr_description/meshes/base_link.STL
[0.085s] -- Up-to-date: /home/zhu/arm/install/arm_lcr_description/share/arm_lcr_description/meshes/link3.STL
[0.085s] -- Up-to-date: /home/zhu/arm/install/arm_lcr_description/share/arm_lcr_description/meshes/link6.STL
[0.085s] -- Up-to-date: /home/zhu/arm/install/arm_lcr_description/share/arm_lcr_description/meshes/link4.STL
[0.085s] -- Up-to-date: /home/zhu/arm/install/arm_lcr_description/share/arm_lcr_description/meshes/link2.STL
[0.085s] -- Up-to-date: /home/zhu/arm/install/arm_lcr_description/share/arm_lcr_description/meshes/link5.STL
[0.085s] -- Up-to-date: /home/zhu/arm/install/arm_lcr_description/share/arm_lcr_description/meshes/link1.STL
[0.085s] -- Up-to-date: /home/zhu/arm/install/arm_lcr_description/share/arm_lcr_description/rviz
[0.085s] -- Up-to-date: /home/zhu/arm/install/arm_lcr_description/share/arm_lcr_description/rviz/urdf.rviz
[0.085s] -- Up-to-date: /home/zhu/arm/install/arm_lcr_description/share/arm_lcr_description/urdf
[0.085s] -- Up-to-date: /home/zhu/arm/install/arm_lcr_description/share/arm_lcr_description/urdf/arm_lcr_description.csv
[0.085s] -- Up-to-date: /home/zhu/arm/install/arm_lcr_description/share/arm_lcr_description/urdf/arm_lcr_description.urdf
[0.085s] -- Up-to-date: /home/zhu/arm/install/arm_lcr_description/share/arm_lcr_description/config
[0.085s] -- Up-to-date: /home/zhu/arm/install/arm_lcr_description/share/arm_lcr_description/config/joint_names_arm_lcr_description.yaml
[0.085s] -- Up-to-date: /home/zhu/arm/install/arm_lcr_description/share/ament_index/resource_index/package_run_dependencies/arm_lcr_description
[0.085s] -- Up-to-date: /home/zhu/arm/install/arm_lcr_description/share/ament_index/resource_index/parent_prefix_path/arm_lcr_description
[0.086s] -- Up-to-date: /home/zhu/arm/install/arm_lcr_description/share/arm_lcr_description/environment/ament_prefix_path.sh
[0.086s] -- Up-to-date: /home/zhu/arm/install/arm_lcr_description/share/arm_lcr_description/environment/ament_prefix_path.dsv
[0.086s] -- Up-to-date: /home/zhu/arm/install/arm_lcr_description/share/arm_lcr_description/environment/path.sh
[0.086s] -- Up-to-date: /home/zhu/arm/install/arm_lcr_description/share/arm_lcr_description/environment/path.dsv
[0.086s] -- Up-to-date: /home/zhu/arm/install/arm_lcr_description/share/arm_lcr_description/local_setup.bash
[0.086s] -- Up-to-date: /home/zhu/arm/install/arm_lcr_description/share/arm_lcr_description/local_setup.sh
[0.086s] -- Up-to-date: /home/zhu/arm/install/arm_lcr_description/share/arm_lcr_description/local_setup.zsh
[0.086s] -- Up-to-date: /home/zhu/arm/install/arm_lcr_description/share/arm_lcr_description/local_setup.dsv
[0.086s] -- Up-to-date: /home/zhu/arm/install/arm_lcr_description/share/arm_lcr_description/package.dsv
[0.086s] -- Up-to-date: /home/zhu/arm/install/arm_lcr_description/share/ament_index/resource_index/packages/arm_lcr_description
[0.086s] -- Up-to-date: /home/zhu/arm/install/arm_lcr_description/share/arm_lcr_description/cmake/arm_lcr_descriptionConfig.cmake
[0.086s] -- Up-to-date: /home/zhu/arm/install/arm_lcr_description/share/arm_lcr_description/cmake/arm_lcr_descriptionConfig-version.cmake
[0.086s] -- Up-to-date: /home/zhu/arm/install/arm_lcr_description/share/arm_lcr_description/package.xml
[0.087s] Invoked command in '/home/zhu/arm/build/arm_lcr_description' returned '0': CMAKE_PREFIX_PATH=${CMAKE_PREFIX_PATH}:/home/zhu/ws_moveit2/install/moveit_configs_utils:/home/zhu/ws_moveit2/install/launch_param_builder:/opt/ros/humble /usr/bin/cmake --install /home/zhu/arm/build/arm_lcr_description
