[0.016s] Invoking command in '/home/zhu/arm/build/cychuankou': CMAKE_PREFIX_PATH=${CMAKE_PREFIX_PATH}:/home/zhu/ws_moveit2/install/moveit_configs_utils:/home/zhu/ws_moveit2/install/launch_param_builder:/opt/ros/humble /usr/bin/cmake --build /home/zhu/arm/build/cychuankou -- -j32 -l32
[0.081s] [100%] Built target lis
[0.095s] Invoked command in '/home/zhu/arm/build/cychuankou' returned '0': CMAKE_PREFIX_PATH=${CMAKE_PREFIX_PATH}:/home/zhu/ws_moveit2/install/moveit_configs_utils:/home/zhu/ws_moveit2/install/launch_param_builder:/opt/ros/humble /usr/bin/cmake --build /home/zhu/arm/build/cychuankou -- -j32 -l32
[0.131s] Invoking command in '/home/zhu/arm/build/cychuankou': CMAKE_PREFIX_PATH=${CMAKE_PREFIX_PATH}:/home/zhu/ws_moveit2/install/moveit_configs_utils:/home/zhu/ws_moveit2/install/launch_param_builder:/opt/ros/humble /usr/bin/cmake --install /home/zhu/arm/build/cychuankou
[0.138s] -- Install configuration: ""
[0.138s] -- Up-to-date: /home/zhu/arm/install/cychuankou/lib/cychuankou/lis
[0.138s] -- Up-to-date: /home/zhu/arm/install/cychuankou/share/ament_index/resource_index/package_run_dependencies/cychuankou
[0.138s] -- Up-to-date: /home/zhu/arm/install/cychuankou/share/ament_index/resource_index/parent_prefix_path/cychuankou
[0.138s] -- Up-to-date: /home/zhu/arm/install/cychuankou/share/cychuankou/environment/ament_prefix_path.sh
[0.138s] -- Up-to-date: /home/zhu/arm/install/cychuankou/share/cychuankou/environment/ament_prefix_path.dsv
[0.138s] -- Up-to-date: /home/zhu/arm/install/cychuankou/share/cychuankou/environment/path.sh
[0.138s] -- Up-to-date: /home/zhu/arm/install/cychuankou/share/cychuankou/environment/path.dsv
[0.139s] -- Up-to-date: /home/zhu/arm/install/cychuankou/share/cychuankou/local_setup.bash
[0.139s] -- Up-to-date: /home/zhu/arm/install/cychuankou/share/cychuankou/local_setup.sh
[0.139s] -- Up-to-date: /home/zhu/arm/install/cychuankou/share/cychuankou/local_setup.zsh
[0.139s] -- Up-to-date: /home/zhu/arm/install/cychuankou/share/cychuankou/local_setup.dsv
[0.139s] -- Installing: /home/zhu/arm/install/cychuankou/share/cychuankou/package.dsv
[0.140s] -- Up-to-date: /home/zhu/arm/install/cychuankou/share/ament_index/resource_index/packages/cychuankou
[0.140s] -- Up-to-date: /home/zhu/arm/install/cychuankou/share/cychuankou/cmake/cychuankouConfig.cmake
[0.140s] -- Up-to-date: /home/zhu/arm/install/cychuankou/share/cychuankou/cmake/cychuankouConfig-version.cmake
[0.141s] -- Up-to-date: /home/zhu/arm/install/cychuankou/share/cychuankou/package.xml
[0.141s] Invoked command in '/home/zhu/arm/build/cychuankou' returned '0': CMAKE_PREFIX_PATH=${CMAKE_PREFIX_PATH}:/home/zhu/ws_moveit2/install/moveit_configs_utils:/home/zhu/ws_moveit2/install/launch_param_builder:/opt/ros/humble /usr/bin/cmake --install /home/zhu/arm/build/cychuankou
