[0.081s] DEBUG:colcon:Command line arguments: ['/usr/bin/colcon', 'build']
[0.081s] DEBUG:colcon:Parsed command line arguments: Namespace(log_base=None, log_level=None, verb_name='build', build_base='build', install_base='install', merge_install=False, symlink_install=False, test_result_base=None, continue_on_error=False, executor='parallel', parallel_workers=32, event_handlers=None, ignore_user_meta=False, metas=['./colcon.meta'], base_paths=['.'], packages_ignore=None, packages_ignore_regex=None, paths=None, packages_up_to=None, packages_up_to_regex=None, packages_above=None, packages_above_and_dependencies=None, packages_above_depth=None, packages_select_by_dep=None, packages_skip_by_dep=None, packages_skip_up_to=None, packages_select_build_failed=False, packages_skip_build_finished=False, packages_select_test_failures=False, packages_skip_test_passed=False, packages_select=None, packages_skip=None, packages_select_regex=None, packages_skip_regex=None, packages_start=None, packages_end=None, allow_overriding=[], cmake_args=None, cmake_target=None, cmake_target_skip_unavailable=False, cmake_clean_cache=False, cmake_clean_first=False, cmake_force_configure=False, ament_cmake_args=None, catkin_cmake_args=None, catkin_skip_building_tests=False, mixin_files=None, mixin=None, verb_parser=<colcon_mixin.mixin.mixin_argument.MixinArgumentDecorator object at 0x7ce9627ab040>, verb_extension=<colcon_core.verb.build.BuildVerb object at 0x7ce9627aaa40>, main=<bound method BuildVerb.main of <colcon_core.verb.build.BuildVerb object at 0x7ce9627aaa40>>, mixin_verb=('build',))
[0.256s] Level 1:colcon.colcon_core.package_discovery:discover_packages(colcon_meta) check parameters
[0.256s] Level 1:colcon.colcon_core.package_discovery:discover_packages(recursive) check parameters
[0.256s] Level 1:colcon.colcon_core.package_discovery:discover_packages(ignore) check parameters
[0.256s] Level 1:colcon.colcon_core.package_discovery:discover_packages(path) check parameters
[0.256s] Level 1:colcon.colcon_core.package_discovery:discover_packages(colcon_meta) discover
[0.256s] Level 1:colcon.colcon_core.package_discovery:discover_packages(recursive) discover
[0.256s] INFO:colcon.colcon_core.package_discovery:Crawling recursively for packages in '/home/zhu/arm'
[0.256s] Level 1:colcon.colcon_core.package_identification:_identify(.) by extensions ['ignore', 'ignore_ament_install']
[0.256s] Level 1:colcon.colcon_core.package_identification:_identify(.) by extension 'ignore'
[0.256s] Level 1:colcon.colcon_core.package_identification:_identify(.) by extension 'ignore_ament_install'
[0.256s] Level 1:colcon.colcon_core.package_identification:_identify(.) by extensions ['colcon_pkg']
[0.256s] Level 1:colcon.colcon_core.package_identification:_identify(.) by extension 'colcon_pkg'
[0.256s] Level 1:colcon.colcon_core.package_identification:_identify(.) by extensions ['colcon_meta']
[0.256s] Level 1:colcon.colcon_core.package_identification:_identify(.) by extension 'colcon_meta'
[0.256s] Level 1:colcon.colcon_core.package_identification:_identify(.) by extensions ['ros']
[0.256s] Level 1:colcon.colcon_core.package_identification:_identify(.) by extension 'ros'
[0.263s] Level 1:colcon.colcon_core.package_identification:_identify(.) by extensions ['cmake', 'python']
[0.263s] Level 1:colcon.colcon_core.package_identification:_identify(.) by extension 'cmake'
[0.263s] Level 1:colcon.colcon_core.package_identification:_identify(.) by extension 'python'
[0.263s] Level 1:colcon.colcon_core.package_identification:_identify(.) by extensions ['python_setup_py']
[0.263s] Level 1:colcon.colcon_core.package_identification:_identify(.) by extension 'python_setup_py'
[0.264s] Level 1:colcon.colcon_core.package_identification:_identify(build) by extensions ['ignore', 'ignore_ament_install']
[0.264s] Level 1:colcon.colcon_core.package_identification:_identify(build) by extension 'ignore'
[0.264s] Level 1:colcon.colcon_core.package_identification:_identify(build) ignored
[0.265s] Level 1:colcon.colcon_core.package_identification:_identify(install) by extensions ['ignore', 'ignore_ament_install']
[0.265s] Level 1:colcon.colcon_core.package_identification:_identify(install) by extension 'ignore'
[0.265s] Level 1:colcon.colcon_core.package_identification:_identify(install) ignored
[0.265s] Level 1:colcon.colcon_core.package_identification:_identify(log) by extensions ['ignore', 'ignore_ament_install']
[0.265s] Level 1:colcon.colcon_core.package_identification:_identify(log) by extension 'ignore'
[0.265s] Level 1:colcon.colcon_core.package_identification:_identify(log) ignored
[0.266s] Level 1:colcon.colcon_core.package_identification:_identify(src) by extensions ['ignore', 'ignore_ament_install']
[0.266s] Level 1:colcon.colcon_core.package_identification:_identify(src) by extension 'ignore'
[0.266s] Level 1:colcon.colcon_core.package_identification:_identify(src) by extension 'ignore_ament_install'
[0.266s] Level 1:colcon.colcon_core.package_identification:_identify(src) by extensions ['colcon_pkg']
[0.266s] Level 1:colcon.colcon_core.package_identification:_identify(src) by extension 'colcon_pkg'
[0.266s] Level 1:colcon.colcon_core.package_identification:_identify(src) by extensions ['colcon_meta']
[0.266s] Level 1:colcon.colcon_core.package_identification:_identify(src) by extension 'colcon_meta'
[0.266s] Level 1:colcon.colcon_core.package_identification:_identify(src) by extensions ['ros']
[0.266s] Level 1:colcon.colcon_core.package_identification:_identify(src) by extension 'ros'
[0.266s] Level 1:colcon.colcon_core.package_identification:_identify(src) by extensions ['cmake', 'python']
[0.266s] Level 1:colcon.colcon_core.package_identification:_identify(src) by extension 'cmake'
[0.266s] Level 1:colcon.colcon_core.package_identification:_identify(src) by extension 'python'
[0.266s] Level 1:colcon.colcon_core.package_identification:_identify(src) by extensions ['python_setup_py']
[0.266s] Level 1:colcon.colcon_core.package_identification:_identify(src) by extension 'python_setup_py'
[0.267s] Level 1:colcon.colcon_core.package_identification:_identify(src/arm_controler) by extensions ['ignore', 'ignore_ament_install']
[0.267s] Level 1:colcon.colcon_core.package_identification:_identify(src/arm_controler) by extension 'ignore'
[0.267s] Level 1:colcon.colcon_core.package_identification:_identify(src/arm_controler) by extension 'ignore_ament_install'
[0.267s] Level 1:colcon.colcon_core.package_identification:_identify(src/arm_controler) by extensions ['colcon_pkg']
[0.267s] Level 1:colcon.colcon_core.package_identification:_identify(src/arm_controler) by extension 'colcon_pkg'
[0.267s] Level 1:colcon.colcon_core.package_identification:_identify(src/arm_controler) by extensions ['colcon_meta']
[0.267s] Level 1:colcon.colcon_core.package_identification:_identify(src/arm_controler) by extension 'colcon_meta'
[0.267s] Level 1:colcon.colcon_core.package_identification:_identify(src/arm_controler) by extensions ['ros']
[0.267s] Level 1:colcon.colcon_core.package_identification:_identify(src/arm_controler) by extension 'ros'
[0.269s] DEBUG:colcon.colcon_core.package_identification:Package 'src/arm_controler' with type 'ros.ament_cmake' and name 'arm_controler'
[0.269s] Level 1:colcon.colcon_core.package_identification:_identify(src/arm_lcr_description) by extensions ['ignore', 'ignore_ament_install']
[0.269s] Level 1:colcon.colcon_core.package_identification:_identify(src/arm_lcr_description) by extension 'ignore'
[0.269s] Level 1:colcon.colcon_core.package_identification:_identify(src/arm_lcr_description) by extension 'ignore_ament_install'
[0.269s] Level 1:colcon.colcon_core.package_identification:_identify(src/arm_lcr_description) by extensions ['colcon_pkg']
[0.269s] Level 1:colcon.colcon_core.package_identification:_identify(src/arm_lcr_description) by extension 'colcon_pkg'
[0.269s] Level 1:colcon.colcon_core.package_identification:_identify(src/arm_lcr_description) by extensions ['colcon_meta']
[0.269s] Level 1:colcon.colcon_core.package_identification:_identify(src/arm_lcr_description) by extension 'colcon_meta'
[0.269s] Level 1:colcon.colcon_core.package_identification:_identify(src/arm_lcr_description) by extensions ['ros']
[0.269s] Level 1:colcon.colcon_core.package_identification:_identify(src/arm_lcr_description) by extension 'ros'
[0.269s] DEBUG:colcon.colcon_core.package_identification:Package 'src/arm_lcr_description' with type 'ros.ament_cmake' and name 'arm_lcr_description'
[0.270s] Level 1:colcon.colcon_core.package_identification:_identify(src/my_keyboard_listener) by extensions ['ignore', 'ignore_ament_install']
[0.270s] Level 1:colcon.colcon_core.package_identification:_identify(src/my_keyboard_listener) by extension 'ignore'
[0.270s] Level 1:colcon.colcon_core.package_identification:_identify(src/my_keyboard_listener) by extension 'ignore_ament_install'
[0.270s] Level 1:colcon.colcon_core.package_identification:_identify(src/my_keyboard_listener) by extensions ['colcon_pkg']
[0.270s] Level 1:colcon.colcon_core.package_identification:_identify(src/my_keyboard_listener) by extension 'colcon_pkg'
[0.270s] Level 1:colcon.colcon_core.package_identification:_identify(src/my_keyboard_listener) by extensions ['colcon_meta']
[0.270s] Level 1:colcon.colcon_core.package_identification:_identify(src/my_keyboard_listener) by extension 'colcon_meta'
[0.270s] Level 1:colcon.colcon_core.package_identification:_identify(src/my_keyboard_listener) by extensions ['ros']
[0.270s] Level 1:colcon.colcon_core.package_identification:_identify(src/my_keyboard_listener) by extension 'ros'
[0.270s] DEBUG:colcon.colcon_core.package_identification:Package 'src/my_keyboard_listener' with type 'ros.ament_cmake' and name 'my_keyboard_listener'
[0.270s] Level 1:colcon.colcon_core.package_discovery:discover_packages(recursive) using defaults
[0.270s] Level 1:colcon.colcon_core.package_discovery:discover_packages(ignore) discover
[0.270s] Level 1:colcon.colcon_core.package_discovery:discover_packages(ignore) using defaults
[0.270s] Level 1:colcon.colcon_core.package_discovery:discover_packages(path) discover
[0.270s] Level 1:colcon.colcon_core.package_discovery:discover_packages(path) using defaults
[0.287s] Level 1:colcon.colcon_core.package_discovery:discover_packages(prefix_path) check parameters
[0.287s] Level 1:colcon.colcon_core.package_discovery:discover_packages(prefix_path) discover
[0.303s] DEBUG:colcon.colcon_installed_package_information.package_discovery:Found 56 installed packages in /home/zhu/ws_moveit2/install
[0.304s] DEBUG:colcon.colcon_installed_package_information.package_discovery:Found 408 installed packages in /opt/ros/humble
[0.306s] Level 1:colcon.colcon_core.package_discovery:discover_packages(prefix_path) using defaults
[0.329s] Level 5:colcon.colcon_core.verb:set package 'arm_controler' build argument 'cmake_args' from command line to 'None'
[0.329s] Level 5:colcon.colcon_core.verb:set package 'arm_controler' build argument 'cmake_target' from command line to 'None'
[0.329s] Level 5:colcon.colcon_core.verb:set package 'arm_controler' build argument 'cmake_target_skip_unavailable' from command line to 'False'
[0.329s] Level 5:colcon.colcon_core.verb:set package 'arm_controler' build argument 'cmake_clean_cache' from command line to 'False'
[0.329s] Level 5:colcon.colcon_core.verb:set package 'arm_controler' build argument 'cmake_clean_first' from command line to 'False'
[0.329s] Level 5:colcon.colcon_core.verb:set package 'arm_controler' build argument 'cmake_force_configure' from command line to 'False'
[0.329s] Level 5:colcon.colcon_core.verb:set package 'arm_controler' build argument 'ament_cmake_args' from command line to 'None'
[0.329s] Level 5:colcon.colcon_core.verb:set package 'arm_controler' build argument 'catkin_cmake_args' from command line to 'None'
[0.329s] Level 5:colcon.colcon_core.verb:set package 'arm_controler' build argument 'catkin_skip_building_tests' from command line to 'False'
[0.329s] DEBUG:colcon.colcon_core.verb:Building package 'arm_controler' with the following arguments: {'ament_cmake_args': None, 'build_base': '/home/zhu/arm/build/arm_controler', 'catkin_cmake_args': None, 'catkin_skip_building_tests': False, 'cmake_args': None, 'cmake_clean_cache': False, 'cmake_clean_first': False, 'cmake_force_configure': False, 'cmake_target': None, 'cmake_target_skip_unavailable': False, 'install_base': '/home/zhu/arm/install/arm_controler', 'merge_install': False, 'path': '/home/zhu/arm/src/arm_controler', 'symlink_install': False, 'test_result_base': None}
[0.330s] Level 5:colcon.colcon_core.verb:set package 'arm_lcr_description' build argument 'cmake_args' from command line to 'None'
[0.330s] Level 5:colcon.colcon_core.verb:set package 'arm_lcr_description' build argument 'cmake_target' from command line to 'None'
[0.330s] Level 5:colcon.colcon_core.verb:set package 'arm_lcr_description' build argument 'cmake_target_skip_unavailable' from command line to 'False'
[0.330s] Level 5:colcon.colcon_core.verb:set package 'arm_lcr_description' build argument 'cmake_clean_cache' from command line to 'False'
[0.330s] Level 5:colcon.colcon_core.verb:set package 'arm_lcr_description' build argument 'cmake_clean_first' from command line to 'False'
[0.330s] Level 5:colcon.colcon_core.verb:set package 'arm_lcr_description' build argument 'cmake_force_configure' from command line to 'False'
[0.330s] Level 5:colcon.colcon_core.verb:set package 'arm_lcr_description' build argument 'ament_cmake_args' from command line to 'None'
[0.330s] Level 5:colcon.colcon_core.verb:set package 'arm_lcr_description' build argument 'catkin_cmake_args' from command line to 'None'
[0.330s] Level 5:colcon.colcon_core.verb:set package 'arm_lcr_description' build argument 'catkin_skip_building_tests' from command line to 'False'
[0.330s] DEBUG:colcon.colcon_core.verb:Building package 'arm_lcr_description' with the following arguments: {'ament_cmake_args': None, 'build_base': '/home/zhu/arm/build/arm_lcr_description', 'catkin_cmake_args': None, 'catkin_skip_building_tests': False, 'cmake_args': None, 'cmake_clean_cache': False, 'cmake_clean_first': False, 'cmake_force_configure': False, 'cmake_target': None, 'cmake_target_skip_unavailable': False, 'install_base': '/home/zhu/arm/install/arm_lcr_description', 'merge_install': False, 'path': '/home/zhu/arm/src/arm_lcr_description', 'symlink_install': False, 'test_result_base': None}
[0.330s] Level 5:colcon.colcon_core.verb:set package 'my_keyboard_listener' build argument 'cmake_args' from command line to 'None'
[0.330s] Level 5:colcon.colcon_core.verb:set package 'my_keyboard_listener' build argument 'cmake_target' from command line to 'None'
[0.330s] Level 5:colcon.colcon_core.verb:set package 'my_keyboard_listener' build argument 'cmake_target_skip_unavailable' from command line to 'False'
[0.330s] Level 5:colcon.colcon_core.verb:set package 'my_keyboard_listener' build argument 'cmake_clean_cache' from command line to 'False'
[0.330s] Level 5:colcon.colcon_core.verb:set package 'my_keyboard_listener' build argument 'cmake_clean_first' from command line to 'False'
[0.330s] Level 5:colcon.colcon_core.verb:set package 'my_keyboard_listener' build argument 'cmake_force_configure' from command line to 'False'
[0.330s] Level 5:colcon.colcon_core.verb:set package 'my_keyboard_listener' build argument 'ament_cmake_args' from command line to 'None'
[0.330s] Level 5:colcon.colcon_core.verb:set package 'my_keyboard_listener' build argument 'catkin_cmake_args' from command line to 'None'
[0.330s] Level 5:colcon.colcon_core.verb:set package 'my_keyboard_listener' build argument 'catkin_skip_building_tests' from command line to 'False'
[0.330s] DEBUG:colcon.colcon_core.verb:Building package 'my_keyboard_listener' with the following arguments: {'ament_cmake_args': None, 'build_base': '/home/zhu/arm/build/my_keyboard_listener', 'catkin_cmake_args': None, 'catkin_skip_building_tests': False, 'cmake_args': None, 'cmake_clean_cache': False, 'cmake_clean_first': False, 'cmake_force_configure': False, 'cmake_target': None, 'cmake_target_skip_unavailable': False, 'install_base': '/home/zhu/arm/install/my_keyboard_listener', 'merge_install': False, 'path': '/home/zhu/arm/src/my_keyboard_listener', 'symlink_install': False, 'test_result_base': None}
[0.330s] INFO:colcon.colcon_core.executor:Executing jobs using 'parallel' executor
[0.331s] DEBUG:colcon.colcon_parallel_executor.executor.parallel:run_until_complete
[0.331s] INFO:colcon.colcon_ros.task.ament_cmake.build:Building ROS package in '/home/zhu/arm/src/arm_controler' with build type 'ament_cmake'
[0.331s] INFO:colcon.colcon_cmake.task.cmake.build:Building CMake package in '/home/zhu/arm/src/arm_controler'
[0.334s] INFO:colcon.colcon_core.plugin_system:Skipping extension 'colcon_core.shell.bat': Not used on non-Windows systems
[0.334s] INFO:colcon.colcon_core.shell:Skip shell extension 'powershell' for command environment: Not usable outside of PowerShell
[0.334s] DEBUG:colcon.colcon_core.shell:Skip shell extension 'dsv' for command environment
[0.338s] INFO:colcon.colcon_ros.task.ament_cmake.build:Building ROS package in '/home/zhu/arm/src/arm_lcr_description' with build type 'ament_cmake'
[0.338s] INFO:colcon.colcon_cmake.task.cmake.build:Building CMake package in '/home/zhu/arm/src/arm_lcr_description'
[0.338s] INFO:colcon.colcon_core.shell:Skip shell extension 'powershell' for command environment: Not usable outside of PowerShell
[0.338s] DEBUG:colcon.colcon_core.shell:Skip shell extension 'dsv' for command environment
[0.342s] INFO:colcon.colcon_ros.task.ament_cmake.build:Building ROS package in '/home/zhu/arm/src/my_keyboard_listener' with build type 'ament_cmake'
[0.342s] INFO:colcon.colcon_cmake.task.cmake.build:Building CMake package in '/home/zhu/arm/src/my_keyboard_listener'
[0.342s] INFO:colcon.colcon_core.shell:Skip shell extension 'powershell' for command environment: Not usable outside of PowerShell
[0.342s] DEBUG:colcon.colcon_core.shell:Skip shell extension 'dsv' for command environment
[0.349s] DEBUG:colcon.colcon_core.event_handler.log_command:Invoking command in '/home/zhu/arm/build/arm_controler': CMAKE_PREFIX_PATH=${CMAKE_PREFIX_PATH}:/home/zhu/ws_moveit2/install/moveit_configs_utils:/home/zhu/ws_moveit2/install/launch_param_builder:/opt/ros/humble /usr/bin/cmake --build /home/zhu/arm/build/arm_controler -- -j32 -l32
[0.353s] DEBUG:colcon.colcon_core.event_handler.log_command:Invoking command in '/home/zhu/arm/build/arm_lcr_description': CMAKE_PREFIX_PATH=${CMAKE_PREFIX_PATH}:/home/zhu/ws_moveit2/install/moveit_configs_utils:/home/zhu/ws_moveit2/install/launch_param_builder:/opt/ros/humble /usr/bin/cmake --build /home/zhu/arm/build/arm_lcr_description -- -j32 -l32
[0.362s] DEBUG:colcon.colcon_core.event_handler.log_command:Invoking command in '/home/zhu/arm/build/my_keyboard_listener': CMAKE_PREFIX_PATH=${CMAKE_PREFIX_PATH}:/home/zhu/ws_moveit2/install/moveit_configs_utils:/home/zhu/ws_moveit2/install/launch_param_builder:/opt/ros/humble /usr/bin/cmake --build /home/zhu/arm/build/my_keyboard_listener -- -j32 -l32
[0.387s] DEBUG:colcon.colcon_core.event_handler.log_command:Invoked command in '/home/zhu/arm/build/arm_lcr_description' returned '0': CMAKE_PREFIX_PATH=${CMAKE_PREFIX_PATH}:/home/zhu/ws_moveit2/install/moveit_configs_utils:/home/zhu/ws_moveit2/install/launch_param_builder:/opt/ros/humble /usr/bin/cmake --build /home/zhu/arm/build/arm_lcr_description -- -j32 -l32
[0.411s] DEBUG:colcon.colcon_core.event_handler.log_command:Invoked command in '/home/zhu/arm/build/arm_controler' returned '0': CMAKE_PREFIX_PATH=${CMAKE_PREFIX_PATH}:/home/zhu/ws_moveit2/install/moveit_configs_utils:/home/zhu/ws_moveit2/install/launch_param_builder:/opt/ros/humble /usr/bin/cmake --build /home/zhu/arm/build/arm_controler -- -j32 -l32
[0.424s] DEBUG:colcon.colcon_core.event_handler.log_command:Invoking command in '/home/zhu/arm/build/arm_lcr_description': CMAKE_PREFIX_PATH=${CMAKE_PREFIX_PATH}:/home/zhu/ws_moveit2/install/moveit_configs_utils:/home/zhu/ws_moveit2/install/launch_param_builder:/opt/ros/humble /usr/bin/cmake --install /home/zhu/arm/build/arm_lcr_description
[0.425s] DEBUG:colcon.colcon_core.event_handler.log_command:Invoked command in '/home/zhu/arm/build/my_keyboard_listener' returned '0': CMAKE_PREFIX_PATH=${CMAKE_PREFIX_PATH}:/home/zhu/ws_moveit2/install/moveit_configs_utils:/home/zhu/ws_moveit2/install/launch_param_builder:/opt/ros/humble /usr/bin/cmake --build /home/zhu/arm/build/my_keyboard_listener -- -j32 -l32
[0.439s] Level 1:colcon.colcon_core.environment:create_environment_scripts_only(arm_lcr_description)
[0.439s] DEBUG:colcon.colcon_core.event_handler.log_command:Invoked command in '/home/zhu/arm/build/arm_lcr_description' returned '0': CMAKE_PREFIX_PATH=${CMAKE_PREFIX_PATH}:/home/zhu/ws_moveit2/install/moveit_configs_utils:/home/zhu/ws_moveit2/install/launch_param_builder:/opt/ros/humble /usr/bin/cmake --install /home/zhu/arm/build/arm_lcr_description
[0.442s] Level 1:colcon.colcon_core.environment:checking '/home/zhu/arm/install/arm_lcr_description' for CMake module files
[0.443s] Level 1:colcon.colcon_core.environment:checking '/home/zhu/arm/install/arm_lcr_description' for CMake config files
[0.443s] Level 1:colcon.colcon_core.shell:create_environment_hook('arm_lcr_description', 'cmake_prefix_path')
[0.443s] INFO:colcon.colcon_core.shell:Creating environment hook '/home/zhu/arm/install/arm_lcr_description/share/arm_lcr_description/hook/cmake_prefix_path.ps1'
[0.444s] INFO:colcon.colcon_core.shell:Creating environment descriptor '/home/zhu/arm/install/arm_lcr_description/share/arm_lcr_description/hook/cmake_prefix_path.dsv'
[0.444s] INFO:colcon.colcon_core.shell:Creating environment hook '/home/zhu/arm/install/arm_lcr_description/share/arm_lcr_description/hook/cmake_prefix_path.sh'
[0.445s] Level 1:colcon.colcon_core.environment:checking '/home/zhu/arm/install/arm_lcr_description/bin'
[0.445s] Level 1:colcon.colcon_core.environment:checking '/home/zhu/arm/install/arm_lcr_description/lib/pkgconfig/arm_lcr_description.pc'
[0.445s] Level 1:colcon.colcon_core.environment:checking '/home/zhu/arm/install/arm_lcr_description/lib/python3.10/site-packages'
[0.445s] Level 1:colcon.colcon_core.environment:checking '/home/zhu/arm/install/arm_lcr_description/bin'
[0.445s] INFO:colcon.colcon_core.shell:Creating package script '/home/zhu/arm/install/arm_lcr_description/share/arm_lcr_description/package.ps1'
[0.446s] INFO:colcon.colcon_core.shell:Creating package descriptor '/home/zhu/arm/install/arm_lcr_description/share/arm_lcr_description/package.dsv'
[0.446s] INFO:colcon.colcon_core.shell:Creating package script '/home/zhu/arm/install/arm_lcr_description/share/arm_lcr_description/package.sh'
[0.446s] INFO:colcon.colcon_core.shell:Creating package script '/home/zhu/arm/install/arm_lcr_description/share/arm_lcr_description/package.bash'
[0.447s] INFO:colcon.colcon_core.shell:Creating package script '/home/zhu/arm/install/arm_lcr_description/share/arm_lcr_description/package.zsh'
[0.447s] Level 1:colcon.colcon_core.environment:create_file_with_runtime_dependencies(/home/zhu/arm/install/arm_lcr_description/share/colcon-core/packages/arm_lcr_description)
[0.455s] DEBUG:colcon.colcon_core.event_handler.log_command:Invoking command in '/home/zhu/arm/build/arm_controler': CMAKE_PREFIX_PATH=${CMAKE_PREFIX_PATH}:/home/zhu/ws_moveit2/install/moveit_configs_utils:/home/zhu/ws_moveit2/install/launch_param_builder:/opt/ros/humble /usr/bin/cmake --install /home/zhu/arm/build/arm_controler
[0.463s] DEBUG:colcon.colcon_core.event_handler.log_command:Invoking command in '/home/zhu/arm/build/my_keyboard_listener': CMAKE_PREFIX_PATH=${CMAKE_PREFIX_PATH}:/home/zhu/ws_moveit2/install/moveit_configs_utils:/home/zhu/ws_moveit2/install/launch_param_builder:/opt/ros/humble /usr/bin/cmake --install /home/zhu/arm/build/my_keyboard_listener
[0.464s] Level 1:colcon.colcon_core.environment:create_environment_scripts_only(arm_controler)
[0.464s] Level 1:colcon.colcon_core.environment:checking '/home/zhu/arm/install/arm_controler' for CMake module files
[0.465s] Level 1:colcon.colcon_core.environment:checking '/home/zhu/arm/install/arm_controler' for CMake config files
[0.466s] DEBUG:colcon.colcon_core.event_handler.log_command:Invoked command in '/home/zhu/arm/build/arm_controler' returned '0': CMAKE_PREFIX_PATH=${CMAKE_PREFIX_PATH}:/home/zhu/ws_moveit2/install/moveit_configs_utils:/home/zhu/ws_moveit2/install/launch_param_builder:/opt/ros/humble /usr/bin/cmake --install /home/zhu/arm/build/arm_controler
[0.470s] Level 1:colcon.colcon_core.shell:create_environment_hook('arm_controler', 'cmake_prefix_path')
[0.470s] INFO:colcon.colcon_core.shell:Creating environment hook '/home/zhu/arm/install/arm_controler/share/arm_controler/hook/cmake_prefix_path.ps1'
[0.470s] INFO:colcon.colcon_core.shell:Creating environment descriptor '/home/zhu/arm/install/arm_controler/share/arm_controler/hook/cmake_prefix_path.dsv'
[0.471s] INFO:colcon.colcon_core.shell:Creating environment hook '/home/zhu/arm/install/arm_controler/share/arm_controler/hook/cmake_prefix_path.sh'
[0.471s] Level 1:colcon.colcon_core.environment:checking '/home/zhu/arm/install/arm_controler/lib'
[0.471s] Level 1:colcon.colcon_core.environment:checking '/home/zhu/arm/install/arm_controler/bin'
[0.471s] Level 1:colcon.colcon_core.environment:checking '/home/zhu/arm/install/arm_controler/lib/pkgconfig/arm_controler.pc'
[0.472s] Level 1:colcon.colcon_core.environment:checking '/home/zhu/arm/install/arm_controler/lib/python3.10/site-packages'
[0.472s] Level 1:colcon.colcon_core.environment:checking '/home/zhu/arm/install/arm_controler/bin'
[0.472s] INFO:colcon.colcon_core.shell:Creating package script '/home/zhu/arm/install/arm_controler/share/arm_controler/package.ps1'
[0.472s] INFO:colcon.colcon_core.shell:Creating package descriptor '/home/zhu/arm/install/arm_controler/share/arm_controler/package.dsv'
[0.473s] INFO:colcon.colcon_core.shell:Creating package script '/home/zhu/arm/install/arm_controler/share/arm_controler/package.sh'
[0.473s] INFO:colcon.colcon_core.shell:Creating package script '/home/zhu/arm/install/arm_controler/share/arm_controler/package.bash'
[0.474s] INFO:colcon.colcon_core.shell:Creating package script '/home/zhu/arm/install/arm_controler/share/arm_controler/package.zsh'
[0.474s] Level 1:colcon.colcon_core.environment:create_file_with_runtime_dependencies(/home/zhu/arm/install/arm_controler/share/colcon-core/packages/arm_controler)
[0.476s] Level 1:colcon.colcon_core.environment:create_environment_scripts_only(my_keyboard_listener)
[0.476s] Level 1:colcon.colcon_core.environment:checking '/home/zhu/arm/install/my_keyboard_listener' for CMake module files
[0.476s] DEBUG:colcon.colcon_core.event_handler.log_command:Invoked command in '/home/zhu/arm/build/my_keyboard_listener' returned '0': CMAKE_PREFIX_PATH=${CMAKE_PREFIX_PATH}:/home/zhu/ws_moveit2/install/moveit_configs_utils:/home/zhu/ws_moveit2/install/launch_param_builder:/opt/ros/humble /usr/bin/cmake --install /home/zhu/arm/build/my_keyboard_listener
[0.477s] Level 1:colcon.colcon_core.environment:checking '/home/zhu/arm/install/my_keyboard_listener' for CMake config files
[0.480s] Level 1:colcon.colcon_core.shell:create_environment_hook('my_keyboard_listener', 'cmake_prefix_path')
[0.480s] INFO:colcon.colcon_core.shell:Creating environment hook '/home/zhu/arm/install/my_keyboard_listener/share/my_keyboard_listener/hook/cmake_prefix_path.ps1'
[0.480s] INFO:colcon.colcon_core.shell:Creating environment descriptor '/home/zhu/arm/install/my_keyboard_listener/share/my_keyboard_listener/hook/cmake_prefix_path.dsv'
[0.480s] INFO:colcon.colcon_core.shell:Creating environment hook '/home/zhu/arm/install/my_keyboard_listener/share/my_keyboard_listener/hook/cmake_prefix_path.sh'
[0.481s] Level 1:colcon.colcon_core.environment:checking '/home/zhu/arm/install/my_keyboard_listener/lib'
[0.481s] Level 1:colcon.colcon_core.environment:checking '/home/zhu/arm/install/my_keyboard_listener/bin'
[0.481s] Level 1:colcon.colcon_core.environment:checking '/home/zhu/arm/install/my_keyboard_listener/lib/pkgconfig/my_keyboard_listener.pc'
[0.481s] Level 1:colcon.colcon_core.environment:checking '/home/zhu/arm/install/my_keyboard_listener/lib/python3.10/site-packages'
[0.482s] Level 1:colcon.colcon_core.environment:checking '/home/zhu/arm/install/my_keyboard_listener/bin'
[0.482s] INFO:colcon.colcon_core.shell:Creating package script '/home/zhu/arm/install/my_keyboard_listener/share/my_keyboard_listener/package.ps1'
[0.482s] INFO:colcon.colcon_core.shell:Creating package descriptor '/home/zhu/arm/install/my_keyboard_listener/share/my_keyboard_listener/package.dsv'
[0.482s] INFO:colcon.colcon_core.shell:Creating package script '/home/zhu/arm/install/my_keyboard_listener/share/my_keyboard_listener/package.sh'
[0.483s] INFO:colcon.colcon_core.shell:Creating package script '/home/zhu/arm/install/my_keyboard_listener/share/my_keyboard_listener/package.bash'
[0.483s] INFO:colcon.colcon_core.shell:Creating package script '/home/zhu/arm/install/my_keyboard_listener/share/my_keyboard_listener/package.zsh'
[0.483s] Level 1:colcon.colcon_core.environment:create_file_with_runtime_dependencies(/home/zhu/arm/install/my_keyboard_listener/share/colcon-core/packages/my_keyboard_listener)
[0.484s] Level 1:colcon.colcon_core.environment:create_environment_scripts_only(arm_lcr_description)
[0.484s] Level 1:colcon.colcon_core.environment:checking '/home/zhu/arm/install/arm_lcr_description' for CMake module files
[0.485s] Level 1:colcon.colcon_core.environment:checking '/home/zhu/arm/install/arm_lcr_description' for CMake config files
[0.485s] Level 1:colcon.colcon_core.shell:create_environment_hook('arm_lcr_description', 'cmake_prefix_path')
[0.485s] INFO:colcon.colcon_core.shell:Creating environment hook '/home/zhu/arm/install/arm_lcr_description/share/arm_lcr_description/hook/cmake_prefix_path.ps1'
[0.485s] INFO:colcon.colcon_core.shell:Creating environment descriptor '/home/zhu/arm/install/arm_lcr_description/share/arm_lcr_description/hook/cmake_prefix_path.dsv'
[0.485s] INFO:colcon.colcon_core.shell:Creating environment hook '/home/zhu/arm/install/arm_lcr_description/share/arm_lcr_description/hook/cmake_prefix_path.sh'
[0.486s] Level 1:colcon.colcon_core.environment:checking '/home/zhu/arm/install/arm_lcr_description/bin'
[0.486s] Level 1:colcon.colcon_core.environment:checking '/home/zhu/arm/install/arm_lcr_description/lib/pkgconfig/arm_lcr_description.pc'
[0.486s] Level 1:colcon.colcon_core.environment:checking '/home/zhu/arm/install/arm_lcr_description/lib/python3.10/site-packages'
[0.486s] Level 1:colcon.colcon_core.environment:checking '/home/zhu/arm/install/arm_lcr_description/bin'
[0.486s] INFO:colcon.colcon_core.shell:Creating package script '/home/zhu/arm/install/arm_lcr_description/share/arm_lcr_description/package.ps1'
[0.496s] INFO:colcon.colcon_core.shell:Creating package descriptor '/home/zhu/arm/install/arm_lcr_description/share/arm_lcr_description/package.dsv'
[0.496s] INFO:colcon.colcon_core.shell:Creating package script '/home/zhu/arm/install/arm_lcr_description/share/arm_lcr_description/package.sh'
[0.496s] INFO:colcon.colcon_core.shell:Creating package script '/home/zhu/arm/install/arm_lcr_description/share/arm_lcr_description/package.bash'
[0.496s] INFO:colcon.colcon_core.shell:Creating package script '/home/zhu/arm/install/arm_lcr_description/share/arm_lcr_description/package.zsh'
[0.497s] Level 1:colcon.colcon_core.environment:create_file_with_runtime_dependencies(/home/zhu/arm/install/arm_lcr_description/share/colcon-core/packages/arm_lcr_description)
[0.513s] Level 1:colcon.colcon_core.environment:create_environment_scripts_only(arm_controler)
[0.513s] Level 1:colcon.colcon_core.environment:checking '/home/zhu/arm/install/arm_controler' for CMake module files
[0.514s] Level 1:colcon.colcon_core.environment:checking '/home/zhu/arm/install/arm_controler' for CMake config files
[0.514s] Level 1:colcon.colcon_core.shell:create_environment_hook('arm_controler', 'cmake_prefix_path')
[0.514s] INFO:colcon.colcon_core.shell:Creating environment hook '/home/zhu/arm/install/arm_controler/share/arm_controler/hook/cmake_prefix_path.ps1'
[0.514s] INFO:colcon.colcon_core.shell:Creating environment descriptor '/home/zhu/arm/install/arm_controler/share/arm_controler/hook/cmake_prefix_path.dsv'
[0.514s] INFO:colcon.colcon_core.shell:Creating environment hook '/home/zhu/arm/install/arm_controler/share/arm_controler/hook/cmake_prefix_path.sh'
[0.515s] Level 1:colcon.colcon_core.environment:checking '/home/zhu/arm/install/arm_controler/lib'
[0.515s] Level 1:colcon.colcon_core.environment:checking '/home/zhu/arm/install/arm_controler/bin'
[0.515s] Level 1:colcon.colcon_core.environment:checking '/home/zhu/arm/install/arm_controler/lib/pkgconfig/arm_controler.pc'
[0.515s] Level 1:colcon.colcon_core.environment:checking '/home/zhu/arm/install/arm_controler/lib/python3.10/site-packages'
[0.515s] Level 1:colcon.colcon_core.environment:checking '/home/zhu/arm/install/arm_controler/bin'
[0.515s] INFO:colcon.colcon_core.shell:Creating package script '/home/zhu/arm/install/arm_controler/share/arm_controler/package.ps1'
[0.515s] INFO:colcon.colcon_core.shell:Creating package descriptor '/home/zhu/arm/install/arm_controler/share/arm_controler/package.dsv'
[0.516s] INFO:colcon.colcon_core.shell:Creating package script '/home/zhu/arm/install/arm_controler/share/arm_controler/package.sh'
[0.516s] INFO:colcon.colcon_core.shell:Creating package script '/home/zhu/arm/install/arm_controler/share/arm_controler/package.bash'
[0.516s] INFO:colcon.colcon_core.shell:Creating package script '/home/zhu/arm/install/arm_controler/share/arm_controler/package.zsh'
[0.516s] Level 1:colcon.colcon_core.environment:create_file_with_runtime_dependencies(/home/zhu/arm/install/arm_controler/share/colcon-core/packages/arm_controler)
[0.517s] Level 1:colcon.colcon_core.environment:create_environment_scripts_only(my_keyboard_listener)
[0.517s] Level 1:colcon.colcon_core.environment:checking '/home/zhu/arm/install/my_keyboard_listener' for CMake module files
[0.517s] Level 1:colcon.colcon_core.environment:checking '/home/zhu/arm/install/my_keyboard_listener' for CMake config files
[0.517s] Level 1:colcon.colcon_core.shell:create_environment_hook('my_keyboard_listener', 'cmake_prefix_path')
[0.517s] INFO:colcon.colcon_core.shell:Creating environment hook '/home/zhu/arm/install/my_keyboard_listener/share/my_keyboard_listener/hook/cmake_prefix_path.ps1'
[0.518s] INFO:colcon.colcon_core.shell:Creating environment descriptor '/home/zhu/arm/install/my_keyboard_listener/share/my_keyboard_listener/hook/cmake_prefix_path.dsv'
[0.518s] INFO:colcon.colcon_core.shell:Creating environment hook '/home/zhu/arm/install/my_keyboard_listener/share/my_keyboard_listener/hook/cmake_prefix_path.sh'
[0.518s] Level 1:colcon.colcon_core.environment:checking '/home/zhu/arm/install/my_keyboard_listener/lib'
[0.518s] Level 1:colcon.colcon_core.environment:checking '/home/zhu/arm/install/my_keyboard_listener/bin'
[0.518s] Level 1:colcon.colcon_core.environment:checking '/home/zhu/arm/install/my_keyboard_listener/lib/pkgconfig/my_keyboard_listener.pc'
[0.518s] Level 1:colcon.colcon_core.environment:checking '/home/zhu/arm/install/my_keyboard_listener/lib/python3.10/site-packages'
[0.518s] Level 1:colcon.colcon_core.environment:checking '/home/zhu/arm/install/my_keyboard_listener/bin'
[0.518s] INFO:colcon.colcon_core.shell:Creating package script '/home/zhu/arm/install/my_keyboard_listener/share/my_keyboard_listener/package.ps1'
[0.519s] INFO:colcon.colcon_core.shell:Creating package descriptor '/home/zhu/arm/install/my_keyboard_listener/share/my_keyboard_listener/package.dsv'
[0.519s] INFO:colcon.colcon_core.shell:Creating package script '/home/zhu/arm/install/my_keyboard_listener/share/my_keyboard_listener/package.sh'
[0.519s] INFO:colcon.colcon_core.shell:Creating package script '/home/zhu/arm/install/my_keyboard_listener/share/my_keyboard_listener/package.bash'
[0.519s] INFO:colcon.colcon_core.shell:Creating package script '/home/zhu/arm/install/my_keyboard_listener/share/my_keyboard_listener/package.zsh'
[0.519s] Level 1:colcon.colcon_core.environment:create_file_with_runtime_dependencies(/home/zhu/arm/install/my_keyboard_listener/share/colcon-core/packages/my_keyboard_listener)
[0.520s] DEBUG:colcon.colcon_parallel_executor.executor.parallel:closing loop
[0.520s] DEBUG:colcon.colcon_parallel_executor.executor.parallel:loop closed
[0.520s] DEBUG:colcon.colcon_parallel_executor.executor.parallel:run_until_complete finished with '0'
[0.520s] DEBUG:colcon.colcon_core.event_reactor:joining thread
[0.524s] INFO:colcon.colcon_core.plugin_system:Skipping extension 'colcon_notification.desktop_notification.terminal_notifier': Not used on non-Darwin systems
[0.524s] INFO:colcon.colcon_core.plugin_system:Skipping extension 'colcon_notification.desktop_notification.win32': Not used on non-Windows systems
[0.524s] INFO:colcon.colcon_notification.desktop_notification:Sending desktop notification using 'notify2'
[0.538s] DEBUG:colcon.colcon_core.event_reactor:joined thread
[0.538s] INFO:colcon.colcon_core.shell:Creating prefix script '/home/zhu/arm/install/local_setup.ps1'
[0.539s] INFO:colcon.colcon_core.shell:Creating prefix util module '/home/zhu/arm/install/_local_setup_util_ps1.py'
[0.539s] INFO:colcon.colcon_core.shell:Creating prefix chain script '/home/zhu/arm/install/setup.ps1'
[0.541s] INFO:colcon.colcon_core.shell:Creating prefix script '/home/zhu/arm/install/local_setup.sh'
[0.541s] INFO:colcon.colcon_core.shell:Creating prefix util module '/home/zhu/arm/install/_local_setup_util_sh.py'
[0.541s] INFO:colcon.colcon_core.shell:Creating prefix chain script '/home/zhu/arm/install/setup.sh'
[0.542s] INFO:colcon.colcon_core.shell:Creating prefix script '/home/zhu/arm/install/local_setup.bash'
[0.543s] INFO:colcon.colcon_core.shell:Creating prefix chain script '/home/zhu/arm/install/setup.bash'
[0.544s] INFO:colcon.colcon_core.shell:Creating prefix script '/home/zhu/arm/install/local_setup.zsh'
[0.544s] INFO:colcon.colcon_core.shell:Creating prefix chain script '/home/zhu/arm/install/setup.zsh'
