[0.011s] Invoking command in '/home/zhu/arm/build/arm_lcr_description': CMAKE_PREFIX_PATH=${CMAKE_PREFIX_PATH}:/home/zhu/ws_moveit2/install/moveit_configs_utils:/home/zhu/ws_moveit2/install/launch_param_builder:/opt/ros/humble /usr/bin/cmake /home/zhu/arm/src/arm_lcr_description -DCMAKE_INSTALL_PREFIX=/home/zhu/arm/install/arm_lcr_description
[0.055s] -- The C compiler identification is GNU 11.4.0
[0.092s] -- The CXX compiler identification is GNU 11.4.0
[0.097s] -- Detecting C compiler ABI info
[0.158s] -- Detecting C compiler ABI info - done
[0.164s] -- Check for working C compiler: /usr/bin/cc - skipped
[0.164s] -- Detecting C compile features
[0.165s] -- Detecting C compile features - done
[0.167s] -- Detecting CXX compiler ABI info
[0.238s] -- Detecting CXX compiler ABI info - done
[0.243s] -- Check for working CXX compiler: /usr/bin/c++ - skipped
[0.243s] -- Detecting CXX compile features
[0.244s] -- Detecting CXX compile features - done
[0.247s] -- Found ament_cmake: 1.3.10 (/opt/ros/humble/share/ament_cmake/cmake)
[0.370s] -- Found Python3: /usr/bin/python3 (found version "3.10.12") found components: Interpreter 
[0.450s] -- Found rclcpp: 16.0.10 (/opt/ros/humble/share/rclcpp/cmake)
[0.495s] -- Found rosidl_generator_c: 3.1.5 (/opt/ros/humble/share/rosidl_generator_c/cmake)
[0.505s] -- Found rosidl_adapter: 3.1.5 (/opt/ros/humble/share/rosidl_adapter/cmake)
[0.514s] -- Found rosidl_generator_cpp: 3.1.5 (/opt/ros/humble/share/rosidl_generator_cpp/cmake)
[0.527s] -- Using all available rosidl_typesupport_c: rosidl_typesupport_fastrtps_c;rosidl_typesupport_introspection_c
[0.546s] -- Using all available rosidl_typesupport_cpp: rosidl_typesupport_fastrtps_cpp;rosidl_typesupport_introspection_cpp
[0.602s] -- Found rmw_implementation_cmake: 6.1.2 (/opt/ros/humble/share/rmw_implementation_cmake/cmake)
[0.607s] -- Found rmw_fastrtps_cpp: 6.2.7 (/opt/ros/humble/share/rmw_fastrtps_cpp/cmake)
[0.711s] -- Found OpenSSL: /usr/lib/x86_64-linux-gnu/libcrypto.so (found version "3.0.2")  
[0.733s] -- Found FastRTPS: /opt/ros/humble/include  
[0.772s] -- Using RMW implementation 'rmw_fastrtps_cpp' as default
[0.791s] -- Looking for pthread.h
[0.862s] -- Looking for pthread.h - found
[0.862s] -- Performing Test CMAKE_HAVE_LIBC_PTHREAD
[0.922s] -- Performing Test CMAKE_HAVE_LIBC_PTHREAD - Success
[0.923s] -- Found Threads: TRUE  
[0.978s] -- Found sensor_msgs: 4.2.4 (/opt/ros/humble/share/sensor_msgs/cmake)
[1.005s] -- Found ament_lint_auto: 0.12.11 (/opt/ros/humble/share/ament_lint_auto/cmake)
[1.079s] -- Added test 'flake8' to check Python code syntax and style conventions
[1.080s] -- Added test 'lint_cmake' to check CMake code style
[1.080s] -- Added test 'pep257' to check Python code against some of the docstring style conventions in PEP 257
[1.081s] -- Added test 'xmllint' to check XML markup files
[1.083s] -- Configuring done
[1.085s] -- Generating done
[1.085s] -- Build files have been written to: /home/zhu/arm/build/arm_lcr_description
[1.091s] Invoked command in '/home/zhu/arm/build/arm_lcr_description' returned '0': CMAKE_PREFIX_PATH=${CMAKE_PREFIX_PATH}:/home/zhu/ws_moveit2/install/moveit_configs_utils:/home/zhu/ws_moveit2/install/launch_param_builder:/opt/ros/humble /usr/bin/cmake /home/zhu/arm/src/arm_lcr_description -DCMAKE_INSTALL_PREFIX=/home/zhu/arm/install/arm_lcr_description
[1.093s] Invoking command in '/home/zhu/arm/build/arm_lcr_description': CMAKE_PREFIX_PATH=${CMAKE_PREFIX_PATH}:/home/zhu/ws_moveit2/install/moveit_configs_utils:/home/zhu/ws_moveit2/install/launch_param_builder:/opt/ros/humble /usr/bin/cmake --build /home/zhu/arm/build/arm_lcr_description -- -j32 -l32
[1.128s] Invoked command in '/home/zhu/arm/build/arm_lcr_description' returned '0': CMAKE_PREFIX_PATH=${CMAKE_PREFIX_PATH}:/home/zhu/ws_moveit2/install/moveit_configs_utils:/home/zhu/ws_moveit2/install/launch_param_builder:/opt/ros/humble /usr/bin/cmake --build /home/zhu/arm/build/arm_lcr_description -- -j32 -l32
[1.166s] Invoking command in '/home/zhu/arm/build/arm_lcr_description': CMAKE_PREFIX_PATH=${CMAKE_PREFIX_PATH}:/home/zhu/ws_moveit2/install/moveit_configs_utils:/home/zhu/ws_moveit2/install/launch_param_builder:/opt/ros/humble /usr/bin/cmake --install /home/zhu/arm/build/arm_lcr_description
[1.172s] -- Install configuration: ""
[1.172s] -- Installing: /home/zhu/arm/install/arm_lcr_description/share/arm_lcr_description/launch
[1.172s] -- Installing: /home/zhu/arm/install/arm_lcr_description/share/arm_lcr_description/launch/display.launch.py
[1.172s] -- Installing: /home/zhu/arm/install/arm_lcr_description/share/arm_lcr_description/launch/gazebo.launch
[1.172s] -- Installing: /home/zhu/arm/install/arm_lcr_description/share/arm_lcr_description/meshes
[1.172s] -- Installing: /home/zhu/arm/install/arm_lcr_description/share/arm_lcr_description/meshes/base_link.STL
[1.175s] -- Installing: /home/zhu/arm/install/arm_lcr_description/share/arm_lcr_description/meshes/link3.STL
[1.180s] -- Installing: /home/zhu/arm/install/arm_lcr_description/share/arm_lcr_description/meshes/link6.STL
[1.180s] -- Installing: /home/zhu/arm/install/arm_lcr_description/share/arm_lcr_description/meshes/link4.STL
[1.187s] -- Installing: /home/zhu/arm/install/arm_lcr_description/share/arm_lcr_description/meshes/link2.STL
[1.191s] -- Installing: /home/zhu/arm/install/arm_lcr_description/share/arm_lcr_description/meshes/link5.STL
[1.195s] -- Installing: /home/zhu/arm/install/arm_lcr_description/share/arm_lcr_description/meshes/link1.STL
[1.198s] -- Installing: /home/zhu/arm/install/arm_lcr_description/share/arm_lcr_description/rviz
[1.199s] -- Installing: /home/zhu/arm/install/arm_lcr_description/share/arm_lcr_description/rviz/urdf.rviz
[1.199s] -- Installing: /home/zhu/arm/install/arm_lcr_description/share/arm_lcr_description/urdf
[1.199s] -- Installing: /home/zhu/arm/install/arm_lcr_description/share/arm_lcr_description/urdf/arm_lcr_description.csv
[1.199s] -- Installing: /home/zhu/arm/install/arm_lcr_description/share/arm_lcr_description/urdf/arm_lcr_description.urdf
[1.199s] -- Installing: /home/zhu/arm/install/arm_lcr_description/share/arm_lcr_description/config
[1.199s] -- Installing: /home/zhu/arm/install/arm_lcr_description/share/arm_lcr_description/config/joint_names_arm_lcr_description.yaml
[1.199s] -- Installing: /home/zhu/arm/install/arm_lcr_description/share/ament_index/resource_index/package_run_dependencies/arm_lcr_description
[1.199s] -- Installing: /home/zhu/arm/install/arm_lcr_description/share/ament_index/resource_index/parent_prefix_path/arm_lcr_description
[1.199s] -- Installing: /home/zhu/arm/install/arm_lcr_description/share/arm_lcr_description/environment/ament_prefix_path.sh
[1.199s] -- Installing: /home/zhu/arm/install/arm_lcr_description/share/arm_lcr_description/environment/ament_prefix_path.dsv
[1.199s] -- Installing: /home/zhu/arm/install/arm_lcr_description/share/arm_lcr_description/environment/path.sh
[1.199s] -- Installing: /home/zhu/arm/install/arm_lcr_description/share/arm_lcr_description/environment/path.dsv
[1.199s] -- Installing: /home/zhu/arm/install/arm_lcr_description/share/arm_lcr_description/local_setup.bash
[1.199s] -- Installing: /home/zhu/arm/install/arm_lcr_description/share/arm_lcr_description/local_setup.sh
[1.199s] -- Installing: /home/zhu/arm/install/arm_lcr_description/share/arm_lcr_description/local_setup.zsh
[1.199s] -- Installing: /home/zhu/arm/install/arm_lcr_description/share/arm_lcr_description/local_setup.dsv
[1.199s] -- Installing: /home/zhu/arm/install/arm_lcr_description/share/arm_lcr_description/package.dsv
[1.199s] -- Installing: /home/zhu/arm/install/arm_lcr_description/share/ament_index/resource_index/packages/arm_lcr_description
[1.199s] -- Installing: /home/zhu/arm/install/arm_lcr_description/share/arm_lcr_description/cmake/arm_lcr_descriptionConfig.cmake
[1.199s] -- Installing: /home/zhu/arm/install/arm_lcr_description/share/arm_lcr_description/cmake/arm_lcr_descriptionConfig-version.cmake
[1.200s] -- Installing: /home/zhu/arm/install/arm_lcr_description/share/arm_lcr_description/package.xml
[1.201s] Invoked command in '/home/zhu/arm/build/arm_lcr_description' returned '0': CMAKE_PREFIX_PATH=${CMAKE_PREFIX_PATH}:/home/zhu/ws_moveit2/install/moveit_configs_utils:/home/zhu/ws_moveit2/install/launch_param_builder:/opt/ros/humble /usr/bin/cmake --install /home/zhu/arm/build/arm_lcr_description
