[0.061s] DEBUG:colcon:Command line arguments: ['/usr/bin/colcon', 'build']
[0.061s] DEBUG:colcon:Parsed command line arguments: Namespace(log_base=None, log_level=None, verb_name='build', build_base='build', install_base='install', merge_install=False, symlink_install=False, test_result_base=None, continue_on_error=False, executor='parallel', parallel_workers=32, event_handlers=None, ignore_user_meta=False, metas=['./colcon.meta'], base_paths=['.'], packages_ignore=None, packages_ignore_regex=None, paths=None, packages_up_to=None, packages_up_to_regex=None, packages_above=None, packages_above_and_dependencies=None, packages_above_depth=None, packages_select_by_dep=None, packages_skip_by_dep=None, packages_skip_up_to=None, packages_select_build_failed=False, packages_skip_build_finished=False, packages_select_test_failures=False, packages_skip_test_passed=False, packages_select=None, packages_skip=None, packages_select_regex=None, packages_skip_regex=None, packages_start=None, packages_end=None, allow_overriding=[], cmake_args=None, cmake_target=None, cmake_target_skip_unavailable=False, cmake_clean_cache=False, cmake_clean_first=False, cmake_force_configure=False, ament_cmake_args=None, catkin_cmake_args=None, catkin_skip_building_tests=False, mixin_files=None, mixin=None, verb_parser=<colcon_mixin.mixin.mixin_argument.MixinArgumentDecorator object at 0x733a28bf7340>, verb_extension=<colcon_core.verb.build.BuildVerb object at 0x733a28bf6d40>, main=<bound method BuildVerb.main of <colcon_core.verb.build.BuildVerb object at 0x733a28bf6d40>>, mixin_verb=('build',))
[0.151s] Level 1:colcon.colcon_core.package_discovery:discover_packages(colcon_meta) check parameters
[0.151s] Level 1:colcon.colcon_core.package_discovery:discover_packages(recursive) check parameters
[0.151s] Level 1:colcon.colcon_core.package_discovery:discover_packages(ignore) check parameters
[0.151s] Level 1:colcon.colcon_core.package_discovery:discover_packages(path) check parameters
[0.151s] Level 1:colcon.colcon_core.package_discovery:discover_packages(colcon_meta) discover
[0.151s] Level 1:colcon.colcon_core.package_discovery:discover_packages(recursive) discover
[0.151s] INFO:colcon.colcon_core.package_discovery:Crawling recursively for packages in '/home/zhu/arm'
[0.151s] Level 1:colcon.colcon_core.package_identification:_identify(.) by extensions ['ignore', 'ignore_ament_install']
[0.151s] Level 1:colcon.colcon_core.package_identification:_identify(.) by extension 'ignore'
[0.151s] Level 1:colcon.colcon_core.package_identification:_identify(.) by extension 'ignore_ament_install'
[0.151s] Level 1:colcon.colcon_core.package_identification:_identify(.) by extensions ['colcon_pkg']
[0.151s] Level 1:colcon.colcon_core.package_identification:_identify(.) by extension 'colcon_pkg'
[0.151s] Level 1:colcon.colcon_core.package_identification:_identify(.) by extensions ['colcon_meta']
[0.151s] Level 1:colcon.colcon_core.package_identification:_identify(.) by extension 'colcon_meta'
[0.151s] Level 1:colcon.colcon_core.package_identification:_identify(.) by extensions ['ros']
[0.151s] Level 1:colcon.colcon_core.package_identification:_identify(.) by extension 'ros'
[0.157s] Level 1:colcon.colcon_core.package_identification:_identify(.) by extensions ['cmake', 'python']
[0.157s] Level 1:colcon.colcon_core.package_identification:_identify(.) by extension 'cmake'
[0.157s] Level 1:colcon.colcon_core.package_identification:_identify(.) by extension 'python'
[0.157s] Level 1:colcon.colcon_core.package_identification:_identify(.) by extensions ['python_setup_py']
[0.157s] Level 1:colcon.colcon_core.package_identification:_identify(.) by extension 'python_setup_py'
[0.157s] Level 1:colcon.colcon_core.package_identification:_identify(build) by extensions ['ignore', 'ignore_ament_install']
[0.157s] Level 1:colcon.colcon_core.package_identification:_identify(build) by extension 'ignore'
[0.157s] Level 1:colcon.colcon_core.package_identification:_identify(build) ignored
[0.158s] Level 1:colcon.colcon_core.package_identification:_identify(install) by extensions ['ignore', 'ignore_ament_install']
[0.158s] Level 1:colcon.colcon_core.package_identification:_identify(install) by extension 'ignore'
[0.158s] Level 1:colcon.colcon_core.package_identification:_identify(install) ignored
[0.158s] Level 1:colcon.colcon_core.package_identification:_identify(log) by extensions ['ignore', 'ignore_ament_install']
[0.158s] Level 1:colcon.colcon_core.package_identification:_identify(log) by extension 'ignore'
[0.158s] Level 1:colcon.colcon_core.package_identification:_identify(log) ignored
[0.158s] Level 1:colcon.colcon_core.package_identification:_identify(src) by extensions ['ignore', 'ignore_ament_install']
[0.158s] Level 1:colcon.colcon_core.package_identification:_identify(src) by extension 'ignore'
[0.158s] Level 1:colcon.colcon_core.package_identification:_identify(src) by extension 'ignore_ament_install'
[0.158s] Level 1:colcon.colcon_core.package_identification:_identify(src) by extensions ['colcon_pkg']
[0.158s] Level 1:colcon.colcon_core.package_identification:_identify(src) by extension 'colcon_pkg'
[0.158s] Level 1:colcon.colcon_core.package_identification:_identify(src) by extensions ['colcon_meta']
[0.158s] Level 1:colcon.colcon_core.package_identification:_identify(src) by extension 'colcon_meta'
[0.158s] Level 1:colcon.colcon_core.package_identification:_identify(src) by extensions ['ros']
[0.158s] Level 1:colcon.colcon_core.package_identification:_identify(src) by extension 'ros'
[0.158s] Level 1:colcon.colcon_core.package_identification:_identify(src) by extensions ['cmake', 'python']
[0.158s] Level 1:colcon.colcon_core.package_identification:_identify(src) by extension 'cmake'
[0.158s] Level 1:colcon.colcon_core.package_identification:_identify(src) by extension 'python'
[0.158s] Level 1:colcon.colcon_core.package_identification:_identify(src) by extensions ['python_setup_py']
[0.158s] Level 1:colcon.colcon_core.package_identification:_identify(src) by extension 'python_setup_py'
[0.158s] Level 1:colcon.colcon_core.package_identification:_identify(src/arm_controler) by extensions ['ignore', 'ignore_ament_install']
[0.158s] Level 1:colcon.colcon_core.package_identification:_identify(src/arm_controler) by extension 'ignore'
[0.158s] Level 1:colcon.colcon_core.package_identification:_identify(src/arm_controler) by extension 'ignore_ament_install'
[0.158s] Level 1:colcon.colcon_core.package_identification:_identify(src/arm_controler) by extensions ['colcon_pkg']
[0.158s] Level 1:colcon.colcon_core.package_identification:_identify(src/arm_controler) by extension 'colcon_pkg'
[0.158s] Level 1:colcon.colcon_core.package_identification:_identify(src/arm_controler) by extensions ['colcon_meta']
[0.158s] Level 1:colcon.colcon_core.package_identification:_identify(src/arm_controler) by extension 'colcon_meta'
[0.158s] Level 1:colcon.colcon_core.package_identification:_identify(src/arm_controler) by extensions ['ros']
[0.158s] Level 1:colcon.colcon_core.package_identification:_identify(src/arm_controler) by extension 'ros'
[0.160s] DEBUG:colcon.colcon_core.package_identification:Package 'src/arm_controler' with type 'ros.ament_cmake' and name 'arm_controler'
[0.160s] Level 1:colcon.colcon_core.package_identification:_identify(src/arm_lcr_description) by extensions ['ignore', 'ignore_ament_install']
[0.160s] Level 1:colcon.colcon_core.package_identification:_identify(src/arm_lcr_description) by extension 'ignore'
[0.160s] Level 1:colcon.colcon_core.package_identification:_identify(src/arm_lcr_description) by extension 'ignore_ament_install'
[0.160s] Level 1:colcon.colcon_core.package_identification:_identify(src/arm_lcr_description) by extensions ['colcon_pkg']
[0.160s] Level 1:colcon.colcon_core.package_identification:_identify(src/arm_lcr_description) by extension 'colcon_pkg'
[0.160s] Level 1:colcon.colcon_core.package_identification:_identify(src/arm_lcr_description) by extensions ['colcon_meta']
[0.160s] Level 1:colcon.colcon_core.package_identification:_identify(src/arm_lcr_description) by extension 'colcon_meta'
[0.160s] Level 1:colcon.colcon_core.package_identification:_identify(src/arm_lcr_description) by extensions ['ros']
[0.160s] Level 1:colcon.colcon_core.package_identification:_identify(src/arm_lcr_description) by extension 'ros'
[0.161s] DEBUG:colcon.colcon_core.package_identification:Package 'src/arm_lcr_description' with type 'ros.ament_cmake' and name 'arm_lcr_description'
[0.161s] Level 1:colcon.colcon_core.package_identification:_identify(src/arm_llc_moveit_config) by extensions ['ignore', 'ignore_ament_install']
[0.161s] Level 1:colcon.colcon_core.package_identification:_identify(src/arm_llc_moveit_config) by extension 'ignore'
[0.161s] Level 1:colcon.colcon_core.package_identification:_identify(src/arm_llc_moveit_config) by extension 'ignore_ament_install'
[0.161s] Level 1:colcon.colcon_core.package_identification:_identify(src/arm_llc_moveit_config) by extensions ['colcon_pkg']
[0.161s] Level 1:colcon.colcon_core.package_identification:_identify(src/arm_llc_moveit_config) by extension 'colcon_pkg'
[0.161s] Level 1:colcon.colcon_core.package_identification:_identify(src/arm_llc_moveit_config) by extensions ['colcon_meta']
[0.161s] Level 1:colcon.colcon_core.package_identification:_identify(src/arm_llc_moveit_config) by extension 'colcon_meta'
[0.161s] Level 1:colcon.colcon_core.package_identification:_identify(src/arm_llc_moveit_config) by extensions ['ros']
[0.161s] Level 1:colcon.colcon_core.package_identification:_identify(src/arm_llc_moveit_config) by extension 'ros'
[0.161s] DEBUG:colcon.colcon_core.package_identification:Package 'src/arm_llc_moveit_config' with type 'ros.ament_cmake' and name 'arm_llc_moveit_config'
[0.161s] Level 1:colcon.colcon_core.package_identification:_identify(src/my_keyboard_listener) by extensions ['ignore', 'ignore_ament_install']
[0.161s] Level 1:colcon.colcon_core.package_identification:_identify(src/my_keyboard_listener) by extension 'ignore'
[0.161s] Level 1:colcon.colcon_core.package_identification:_identify(src/my_keyboard_listener) by extension 'ignore_ament_install'
[0.161s] Level 1:colcon.colcon_core.package_identification:_identify(src/my_keyboard_listener) by extensions ['colcon_pkg']
[0.161s] Level 1:colcon.colcon_core.package_identification:_identify(src/my_keyboard_listener) by extension 'colcon_pkg'
[0.162s] Level 1:colcon.colcon_core.package_identification:_identify(src/my_keyboard_listener) by extensions ['colcon_meta']
[0.162s] Level 1:colcon.colcon_core.package_identification:_identify(src/my_keyboard_listener) by extension 'colcon_meta'
[0.162s] Level 1:colcon.colcon_core.package_identification:_identify(src/my_keyboard_listener) by extensions ['ros']
[0.162s] Level 1:colcon.colcon_core.package_identification:_identify(src/my_keyboard_listener) by extension 'ros'
[0.162s] DEBUG:colcon.colcon_core.package_identification:Package 'src/my_keyboard_listener' with type 'ros.ament_cmake' and name 'my_keyboard_listener'
[0.162s] Level 1:colcon.colcon_core.package_discovery:discover_packages(recursive) using defaults
[0.162s] Level 1:colcon.colcon_core.package_discovery:discover_packages(ignore) discover
[0.162s] Level 1:colcon.colcon_core.package_discovery:discover_packages(ignore) using defaults
[0.162s] Level 1:colcon.colcon_core.package_discovery:discover_packages(path) discover
[0.162s] Level 1:colcon.colcon_core.package_discovery:discover_packages(path) using defaults
[0.177s] Level 1:colcon.colcon_core.package_discovery:discover_packages(prefix_path) check parameters
[0.177s] Level 1:colcon.colcon_core.package_discovery:discover_packages(prefix_path) discover
[0.179s] DEBUG:colcon.colcon_installed_package_information.package_discovery:Found 55 installed packages in /home/zhu/ws_moveit2/install
[0.180s] DEBUG:colcon.colcon_installed_package_information.package_discovery:Found 366 installed packages in /opt/ros/humble
[0.181s] Level 1:colcon.colcon_core.package_discovery:discover_packages(prefix_path) using defaults
[0.206s] Level 5:colcon.colcon_core.verb:set package 'arm_controler' build argument 'cmake_args' from command line to 'None'
[0.206s] Level 5:colcon.colcon_core.verb:set package 'arm_controler' build argument 'cmake_target' from command line to 'None'
[0.206s] Level 5:colcon.colcon_core.verb:set package 'arm_controler' build argument 'cmake_target_skip_unavailable' from command line to 'False'
[0.206s] Level 5:colcon.colcon_core.verb:set package 'arm_controler' build argument 'cmake_clean_cache' from command line to 'False'
[0.206s] Level 5:colcon.colcon_core.verb:set package 'arm_controler' build argument 'cmake_clean_first' from command line to 'False'
[0.206s] Level 5:colcon.colcon_core.verb:set package 'arm_controler' build argument 'cmake_force_configure' from command line to 'False'
[0.206s] Level 5:colcon.colcon_core.verb:set package 'arm_controler' build argument 'ament_cmake_args' from command line to 'None'
[0.206s] Level 5:colcon.colcon_core.verb:set package 'arm_controler' build argument 'catkin_cmake_args' from command line to 'None'
[0.206s] Level 5:colcon.colcon_core.verb:set package 'arm_controler' build argument 'catkin_skip_building_tests' from command line to 'False'
[0.206s] DEBUG:colcon.colcon_core.verb:Building package 'arm_controler' with the following arguments: {'ament_cmake_args': None, 'build_base': '/home/zhu/arm/build/arm_controler', 'catkin_cmake_args': None, 'catkin_skip_building_tests': False, 'cmake_args': None, 'cmake_clean_cache': False, 'cmake_clean_first': False, 'cmake_force_configure': False, 'cmake_target': None, 'cmake_target_skip_unavailable': False, 'install_base': '/home/zhu/arm/install/arm_controler', 'merge_install': False, 'path': '/home/zhu/arm/src/arm_controler', 'symlink_install': False, 'test_result_base': None}
[0.206s] Level 5:colcon.colcon_core.verb:set package 'arm_lcr_description' build argument 'cmake_args' from command line to 'None'
[0.206s] Level 5:colcon.colcon_core.verb:set package 'arm_lcr_description' build argument 'cmake_target' from command line to 'None'
[0.206s] Level 5:colcon.colcon_core.verb:set package 'arm_lcr_description' build argument 'cmake_target_skip_unavailable' from command line to 'False'
[0.206s] Level 5:colcon.colcon_core.verb:set package 'arm_lcr_description' build argument 'cmake_clean_cache' from command line to 'False'
[0.206s] Level 5:colcon.colcon_core.verb:set package 'arm_lcr_description' build argument 'cmake_clean_first' from command line to 'False'
[0.206s] Level 5:colcon.colcon_core.verb:set package 'arm_lcr_description' build argument 'cmake_force_configure' from command line to 'False'
[0.206s] Level 5:colcon.colcon_core.verb:set package 'arm_lcr_description' build argument 'ament_cmake_args' from command line to 'None'
[0.206s] Level 5:colcon.colcon_core.verb:set package 'arm_lcr_description' build argument 'catkin_cmake_args' from command line to 'None'
[0.206s] Level 5:colcon.colcon_core.verb:set package 'arm_lcr_description' build argument 'catkin_skip_building_tests' from command line to 'False'
[0.206s] DEBUG:colcon.colcon_core.verb:Building package 'arm_lcr_description' with the following arguments: {'ament_cmake_args': None, 'build_base': '/home/zhu/arm/build/arm_lcr_description', 'catkin_cmake_args': None, 'catkin_skip_building_tests': False, 'cmake_args': None, 'cmake_clean_cache': False, 'cmake_clean_first': False, 'cmake_force_configure': False, 'cmake_target': None, 'cmake_target_skip_unavailable': False, 'install_base': '/home/zhu/arm/install/arm_lcr_description', 'merge_install': False, 'path': '/home/zhu/arm/src/arm_lcr_description', 'symlink_install': False, 'test_result_base': None}
[0.207s] Level 5:colcon.colcon_core.verb:set package 'my_keyboard_listener' build argument 'cmake_args' from command line to 'None'
[0.207s] Level 5:colcon.colcon_core.verb:set package 'my_keyboard_listener' build argument 'cmake_target' from command line to 'None'
[0.207s] Level 5:colcon.colcon_core.verb:set package 'my_keyboard_listener' build argument 'cmake_target_skip_unavailable' from command line to 'False'
[0.207s] Level 5:colcon.colcon_core.verb:set package 'my_keyboard_listener' build argument 'cmake_clean_cache' from command line to 'False'
[0.207s] Level 5:colcon.colcon_core.verb:set package 'my_keyboard_listener' build argument 'cmake_clean_first' from command line to 'False'
[0.207s] Level 5:colcon.colcon_core.verb:set package 'my_keyboard_listener' build argument 'cmake_force_configure' from command line to 'False'
[0.207s] Level 5:colcon.colcon_core.verb:set package 'my_keyboard_listener' build argument 'ament_cmake_args' from command line to 'None'
[0.207s] Level 5:colcon.colcon_core.verb:set package 'my_keyboard_listener' build argument 'catkin_cmake_args' from command line to 'None'
[0.207s] Level 5:colcon.colcon_core.verb:set package 'my_keyboard_listener' build argument 'catkin_skip_building_tests' from command line to 'False'
[0.207s] DEBUG:colcon.colcon_core.verb:Building package 'my_keyboard_listener' with the following arguments: {'ament_cmake_args': None, 'build_base': '/home/zhu/arm/build/my_keyboard_listener', 'catkin_cmake_args': None, 'catkin_skip_building_tests': False, 'cmake_args': None, 'cmake_clean_cache': False, 'cmake_clean_first': False, 'cmake_force_configure': False, 'cmake_target': None, 'cmake_target_skip_unavailable': False, 'install_base': '/home/zhu/arm/install/my_keyboard_listener', 'merge_install': False, 'path': '/home/zhu/arm/src/my_keyboard_listener', 'symlink_install': False, 'test_result_base': None}
[0.207s] Level 5:colcon.colcon_core.verb:set package 'arm_llc_moveit_config' build argument 'cmake_args' from command line to 'None'
[0.207s] Level 5:colcon.colcon_core.verb:set package 'arm_llc_moveit_config' build argument 'cmake_target' from command line to 'None'
[0.207s] Level 5:colcon.colcon_core.verb:set package 'arm_llc_moveit_config' build argument 'cmake_target_skip_unavailable' from command line to 'False'
[0.207s] Level 5:colcon.colcon_core.verb:set package 'arm_llc_moveit_config' build argument 'cmake_clean_cache' from command line to 'False'
[0.207s] Level 5:colcon.colcon_core.verb:set package 'arm_llc_moveit_config' build argument 'cmake_clean_first' from command line to 'False'
[0.207s] Level 5:colcon.colcon_core.verb:set package 'arm_llc_moveit_config' build argument 'cmake_force_configure' from command line to 'False'
[0.207s] Level 5:colcon.colcon_core.verb:set package 'arm_llc_moveit_config' build argument 'ament_cmake_args' from command line to 'None'
[0.207s] Level 5:colcon.colcon_core.verb:set package 'arm_llc_moveit_config' build argument 'catkin_cmake_args' from command line to 'None'
[0.207s] Level 5:colcon.colcon_core.verb:set package 'arm_llc_moveit_config' build argument 'catkin_skip_building_tests' from command line to 'False'
[0.207s] DEBUG:colcon.colcon_core.verb:Building package 'arm_llc_moveit_config' with the following arguments: {'ament_cmake_args': None, 'build_base': '/home/zhu/arm/build/arm_llc_moveit_config', 'catkin_cmake_args': None, 'catkin_skip_building_tests': False, 'cmake_args': None, 'cmake_clean_cache': False, 'cmake_clean_first': False, 'cmake_force_configure': False, 'cmake_target': None, 'cmake_target_skip_unavailable': False, 'install_base': '/home/zhu/arm/install/arm_llc_moveit_config', 'merge_install': False, 'path': '/home/zhu/arm/src/arm_llc_moveit_config', 'symlink_install': False, 'test_result_base': None}
[0.207s] INFO:colcon.colcon_core.executor:Executing jobs using 'parallel' executor
[0.208s] DEBUG:colcon.colcon_parallel_executor.executor.parallel:run_until_complete
[0.208s] INFO:colcon.colcon_ros.task.ament_cmake.build:Building ROS package in '/home/zhu/arm/src/arm_lcr_description' with build type 'ament_cmake'
[0.208s] INFO:colcon.colcon_cmake.task.cmake.build:Building CMake package in '/home/zhu/arm/src/arm_lcr_description'
[0.209s] INFO:colcon.colcon_core.plugin_system:Skipping extension 'colcon_core.shell.bat': Not used on non-Windows systems
[0.209s] INFO:colcon.colcon_core.shell:Skip shell extension 'powershell' for command environment: Not usable outside of PowerShell
[0.209s] DEBUG:colcon.colcon_core.shell:Skip shell extension 'dsv' for command environment
[0.213s] INFO:colcon.colcon_ros.task.ament_cmake.build:Building ROS package in '/home/zhu/arm/src/arm_controler' with build type 'ament_cmake'
[0.213s] INFO:colcon.colcon_cmake.task.cmake.build:Building CMake package in '/home/zhu/arm/src/arm_controler'
[0.213s] INFO:colcon.colcon_core.shell:Skip shell extension 'powershell' for command environment: Not usable outside of PowerShell
[0.213s] DEBUG:colcon.colcon_core.shell:Skip shell extension 'dsv' for command environment
[0.217s] INFO:colcon.colcon_ros.task.ament_cmake.build:Building ROS package in '/home/zhu/arm/src/my_keyboard_listener' with build type 'ament_cmake'
[0.217s] INFO:colcon.colcon_cmake.task.cmake.build:Building CMake package in '/home/zhu/arm/src/my_keyboard_listener'
[0.217s] INFO:colcon.colcon_core.shell:Skip shell extension 'powershell' for command environment: Not usable outside of PowerShell
[0.217s] DEBUG:colcon.colcon_core.shell:Skip shell extension 'dsv' for command environment
[0.224s] DEBUG:colcon.colcon_core.event_handler.log_command:Invoking command in '/home/zhu/arm/build/arm_lcr_description': CMAKE_PREFIX_PATH=${CMAKE_PREFIX_PATH}:/home/zhu/ws_moveit2/install/moveit_configs_utils:/home/zhu/ws_moveit2/install/launch_param_builder:/opt/ros/humble /usr/bin/cmake --build /home/zhu/arm/build/arm_lcr_description -- -j32 -l32
[0.227s] DEBUG:colcon.colcon_core.event_handler.log_command:Invoking command in '/home/zhu/arm/build/arm_controler': CMAKE_PREFIX_PATH=${CMAKE_PREFIX_PATH}:/home/zhu/ws_moveit2/install/moveit_configs_utils:/home/zhu/ws_moveit2/install/launch_param_builder:/opt/ros/humble /usr/bin/cmake --build /home/zhu/arm/build/arm_controler -- -j32 -l32
[0.230s] DEBUG:colcon.colcon_core.event_handler.log_command:Invoking command in '/home/zhu/arm/build/my_keyboard_listener': CMAKE_PREFIX_PATH=${CMAKE_PREFIX_PATH}:/home/zhu/ws_moveit2/install/moveit_configs_utils:/home/zhu/ws_moveit2/install/launch_param_builder:/opt/ros/humble /usr/bin/cmake --build /home/zhu/arm/build/my_keyboard_listener -- -j32 -l32
[0.261s] DEBUG:colcon.colcon_core.event_handler.log_command:Invoked command in '/home/zhu/arm/build/arm_lcr_description' returned '0': CMAKE_PREFIX_PATH=${CMAKE_PREFIX_PATH}:/home/zhu/ws_moveit2/install/moveit_configs_utils:/home/zhu/ws_moveit2/install/launch_param_builder:/opt/ros/humble /usr/bin/cmake --build /home/zhu/arm/build/arm_lcr_description -- -j32 -l32
[0.298s] DEBUG:colcon.colcon_core.event_handler.log_command:Invoking command in '/home/zhu/arm/build/arm_lcr_description': CMAKE_PREFIX_PATH=${CMAKE_PREFIX_PATH}:/home/zhu/ws_moveit2/install/moveit_configs_utils:/home/zhu/ws_moveit2/install/launch_param_builder:/opt/ros/humble /usr/bin/cmake --install /home/zhu/arm/build/arm_lcr_description
[0.300s] DEBUG:colcon.colcon_core.event_handler.log_command:Invoked command in '/home/zhu/arm/build/arm_controler' returned '0': CMAKE_PREFIX_PATH=${CMAKE_PREFIX_PATH}:/home/zhu/ws_moveit2/install/moveit_configs_utils:/home/zhu/ws_moveit2/install/launch_param_builder:/opt/ros/humble /usr/bin/cmake --build /home/zhu/arm/build/arm_controler -- -j32 -l32
[0.301s] DEBUG:colcon.colcon_core.event_handler.log_command:Invoked command in '/home/zhu/arm/build/my_keyboard_listener' returned '0': CMAKE_PREFIX_PATH=${CMAKE_PREFIX_PATH}:/home/zhu/ws_moveit2/install/moveit_configs_utils:/home/zhu/ws_moveit2/install/launch_param_builder:/opt/ros/humble /usr/bin/cmake --build /home/zhu/arm/build/my_keyboard_listener -- -j32 -l32
[0.305s] Level 1:colcon.colcon_core.environment:create_environment_scripts_only(arm_lcr_description)
[0.306s] DEBUG:colcon.colcon_core.event_handler.log_command:Invoked command in '/home/zhu/arm/build/arm_lcr_description' returned '0': CMAKE_PREFIX_PATH=${CMAKE_PREFIX_PATH}:/home/zhu/ws_moveit2/install/moveit_configs_utils:/home/zhu/ws_moveit2/install/launch_param_builder:/opt/ros/humble /usr/bin/cmake --install /home/zhu/arm/build/arm_lcr_description
[0.308s] Level 1:colcon.colcon_core.environment:checking '/home/zhu/arm/install/arm_lcr_description' for CMake module files
[0.308s] Level 1:colcon.colcon_core.environment:checking '/home/zhu/arm/install/arm_lcr_description' for CMake config files
[0.309s] Level 1:colcon.colcon_core.shell:create_environment_hook('arm_lcr_description', 'cmake_prefix_path')
[0.309s] INFO:colcon.colcon_core.shell:Creating environment hook '/home/zhu/arm/install/arm_lcr_description/share/arm_lcr_description/hook/cmake_prefix_path.ps1'
[0.309s] INFO:colcon.colcon_core.shell:Creating environment descriptor '/home/zhu/arm/install/arm_lcr_description/share/arm_lcr_description/hook/cmake_prefix_path.dsv'
[0.310s] INFO:colcon.colcon_core.shell:Creating environment hook '/home/zhu/arm/install/arm_lcr_description/share/arm_lcr_description/hook/cmake_prefix_path.sh'
[0.311s] Level 1:colcon.colcon_core.environment:checking '/home/zhu/arm/install/arm_lcr_description/bin'
[0.311s] Level 1:colcon.colcon_core.environment:checking '/home/zhu/arm/install/arm_lcr_description/lib/pkgconfig/arm_lcr_description.pc'
[0.311s] Level 1:colcon.colcon_core.environment:checking '/home/zhu/arm/install/arm_lcr_description/lib/python3.10/site-packages'
[0.311s] Level 1:colcon.colcon_core.environment:checking '/home/zhu/arm/install/arm_lcr_description/bin'
[0.311s] INFO:colcon.colcon_core.shell:Creating package script '/home/zhu/arm/install/arm_lcr_description/share/arm_lcr_description/package.ps1'
[0.312s] INFO:colcon.colcon_core.shell:Creating package descriptor '/home/zhu/arm/install/arm_lcr_description/share/arm_lcr_description/package.dsv'
[0.312s] INFO:colcon.colcon_core.shell:Creating package script '/home/zhu/arm/install/arm_lcr_description/share/arm_lcr_description/package.sh'
[0.313s] INFO:colcon.colcon_core.shell:Creating package script '/home/zhu/arm/install/arm_lcr_description/share/arm_lcr_description/package.bash'
[0.314s] INFO:colcon.colcon_core.shell:Creating package script '/home/zhu/arm/install/arm_lcr_description/share/arm_lcr_description/package.zsh'
[0.314s] Level 1:colcon.colcon_core.environment:create_file_with_runtime_dependencies(/home/zhu/arm/install/arm_lcr_description/share/colcon-core/packages/arm_lcr_description)
[0.334s] DEBUG:colcon.colcon_core.event_handler.log_command:Invoking command in '/home/zhu/arm/build/my_keyboard_listener': CMAKE_PREFIX_PATH=${CMAKE_PREFIX_PATH}:/home/zhu/ws_moveit2/install/moveit_configs_utils:/home/zhu/ws_moveit2/install/launch_param_builder:/opt/ros/humble /usr/bin/cmake --install /home/zhu/arm/build/my_keyboard_listener
[0.339s] DEBUG:colcon.colcon_core.event_handler.log_command:Invoking command in '/home/zhu/arm/build/arm_controler': CMAKE_PREFIX_PATH=${CMAKE_PREFIX_PATH}:/home/zhu/ws_moveit2/install/moveit_configs_utils:/home/zhu/ws_moveit2/install/launch_param_builder:/opt/ros/humble /usr/bin/cmake --install /home/zhu/arm/build/arm_controler
[0.344s] Level 1:colcon.colcon_core.environment:create_environment_scripts_only(arm_lcr_description)
[0.344s] Level 1:colcon.colcon_core.environment:checking '/home/zhu/arm/install/arm_lcr_description' for CMake module files
[0.344s] Level 1:colcon.colcon_core.environment:checking '/home/zhu/arm/install/arm_lcr_description' for CMake config files
[0.344s] Level 1:colcon.colcon_core.shell:create_environment_hook('arm_lcr_description', 'cmake_prefix_path')
[0.345s] INFO:colcon.colcon_core.shell:Creating environment hook '/home/zhu/arm/install/arm_lcr_description/share/arm_lcr_description/hook/cmake_prefix_path.ps1'
[0.345s] INFO:colcon.colcon_core.shell:Creating environment descriptor '/home/zhu/arm/install/arm_lcr_description/share/arm_lcr_description/hook/cmake_prefix_path.dsv'
[0.345s] INFO:colcon.colcon_core.shell:Creating environment hook '/home/zhu/arm/install/arm_lcr_description/share/arm_lcr_description/hook/cmake_prefix_path.sh'
[0.345s] Level 1:colcon.colcon_core.environment:checking '/home/zhu/arm/install/arm_lcr_description/bin'
[0.345s] Level 1:colcon.colcon_core.environment:checking '/home/zhu/arm/install/arm_lcr_description/lib/pkgconfig/arm_lcr_description.pc'
[0.345s] Level 1:colcon.colcon_core.environment:checking '/home/zhu/arm/install/arm_lcr_description/lib/python3.10/site-packages'
[0.346s] Level 1:colcon.colcon_core.environment:checking '/home/zhu/arm/install/arm_lcr_description/bin'
[0.346s] INFO:colcon.colcon_core.shell:Creating package script '/home/zhu/arm/install/arm_lcr_description/share/arm_lcr_description/package.ps1'
[0.346s] INFO:colcon.colcon_core.shell:Creating package descriptor '/home/zhu/arm/install/arm_lcr_description/share/arm_lcr_description/package.dsv'
[0.346s] INFO:colcon.colcon_core.shell:Creating package script '/home/zhu/arm/install/arm_lcr_description/share/arm_lcr_description/package.sh'
[0.346s] INFO:colcon.colcon_core.shell:Creating package script '/home/zhu/arm/install/arm_lcr_description/share/arm_lcr_description/package.bash'
[0.347s] INFO:colcon.colcon_core.shell:Creating package script '/home/zhu/arm/install/arm_lcr_description/share/arm_lcr_description/package.zsh'
[0.348s] Level 1:colcon.colcon_core.environment:create_file_with_runtime_dependencies(/home/zhu/arm/install/arm_lcr_description/share/colcon-core/packages/arm_lcr_description)
[0.348s] INFO:colcon.colcon_ros.task.ament_cmake.build:Building ROS package in '/home/zhu/arm/src/arm_llc_moveit_config' with build type 'ament_cmake'
[0.348s] INFO:colcon.colcon_cmake.task.cmake.build:Building CMake package in '/home/zhu/arm/src/arm_llc_moveit_config'
[0.348s] INFO:colcon.colcon_core.shell:Skip shell extension 'powershell' for command environment: Not usable outside of PowerShell
[0.348s] DEBUG:colcon.colcon_core.shell:Skip shell extension 'dsv' for command environment
[0.353s] Level 1:colcon.colcon_core.environment:create_environment_scripts_only(arm_controler)
[0.353s] Level 1:colcon.colcon_core.environment:checking '/home/zhu/arm/install/arm_controler' for CMake module files
[0.353s] DEBUG:colcon.colcon_core.event_handler.log_command:Invoked command in '/home/zhu/arm/build/arm_controler' returned '0': CMAKE_PREFIX_PATH=${CMAKE_PREFIX_PATH}:/home/zhu/ws_moveit2/install/moveit_configs_utils:/home/zhu/ws_moveit2/install/launch_param_builder:/opt/ros/humble /usr/bin/cmake --install /home/zhu/arm/build/arm_controler
[0.353s] Level 1:colcon.colcon_core.environment:checking '/home/zhu/arm/install/arm_controler' for CMake config files
[0.353s] Level 1:colcon.colcon_core.shell:create_environment_hook('arm_controler', 'cmake_prefix_path')
[0.354s] INFO:colcon.colcon_core.shell:Creating environment hook '/home/zhu/arm/install/arm_controler/share/arm_controler/hook/cmake_prefix_path.ps1'
[0.354s] INFO:colcon.colcon_core.shell:Creating environment descriptor '/home/zhu/arm/install/arm_controler/share/arm_controler/hook/cmake_prefix_path.dsv'
[0.354s] INFO:colcon.colcon_core.shell:Creating environment hook '/home/zhu/arm/install/arm_controler/share/arm_controler/hook/cmake_prefix_path.sh'
[0.354s] Level 1:colcon.colcon_core.environment:checking '/home/zhu/arm/install/arm_controler/lib'
[0.354s] Level 1:colcon.colcon_core.environment:checking '/home/zhu/arm/install/arm_controler/bin'
[0.354s] Level 1:colcon.colcon_core.environment:checking '/home/zhu/arm/install/arm_controler/lib/pkgconfig/arm_controler.pc'
[0.354s] Level 1:colcon.colcon_core.environment:checking '/home/zhu/arm/install/arm_controler/lib/python3.10/site-packages'
[0.355s] Level 1:colcon.colcon_core.environment:checking '/home/zhu/arm/install/arm_controler/bin'
[0.355s] INFO:colcon.colcon_core.shell:Creating package script '/home/zhu/arm/install/arm_controler/share/arm_controler/package.ps1'
[0.355s] INFO:colcon.colcon_core.shell:Creating package descriptor '/home/zhu/arm/install/arm_controler/share/arm_controler/package.dsv'
[0.355s] INFO:colcon.colcon_core.shell:Creating package script '/home/zhu/arm/install/arm_controler/share/arm_controler/package.sh'
[0.355s] INFO:colcon.colcon_core.shell:Creating package script '/home/zhu/arm/install/arm_controler/share/arm_controler/package.bash'
[0.356s] INFO:colcon.colcon_core.shell:Creating package script '/home/zhu/arm/install/arm_controler/share/arm_controler/package.zsh'
[0.356s] Level 1:colcon.colcon_core.environment:create_file_with_runtime_dependencies(/home/zhu/arm/install/arm_controler/share/colcon-core/packages/arm_controler)
[0.357s] Level 1:colcon.colcon_core.environment:create_environment_scripts_only(my_keyboard_listener)
[0.357s] Level 1:colcon.colcon_core.environment:checking '/home/zhu/arm/install/my_keyboard_listener' for CMake module files
[0.357s] DEBUG:colcon.colcon_core.event_handler.log_command:Invoked command in '/home/zhu/arm/build/my_keyboard_listener' returned '0': CMAKE_PREFIX_PATH=${CMAKE_PREFIX_PATH}:/home/zhu/ws_moveit2/install/moveit_configs_utils:/home/zhu/ws_moveit2/install/launch_param_builder:/opt/ros/humble /usr/bin/cmake --install /home/zhu/arm/build/my_keyboard_listener
[0.357s] Level 1:colcon.colcon_core.environment:checking '/home/zhu/arm/install/my_keyboard_listener' for CMake config files
[0.357s] Level 1:colcon.colcon_core.shell:create_environment_hook('my_keyboard_listener', 'cmake_prefix_path')
[0.357s] INFO:colcon.colcon_core.shell:Creating environment hook '/home/zhu/arm/install/my_keyboard_listener/share/my_keyboard_listener/hook/cmake_prefix_path.ps1'
[0.358s] INFO:colcon.colcon_core.shell:Creating environment descriptor '/home/zhu/arm/install/my_keyboard_listener/share/my_keyboard_listener/hook/cmake_prefix_path.dsv'
[0.358s] INFO:colcon.colcon_core.shell:Creating environment hook '/home/zhu/arm/install/my_keyboard_listener/share/my_keyboard_listener/hook/cmake_prefix_path.sh'
[0.358s] Level 1:colcon.colcon_core.environment:checking '/home/zhu/arm/install/my_keyboard_listener/lib'
[0.358s] Level 1:colcon.colcon_core.environment:checking '/home/zhu/arm/install/my_keyboard_listener/bin'
[0.358s] Level 1:colcon.colcon_core.environment:checking '/home/zhu/arm/install/my_keyboard_listener/lib/pkgconfig/my_keyboard_listener.pc'
[0.358s] Level 1:colcon.colcon_core.environment:checking '/home/zhu/arm/install/my_keyboard_listener/lib/python3.10/site-packages'
[0.358s] Level 1:colcon.colcon_core.environment:checking '/home/zhu/arm/install/my_keyboard_listener/bin'
[0.358s] INFO:colcon.colcon_core.shell:Creating package script '/home/zhu/arm/install/my_keyboard_listener/share/my_keyboard_listener/package.ps1'
[0.359s] INFO:colcon.colcon_core.shell:Creating package descriptor '/home/zhu/arm/install/my_keyboard_listener/share/my_keyboard_listener/package.dsv'
[0.359s] INFO:colcon.colcon_core.shell:Creating package script '/home/zhu/arm/install/my_keyboard_listener/share/my_keyboard_listener/package.sh'
[0.359s] INFO:colcon.colcon_core.shell:Creating package script '/home/zhu/arm/install/my_keyboard_listener/share/my_keyboard_listener/package.bash'
[0.359s] INFO:colcon.colcon_core.shell:Creating package script '/home/zhu/arm/install/my_keyboard_listener/share/my_keyboard_listener/package.zsh'
[0.359s] Level 1:colcon.colcon_core.environment:create_file_with_runtime_dependencies(/home/zhu/arm/install/my_keyboard_listener/share/colcon-core/packages/my_keyboard_listener)
[0.362s] DEBUG:colcon.colcon_core.event_handler.log_command:Invoking command in '/home/zhu/arm/build/arm_llc_moveit_config': AMENT_PREFIX_PATH=/home/zhu/arm/install/arm_lcr_description:${AMENT_PREFIX_PATH} CMAKE_PREFIX_PATH=/home/zhu/arm/install/arm_lcr_description:/home/zhu/ws_moveit2/install/pilz_industrial_motion_planner_testutils:/home/zhu/ws_moveit2/install/moveit_runtime:/home/zhu/ws_moveit2/install/moveit2_tutorials:/home/zhu/ws_moveit2/install/moveit:/home/zhu/ws_moveit2/install/moveit_planners:/home/zhu/ws_moveit2/install/pilz_industrial_motion_planner:/home/zhu/ws_moveit2/install/moveit_visual_tools:/home/zhu/ws_moveit2/install/moveit_task_constructor_visualization:/home/zhu/ws_moveit2/install/moveit_task_constructor_demo:/home/zhu/ws_moveit2/install/moveit_task_constructor_capabilities:/home/zhu/ws_moveit2/install/moveit_task_constructor_core:/home/zhu/ws_moveit2/install/moveit_ros_control_interface:/home/zhu/ws_moveit2/install/moveit_plugins:/home/zhu/ws_moveit2/install/moveit_simple_controller_manager:/home/zhu/ws_moveit2/install/moveit_setup_assistant:/home/zhu/ws_moveit2/install/moveit_setup_srdf_plugins:/home/zhu/ws_moveit2/install/moveit_setup_core_plugins:/home/zhu/ws_moveit2/install/moveit_setup_controllers:/home/zhu/ws_moveit2/install/moveit_setup_app_plugins:/home/zhu/ws_moveit2/install/moveit_setup_framework:/home/zhu/ws_moveit2/install/moveit_servo:/home/zhu/ws_moveit2/install/moveit_ros:/home/zhu/ws_moveit2/install/moveit_ros_visualization:/home/zhu/ws_moveit2/install/moveit_hybrid_planning:/home/zhu/ws_moveit2/install/moveit_ros_planning_interface:/home/zhu/ws_moveit2/install/moveit_ros_benchmarks:/home/zhu/ws_moveit2/install/moveit_ros_warehouse:/home/zhu/ws_moveit2/install/moveit_ros_robot_interaction:/home/zhu/ws_moveit2/install/moveit_ros_perception:/home/zhu/ws_moveit2/install/moveit_resources_prbt_pg70_support:/home/zhu/ws_moveit2/install/moveit_resources_prbt_moveit_config:/home/zhu/ws_moveit2/install/moveit_ros_move_group:/home/zhu/ws_moveit2/install/moveit_planners_ompl:/home/zhu/ws_moveit2/install/moveit_ros_planning:/home/zhu/ws_moveit2/install/moveit_ros_occupancy_map_monitor:/home/zhu/ws_moveit2/install/moveit_resources_prbt_ikfast_manipulator_plugin:/home/zhu/ws_moveit2/install/moveit_planners_chomp:/home/zhu/ws_moveit2/install/moveit_kinematics:/home/zhu/ws_moveit2/install/moveit_chomp_optimizer_adapter:/home/zhu/ws_moveit2/install/chomp_motion_planner:/home/zhu/ws_moveit2/install/moveit_core:/home/zhu/ws_moveit2/install/srdfdom:/home/zhu/ws_moveit2/install/rviz_marker_tools:/home/zhu/ws_moveit2/install/rosparam_shortcuts:/home/zhu/ws_moveit2/install/moveit_task_constructor_msgs:/home/zhu/ws_moveit2/install/moveit_resources_prbt_support:/home/zhu/ws_moveit2/install/moveit_resources:/home/zhu/ws_moveit2/install/moveit_resources_pr2_description:/home/zhu/ws_moveit2/install/moveit_resources_panda_moveit_config:/home/zhu/ws_moveit2/install/moveit_resources_panda_description:/home/zhu/ws_moveit2/install/moveit_resources_fanuc_moveit_config:/home/zhu/ws_moveit2/install/moveit_resources_fanuc_description:/home/zhu/ws_moveit2/install/moveit_common:/home/zhu/ws_moveit2/install/moveit_configs_utils:/home/zhu/ws_moveit2/install/launch_param_builder:/opt/ros/humble /usr/bin/cmake /home/zhu/arm/src/arm_llc_moveit_config -DCMAKE_INSTALL_PREFIX=/home/zhu/arm/install/arm_llc_moveit_config
[0.393s] Level 1:colcon.colcon_core.environment:create_environment_scripts_only(my_keyboard_listener)
[0.393s] Level 1:colcon.colcon_core.environment:checking '/home/zhu/arm/install/my_keyboard_listener' for CMake module files
[0.394s] Level 1:colcon.colcon_core.environment:checking '/home/zhu/arm/install/my_keyboard_listener' for CMake config files
[0.394s] Level 1:colcon.colcon_core.shell:create_environment_hook('my_keyboard_listener', 'cmake_prefix_path')
[0.394s] INFO:colcon.colcon_core.shell:Creating environment hook '/home/zhu/arm/install/my_keyboard_listener/share/my_keyboard_listener/hook/cmake_prefix_path.ps1'
[0.394s] INFO:colcon.colcon_core.shell:Creating environment descriptor '/home/zhu/arm/install/my_keyboard_listener/share/my_keyboard_listener/hook/cmake_prefix_path.dsv'
[0.394s] INFO:colcon.colcon_core.shell:Creating environment hook '/home/zhu/arm/install/my_keyboard_listener/share/my_keyboard_listener/hook/cmake_prefix_path.sh'
[0.395s] Level 1:colcon.colcon_core.environment:checking '/home/zhu/arm/install/my_keyboard_listener/lib'
[0.395s] Level 1:colcon.colcon_core.environment:checking '/home/zhu/arm/install/my_keyboard_listener/bin'
[0.395s] Level 1:colcon.colcon_core.environment:checking '/home/zhu/arm/install/my_keyboard_listener/lib/pkgconfig/my_keyboard_listener.pc'
[0.395s] Level 1:colcon.colcon_core.environment:checking '/home/zhu/arm/install/my_keyboard_listener/lib/python3.10/site-packages'
[0.395s] Level 1:colcon.colcon_core.environment:checking '/home/zhu/arm/install/my_keyboard_listener/bin'
[0.395s] INFO:colcon.colcon_core.shell:Creating package script '/home/zhu/arm/install/my_keyboard_listener/share/my_keyboard_listener/package.ps1'
[0.396s] INFO:colcon.colcon_core.shell:Creating package descriptor '/home/zhu/arm/install/my_keyboard_listener/share/my_keyboard_listener/package.dsv'
[0.396s] INFO:colcon.colcon_core.shell:Creating package script '/home/zhu/arm/install/my_keyboard_listener/share/my_keyboard_listener/package.sh'
[0.396s] INFO:colcon.colcon_core.shell:Creating package script '/home/zhu/arm/install/my_keyboard_listener/share/my_keyboard_listener/package.bash'
[0.396s] INFO:colcon.colcon_core.shell:Creating package script '/home/zhu/arm/install/my_keyboard_listener/share/my_keyboard_listener/package.zsh'
[0.396s] Level 1:colcon.colcon_core.environment:create_file_with_runtime_dependencies(/home/zhu/arm/install/my_keyboard_listener/share/colcon-core/packages/my_keyboard_listener)
[0.400s] Level 1:colcon.colcon_core.environment:create_environment_scripts_only(arm_controler)
[0.400s] Level 1:colcon.colcon_core.environment:checking '/home/zhu/arm/install/arm_controler' for CMake module files
[0.401s] Level 1:colcon.colcon_core.environment:checking '/home/zhu/arm/install/arm_controler' for CMake config files
[0.401s] Level 1:colcon.colcon_core.shell:create_environment_hook('arm_controler', 'cmake_prefix_path')
[0.401s] INFO:colcon.colcon_core.shell:Creating environment hook '/home/zhu/arm/install/arm_controler/share/arm_controler/hook/cmake_prefix_path.ps1'
[0.401s] INFO:colcon.colcon_core.shell:Creating environment descriptor '/home/zhu/arm/install/arm_controler/share/arm_controler/hook/cmake_prefix_path.dsv'
[0.401s] INFO:colcon.colcon_core.shell:Creating environment hook '/home/zhu/arm/install/arm_controler/share/arm_controler/hook/cmake_prefix_path.sh'
[0.402s] Level 1:colcon.colcon_core.environment:checking '/home/zhu/arm/install/arm_controler/lib'
[0.402s] Level 1:colcon.colcon_core.environment:checking '/home/zhu/arm/install/arm_controler/bin'
[0.402s] Level 1:colcon.colcon_core.environment:checking '/home/zhu/arm/install/arm_controler/lib/pkgconfig/arm_controler.pc'
[0.402s] Level 1:colcon.colcon_core.environment:checking '/home/zhu/arm/install/arm_controler/lib/python3.10/site-packages'
[0.402s] Level 1:colcon.colcon_core.environment:checking '/home/zhu/arm/install/arm_controler/bin'
[0.402s] INFO:colcon.colcon_core.shell:Creating package script '/home/zhu/arm/install/arm_controler/share/arm_controler/package.ps1'
[0.402s] INFO:colcon.colcon_core.shell:Creating package descriptor '/home/zhu/arm/install/arm_controler/share/arm_controler/package.dsv'
[0.402s] INFO:colcon.colcon_core.shell:Creating package script '/home/zhu/arm/install/arm_controler/share/arm_controler/package.sh'
[0.403s] INFO:colcon.colcon_core.shell:Creating package script '/home/zhu/arm/install/arm_controler/share/arm_controler/package.bash'
[0.403s] INFO:colcon.colcon_core.shell:Creating package script '/home/zhu/arm/install/arm_controler/share/arm_controler/package.zsh'
[0.403s] Level 1:colcon.colcon_core.environment:create_file_with_runtime_dependencies(/home/zhu/arm/install/arm_controler/share/colcon-core/packages/arm_controler)
[0.814s] DEBUG:colcon.colcon_core.event_handler.log_command:Invoked command in '/home/zhu/arm/build/arm_llc_moveit_config' returned '0': AMENT_PREFIX_PATH=/home/zhu/arm/install/arm_lcr_description:${AMENT_PREFIX_PATH} CMAKE_PREFIX_PATH=/home/zhu/arm/install/arm_lcr_description:/home/zhu/ws_moveit2/install/pilz_industrial_motion_planner_testutils:/home/zhu/ws_moveit2/install/moveit_runtime:/home/zhu/ws_moveit2/install/moveit2_tutorials:/home/zhu/ws_moveit2/install/moveit:/home/zhu/ws_moveit2/install/moveit_planners:/home/zhu/ws_moveit2/install/pilz_industrial_motion_planner:/home/zhu/ws_moveit2/install/moveit_visual_tools:/home/zhu/ws_moveit2/install/moveit_task_constructor_visualization:/home/zhu/ws_moveit2/install/moveit_task_constructor_demo:/home/zhu/ws_moveit2/install/moveit_task_constructor_capabilities:/home/zhu/ws_moveit2/install/moveit_task_constructor_core:/home/zhu/ws_moveit2/install/moveit_ros_control_interface:/home/zhu/ws_moveit2/install/moveit_plugins:/home/zhu/ws_moveit2/install/moveit_simple_controller_manager:/home/zhu/ws_moveit2/install/moveit_setup_assistant:/home/zhu/ws_moveit2/install/moveit_setup_srdf_plugins:/home/zhu/ws_moveit2/install/moveit_setup_core_plugins:/home/zhu/ws_moveit2/install/moveit_setup_controllers:/home/zhu/ws_moveit2/install/moveit_setup_app_plugins:/home/zhu/ws_moveit2/install/moveit_setup_framework:/home/zhu/ws_moveit2/install/moveit_servo:/home/zhu/ws_moveit2/install/moveit_ros:/home/zhu/ws_moveit2/install/moveit_ros_visualization:/home/zhu/ws_moveit2/install/moveit_hybrid_planning:/home/zhu/ws_moveit2/install/moveit_ros_planning_interface:/home/zhu/ws_moveit2/install/moveit_ros_benchmarks:/home/zhu/ws_moveit2/install/moveit_ros_warehouse:/home/zhu/ws_moveit2/install/moveit_ros_robot_interaction:/home/zhu/ws_moveit2/install/moveit_ros_perception:/home/zhu/ws_moveit2/install/moveit_resources_prbt_pg70_support:/home/zhu/ws_moveit2/install/moveit_resources_prbt_moveit_config:/home/zhu/ws_moveit2/install/moveit_ros_move_group:/home/zhu/ws_moveit2/install/moveit_planners_ompl:/home/zhu/ws_moveit2/install/moveit_ros_planning:/home/zhu/ws_moveit2/install/moveit_ros_occupancy_map_monitor:/home/zhu/ws_moveit2/install/moveit_resources_prbt_ikfast_manipulator_plugin:/home/zhu/ws_moveit2/install/moveit_planners_chomp:/home/zhu/ws_moveit2/install/moveit_kinematics:/home/zhu/ws_moveit2/install/moveit_chomp_optimizer_adapter:/home/zhu/ws_moveit2/install/chomp_motion_planner:/home/zhu/ws_moveit2/install/moveit_core:/home/zhu/ws_moveit2/install/srdfdom:/home/zhu/ws_moveit2/install/rviz_marker_tools:/home/zhu/ws_moveit2/install/rosparam_shortcuts:/home/zhu/ws_moveit2/install/moveit_task_constructor_msgs:/home/zhu/ws_moveit2/install/moveit_resources_prbt_support:/home/zhu/ws_moveit2/install/moveit_resources:/home/zhu/ws_moveit2/install/moveit_resources_pr2_description:/home/zhu/ws_moveit2/install/moveit_resources_panda_moveit_config:/home/zhu/ws_moveit2/install/moveit_resources_panda_description:/home/zhu/ws_moveit2/install/moveit_resources_fanuc_moveit_config:/home/zhu/ws_moveit2/install/moveit_resources_fanuc_description:/home/zhu/ws_moveit2/install/moveit_common:/home/zhu/ws_moveit2/install/moveit_configs_utils:/home/zhu/ws_moveit2/install/launch_param_builder:/opt/ros/humble /usr/bin/cmake /home/zhu/arm/src/arm_llc_moveit_config -DCMAKE_INSTALL_PREFIX=/home/zhu/arm/install/arm_llc_moveit_config
[0.814s] DEBUG:colcon.colcon_core.event_handler.log_command:Invoking command in '/home/zhu/arm/build/arm_llc_moveit_config': AMENT_PREFIX_PATH=/home/zhu/arm/install/arm_lcr_description:${AMENT_PREFIX_PATH} CMAKE_PREFIX_PATH=/home/zhu/arm/install/arm_lcr_description:/home/zhu/ws_moveit2/install/pilz_industrial_motion_planner_testutils:/home/zhu/ws_moveit2/install/moveit_runtime:/home/zhu/ws_moveit2/install/moveit2_tutorials:/home/zhu/ws_moveit2/install/moveit:/home/zhu/ws_moveit2/install/moveit_planners:/home/zhu/ws_moveit2/install/pilz_industrial_motion_planner:/home/zhu/ws_moveit2/install/moveit_visual_tools:/home/zhu/ws_moveit2/install/moveit_task_constructor_visualization:/home/zhu/ws_moveit2/install/moveit_task_constructor_demo:/home/zhu/ws_moveit2/install/moveit_task_constructor_capabilities:/home/zhu/ws_moveit2/install/moveit_task_constructor_core:/home/zhu/ws_moveit2/install/moveit_ros_control_interface:/home/zhu/ws_moveit2/install/moveit_plugins:/home/zhu/ws_moveit2/install/moveit_simple_controller_manager:/home/zhu/ws_moveit2/install/moveit_setup_assistant:/home/zhu/ws_moveit2/install/moveit_setup_srdf_plugins:/home/zhu/ws_moveit2/install/moveit_setup_core_plugins:/home/zhu/ws_moveit2/install/moveit_setup_controllers:/home/zhu/ws_moveit2/install/moveit_setup_app_plugins:/home/zhu/ws_moveit2/install/moveit_setup_framework:/home/zhu/ws_moveit2/install/moveit_servo:/home/zhu/ws_moveit2/install/moveit_ros:/home/zhu/ws_moveit2/install/moveit_ros_visualization:/home/zhu/ws_moveit2/install/moveit_hybrid_planning:/home/zhu/ws_moveit2/install/moveit_ros_planning_interface:/home/zhu/ws_moveit2/install/moveit_ros_benchmarks:/home/zhu/ws_moveit2/install/moveit_ros_warehouse:/home/zhu/ws_moveit2/install/moveit_ros_robot_interaction:/home/zhu/ws_moveit2/install/moveit_ros_perception:/home/zhu/ws_moveit2/install/moveit_resources_prbt_pg70_support:/home/zhu/ws_moveit2/install/moveit_resources_prbt_moveit_config:/home/zhu/ws_moveit2/install/moveit_ros_move_group:/home/zhu/ws_moveit2/install/moveit_planners_ompl:/home/zhu/ws_moveit2/install/moveit_ros_planning:/home/zhu/ws_moveit2/install/moveit_ros_occupancy_map_monitor:/home/zhu/ws_moveit2/install/moveit_resources_prbt_ikfast_manipulator_plugin:/home/zhu/ws_moveit2/install/moveit_planners_chomp:/home/zhu/ws_moveit2/install/moveit_kinematics:/home/zhu/ws_moveit2/install/moveit_chomp_optimizer_adapter:/home/zhu/ws_moveit2/install/chomp_motion_planner:/home/zhu/ws_moveit2/install/moveit_core:/home/zhu/ws_moveit2/install/srdfdom:/home/zhu/ws_moveit2/install/rviz_marker_tools:/home/zhu/ws_moveit2/install/rosparam_shortcuts:/home/zhu/ws_moveit2/install/moveit_task_constructor_msgs:/home/zhu/ws_moveit2/install/moveit_resources_prbt_support:/home/zhu/ws_moveit2/install/moveit_resources:/home/zhu/ws_moveit2/install/moveit_resources_pr2_description:/home/zhu/ws_moveit2/install/moveit_resources_panda_moveit_config:/home/zhu/ws_moveit2/install/moveit_resources_panda_description:/home/zhu/ws_moveit2/install/moveit_resources_fanuc_moveit_config:/home/zhu/ws_moveit2/install/moveit_resources_fanuc_description:/home/zhu/ws_moveit2/install/moveit_common:/home/zhu/ws_moveit2/install/moveit_configs_utils:/home/zhu/ws_moveit2/install/launch_param_builder:/opt/ros/humble /usr/bin/cmake --build /home/zhu/arm/build/arm_llc_moveit_config -- -j32 -l32
[0.847s] DEBUG:colcon.colcon_core.event_handler.log_command:Invoked command in '/home/zhu/arm/build/arm_llc_moveit_config' returned '0': AMENT_PREFIX_PATH=/home/zhu/arm/install/arm_lcr_description:${AMENT_PREFIX_PATH} CMAKE_PREFIX_PATH=/home/zhu/arm/install/arm_lcr_description:/home/zhu/ws_moveit2/install/pilz_industrial_motion_planner_testutils:/home/zhu/ws_moveit2/install/moveit_runtime:/home/zhu/ws_moveit2/install/moveit2_tutorials:/home/zhu/ws_moveit2/install/moveit:/home/zhu/ws_moveit2/install/moveit_planners:/home/zhu/ws_moveit2/install/pilz_industrial_motion_planner:/home/zhu/ws_moveit2/install/moveit_visual_tools:/home/zhu/ws_moveit2/install/moveit_task_constructor_visualization:/home/zhu/ws_moveit2/install/moveit_task_constructor_demo:/home/zhu/ws_moveit2/install/moveit_task_constructor_capabilities:/home/zhu/ws_moveit2/install/moveit_task_constructor_core:/home/zhu/ws_moveit2/install/moveit_ros_control_interface:/home/zhu/ws_moveit2/install/moveit_plugins:/home/zhu/ws_moveit2/install/moveit_simple_controller_manager:/home/zhu/ws_moveit2/install/moveit_setup_assistant:/home/zhu/ws_moveit2/install/moveit_setup_srdf_plugins:/home/zhu/ws_moveit2/install/moveit_setup_core_plugins:/home/zhu/ws_moveit2/install/moveit_setup_controllers:/home/zhu/ws_moveit2/install/moveit_setup_app_plugins:/home/zhu/ws_moveit2/install/moveit_setup_framework:/home/zhu/ws_moveit2/install/moveit_servo:/home/zhu/ws_moveit2/install/moveit_ros:/home/zhu/ws_moveit2/install/moveit_ros_visualization:/home/zhu/ws_moveit2/install/moveit_hybrid_planning:/home/zhu/ws_moveit2/install/moveit_ros_planning_interface:/home/zhu/ws_moveit2/install/moveit_ros_benchmarks:/home/zhu/ws_moveit2/install/moveit_ros_warehouse:/home/zhu/ws_moveit2/install/moveit_ros_robot_interaction:/home/zhu/ws_moveit2/install/moveit_ros_perception:/home/zhu/ws_moveit2/install/moveit_resources_prbt_pg70_support:/home/zhu/ws_moveit2/install/moveit_resources_prbt_moveit_config:/home/zhu/ws_moveit2/install/moveit_ros_move_group:/home/zhu/ws_moveit2/install/moveit_planners_ompl:/home/zhu/ws_moveit2/install/moveit_ros_planning:/home/zhu/ws_moveit2/install/moveit_ros_occupancy_map_monitor:/home/zhu/ws_moveit2/install/moveit_resources_prbt_ikfast_manipulator_plugin:/home/zhu/ws_moveit2/install/moveit_planners_chomp:/home/zhu/ws_moveit2/install/moveit_kinematics:/home/zhu/ws_moveit2/install/moveit_chomp_optimizer_adapter:/home/zhu/ws_moveit2/install/chomp_motion_planner:/home/zhu/ws_moveit2/install/moveit_core:/home/zhu/ws_moveit2/install/srdfdom:/home/zhu/ws_moveit2/install/rviz_marker_tools:/home/zhu/ws_moveit2/install/rosparam_shortcuts:/home/zhu/ws_moveit2/install/moveit_task_constructor_msgs:/home/zhu/ws_moveit2/install/moveit_resources_prbt_support:/home/zhu/ws_moveit2/install/moveit_resources:/home/zhu/ws_moveit2/install/moveit_resources_pr2_description:/home/zhu/ws_moveit2/install/moveit_resources_panda_moveit_config:/home/zhu/ws_moveit2/install/moveit_resources_panda_description:/home/zhu/ws_moveit2/install/moveit_resources_fanuc_moveit_config:/home/zhu/ws_moveit2/install/moveit_resources_fanuc_description:/home/zhu/ws_moveit2/install/moveit_common:/home/zhu/ws_moveit2/install/moveit_configs_utils:/home/zhu/ws_moveit2/install/launch_param_builder:/opt/ros/humble /usr/bin/cmake --build /home/zhu/arm/build/arm_llc_moveit_config -- -j32 -l32
[0.873s] DEBUG:colcon.colcon_core.event_handler.log_command:Invoking command in '/home/zhu/arm/build/arm_llc_moveit_config': AMENT_PREFIX_PATH=/home/zhu/arm/install/arm_lcr_description:${AMENT_PREFIX_PATH} CMAKE_PREFIX_PATH=/home/zhu/arm/install/arm_lcr_description:/home/zhu/ws_moveit2/install/pilz_industrial_motion_planner_testutils:/home/zhu/ws_moveit2/install/moveit_runtime:/home/zhu/ws_moveit2/install/moveit2_tutorials:/home/zhu/ws_moveit2/install/moveit:/home/zhu/ws_moveit2/install/moveit_planners:/home/zhu/ws_moveit2/install/pilz_industrial_motion_planner:/home/zhu/ws_moveit2/install/moveit_visual_tools:/home/zhu/ws_moveit2/install/moveit_task_constructor_visualization:/home/zhu/ws_moveit2/install/moveit_task_constructor_demo:/home/zhu/ws_moveit2/install/moveit_task_constructor_capabilities:/home/zhu/ws_moveit2/install/moveit_task_constructor_core:/home/zhu/ws_moveit2/install/moveit_ros_control_interface:/home/zhu/ws_moveit2/install/moveit_plugins:/home/zhu/ws_moveit2/install/moveit_simple_controller_manager:/home/zhu/ws_moveit2/install/moveit_setup_assistant:/home/zhu/ws_moveit2/install/moveit_setup_srdf_plugins:/home/zhu/ws_moveit2/install/moveit_setup_core_plugins:/home/zhu/ws_moveit2/install/moveit_setup_controllers:/home/zhu/ws_moveit2/install/moveit_setup_app_plugins:/home/zhu/ws_moveit2/install/moveit_setup_framework:/home/zhu/ws_moveit2/install/moveit_servo:/home/zhu/ws_moveit2/install/moveit_ros:/home/zhu/ws_moveit2/install/moveit_ros_visualization:/home/zhu/ws_moveit2/install/moveit_hybrid_planning:/home/zhu/ws_moveit2/install/moveit_ros_planning_interface:/home/zhu/ws_moveit2/install/moveit_ros_benchmarks:/home/zhu/ws_moveit2/install/moveit_ros_warehouse:/home/zhu/ws_moveit2/install/moveit_ros_robot_interaction:/home/zhu/ws_moveit2/install/moveit_ros_perception:/home/zhu/ws_moveit2/install/moveit_resources_prbt_pg70_support:/home/zhu/ws_moveit2/install/moveit_resources_prbt_moveit_config:/home/zhu/ws_moveit2/install/moveit_ros_move_group:/home/zhu/ws_moveit2/install/moveit_planners_ompl:/home/zhu/ws_moveit2/install/moveit_ros_planning:/home/zhu/ws_moveit2/install/moveit_ros_occupancy_map_monitor:/home/zhu/ws_moveit2/install/moveit_resources_prbt_ikfast_manipulator_plugin:/home/zhu/ws_moveit2/install/moveit_planners_chomp:/home/zhu/ws_moveit2/install/moveit_kinematics:/home/zhu/ws_moveit2/install/moveit_chomp_optimizer_adapter:/home/zhu/ws_moveit2/install/chomp_motion_planner:/home/zhu/ws_moveit2/install/moveit_core:/home/zhu/ws_moveit2/install/srdfdom:/home/zhu/ws_moveit2/install/rviz_marker_tools:/home/zhu/ws_moveit2/install/rosparam_shortcuts:/home/zhu/ws_moveit2/install/moveit_task_constructor_msgs:/home/zhu/ws_moveit2/install/moveit_resources_prbt_support:/home/zhu/ws_moveit2/install/moveit_resources:/home/zhu/ws_moveit2/install/moveit_resources_pr2_description:/home/zhu/ws_moveit2/install/moveit_resources_panda_moveit_config:/home/zhu/ws_moveit2/install/moveit_resources_panda_description:/home/zhu/ws_moveit2/install/moveit_resources_fanuc_moveit_config:/home/zhu/ws_moveit2/install/moveit_resources_fanuc_description:/home/zhu/ws_moveit2/install/moveit_common:/home/zhu/ws_moveit2/install/moveit_configs_utils:/home/zhu/ws_moveit2/install/launch_param_builder:/opt/ros/humble /usr/bin/cmake --install /home/zhu/arm/build/arm_llc_moveit_config
[0.882s] Level 1:colcon.colcon_core.environment:create_environment_scripts_only(arm_llc_moveit_config)
[0.883s] Level 1:colcon.colcon_core.environment:checking '/home/zhu/arm/install/arm_llc_moveit_config' for CMake module files
[0.883s] DEBUG:colcon.colcon_core.event_handler.log_command:Invoked command in '/home/zhu/arm/build/arm_llc_moveit_config' returned '0': AMENT_PREFIX_PATH=/home/zhu/arm/install/arm_lcr_description:${AMENT_PREFIX_PATH} CMAKE_PREFIX_PATH=/home/zhu/arm/install/arm_lcr_description:/home/zhu/ws_moveit2/install/pilz_industrial_motion_planner_testutils:/home/zhu/ws_moveit2/install/moveit_runtime:/home/zhu/ws_moveit2/install/moveit2_tutorials:/home/zhu/ws_moveit2/install/moveit:/home/zhu/ws_moveit2/install/moveit_planners:/home/zhu/ws_moveit2/install/pilz_industrial_motion_planner:/home/zhu/ws_moveit2/install/moveit_visual_tools:/home/zhu/ws_moveit2/install/moveit_task_constructor_visualization:/home/zhu/ws_moveit2/install/moveit_task_constructor_demo:/home/zhu/ws_moveit2/install/moveit_task_constructor_capabilities:/home/zhu/ws_moveit2/install/moveit_task_constructor_core:/home/zhu/ws_moveit2/install/moveit_ros_control_interface:/home/zhu/ws_moveit2/install/moveit_plugins:/home/zhu/ws_moveit2/install/moveit_simple_controller_manager:/home/zhu/ws_moveit2/install/moveit_setup_assistant:/home/zhu/ws_moveit2/install/moveit_setup_srdf_plugins:/home/zhu/ws_moveit2/install/moveit_setup_core_plugins:/home/zhu/ws_moveit2/install/moveit_setup_controllers:/home/zhu/ws_moveit2/install/moveit_setup_app_plugins:/home/zhu/ws_moveit2/install/moveit_setup_framework:/home/zhu/ws_moveit2/install/moveit_servo:/home/zhu/ws_moveit2/install/moveit_ros:/home/zhu/ws_moveit2/install/moveit_ros_visualization:/home/zhu/ws_moveit2/install/moveit_hybrid_planning:/home/zhu/ws_moveit2/install/moveit_ros_planning_interface:/home/zhu/ws_moveit2/install/moveit_ros_benchmarks:/home/zhu/ws_moveit2/install/moveit_ros_warehouse:/home/zhu/ws_moveit2/install/moveit_ros_robot_interaction:/home/zhu/ws_moveit2/install/moveit_ros_perception:/home/zhu/ws_moveit2/install/moveit_resources_prbt_pg70_support:/home/zhu/ws_moveit2/install/moveit_resources_prbt_moveit_config:/home/zhu/ws_moveit2/install/moveit_ros_move_group:/home/zhu/ws_moveit2/install/moveit_planners_ompl:/home/zhu/ws_moveit2/install/moveit_ros_planning:/home/zhu/ws_moveit2/install/moveit_ros_occupancy_map_monitor:/home/zhu/ws_moveit2/install/moveit_resources_prbt_ikfast_manipulator_plugin:/home/zhu/ws_moveit2/install/moveit_planners_chomp:/home/zhu/ws_moveit2/install/moveit_kinematics:/home/zhu/ws_moveit2/install/moveit_chomp_optimizer_adapter:/home/zhu/ws_moveit2/install/chomp_motion_planner:/home/zhu/ws_moveit2/install/moveit_core:/home/zhu/ws_moveit2/install/srdfdom:/home/zhu/ws_moveit2/install/rviz_marker_tools:/home/zhu/ws_moveit2/install/rosparam_shortcuts:/home/zhu/ws_moveit2/install/moveit_task_constructor_msgs:/home/zhu/ws_moveit2/install/moveit_resources_prbt_support:/home/zhu/ws_moveit2/install/moveit_resources:/home/zhu/ws_moveit2/install/moveit_resources_pr2_description:/home/zhu/ws_moveit2/install/moveit_resources_panda_moveit_config:/home/zhu/ws_moveit2/install/moveit_resources_panda_description:/home/zhu/ws_moveit2/install/moveit_resources_fanuc_moveit_config:/home/zhu/ws_moveit2/install/moveit_resources_fanuc_description:/home/zhu/ws_moveit2/install/moveit_common:/home/zhu/ws_moveit2/install/moveit_configs_utils:/home/zhu/ws_moveit2/install/launch_param_builder:/opt/ros/humble /usr/bin/cmake --install /home/zhu/arm/build/arm_llc_moveit_config
[0.883s] Level 1:colcon.colcon_core.environment:checking '/home/zhu/arm/install/arm_llc_moveit_config' for CMake config files
[0.883s] Level 1:colcon.colcon_core.shell:create_environment_hook('arm_llc_moveit_config', 'cmake_prefix_path')
[0.883s] INFO:colcon.colcon_core.shell:Creating environment hook '/home/zhu/arm/install/arm_llc_moveit_config/share/arm_llc_moveit_config/hook/cmake_prefix_path.ps1'
[0.883s] INFO:colcon.colcon_core.shell:Creating environment descriptor '/home/zhu/arm/install/arm_llc_moveit_config/share/arm_llc_moveit_config/hook/cmake_prefix_path.dsv'
[0.884s] INFO:colcon.colcon_core.shell:Creating environment hook '/home/zhu/arm/install/arm_llc_moveit_config/share/arm_llc_moveit_config/hook/cmake_prefix_path.sh'
[0.884s] Level 1:colcon.colcon_core.environment:checking '/home/zhu/arm/install/arm_llc_moveit_config/bin'
[0.884s] Level 1:colcon.colcon_core.environment:checking '/home/zhu/arm/install/arm_llc_moveit_config/lib/pkgconfig/arm_llc_moveit_config.pc'
[0.884s] Level 1:colcon.colcon_core.environment:checking '/home/zhu/arm/install/arm_llc_moveit_config/lib/python3.10/site-packages'
[0.884s] Level 1:colcon.colcon_core.environment:checking '/home/zhu/arm/install/arm_llc_moveit_config/bin'
[0.884s] INFO:colcon.colcon_core.shell:Creating package script '/home/zhu/arm/install/arm_llc_moveit_config/share/arm_llc_moveit_config/package.ps1'
[0.885s] INFO:colcon.colcon_core.shell:Creating package descriptor '/home/zhu/arm/install/arm_llc_moveit_config/share/arm_llc_moveit_config/package.dsv'
[0.885s] INFO:colcon.colcon_core.shell:Creating package script '/home/zhu/arm/install/arm_llc_moveit_config/share/arm_llc_moveit_config/package.sh'
[0.885s] INFO:colcon.colcon_core.shell:Creating package script '/home/zhu/arm/install/arm_llc_moveit_config/share/arm_llc_moveit_config/package.bash'
[0.885s] INFO:colcon.colcon_core.shell:Creating package script '/home/zhu/arm/install/arm_llc_moveit_config/share/arm_llc_moveit_config/package.zsh'
[0.885s] Level 1:colcon.colcon_core.environment:create_file_with_runtime_dependencies(/home/zhu/arm/install/arm_llc_moveit_config/share/colcon-core/packages/arm_llc_moveit_config)
[0.913s] Level 1:colcon.colcon_core.environment:create_environment_scripts_only(arm_llc_moveit_config)
[0.914s] Level 1:colcon.colcon_core.environment:checking '/home/zhu/arm/install/arm_llc_moveit_config' for CMake module files
[0.914s] Level 1:colcon.colcon_core.environment:checking '/home/zhu/arm/install/arm_llc_moveit_config' for CMake config files
[0.914s] Level 1:colcon.colcon_core.shell:create_environment_hook('arm_llc_moveit_config', 'cmake_prefix_path')
[0.914s] INFO:colcon.colcon_core.shell:Creating environment hook '/home/zhu/arm/install/arm_llc_moveit_config/share/arm_llc_moveit_config/hook/cmake_prefix_path.ps1'
[0.914s] INFO:colcon.colcon_core.shell:Creating environment descriptor '/home/zhu/arm/install/arm_llc_moveit_config/share/arm_llc_moveit_config/hook/cmake_prefix_path.dsv'
[0.914s] INFO:colcon.colcon_core.shell:Creating environment hook '/home/zhu/arm/install/arm_llc_moveit_config/share/arm_llc_moveit_config/hook/cmake_prefix_path.sh'
[0.915s] Level 1:colcon.colcon_core.environment:checking '/home/zhu/arm/install/arm_llc_moveit_config/bin'
[0.915s] Level 1:colcon.colcon_core.environment:checking '/home/zhu/arm/install/arm_llc_moveit_config/lib/pkgconfig/arm_llc_moveit_config.pc'
[0.915s] Level 1:colcon.colcon_core.environment:checking '/home/zhu/arm/install/arm_llc_moveit_config/lib/python3.10/site-packages'
[0.915s] Level 1:colcon.colcon_core.environment:checking '/home/zhu/arm/install/arm_llc_moveit_config/bin'
[0.915s] INFO:colcon.colcon_core.shell:Creating package script '/home/zhu/arm/install/arm_llc_moveit_config/share/arm_llc_moveit_config/package.ps1'
[0.915s] INFO:colcon.colcon_core.shell:Creating package descriptor '/home/zhu/arm/install/arm_llc_moveit_config/share/arm_llc_moveit_config/package.dsv'
[0.915s] INFO:colcon.colcon_core.shell:Creating package script '/home/zhu/arm/install/arm_llc_moveit_config/share/arm_llc_moveit_config/package.sh'
[0.915s] INFO:colcon.colcon_core.shell:Creating package script '/home/zhu/arm/install/arm_llc_moveit_config/share/arm_llc_moveit_config/package.bash'
[0.916s] INFO:colcon.colcon_core.shell:Creating package script '/home/zhu/arm/install/arm_llc_moveit_config/share/arm_llc_moveit_config/package.zsh'
[0.916s] Level 1:colcon.colcon_core.environment:create_file_with_runtime_dependencies(/home/zhu/arm/install/arm_llc_moveit_config/share/colcon-core/packages/arm_llc_moveit_config)
[0.916s] DEBUG:colcon.colcon_parallel_executor.executor.parallel:closing loop
[0.916s] DEBUG:colcon.colcon_parallel_executor.executor.parallel:loop closed
[0.916s] DEBUG:colcon.colcon_parallel_executor.executor.parallel:run_until_complete finished with '0'
[0.916s] DEBUG:colcon.colcon_core.event_reactor:joining thread
[0.921s] INFO:colcon.colcon_core.plugin_system:Skipping extension 'colcon_notification.desktop_notification.terminal_notifier': Not used on non-Darwin systems
[0.921s] INFO:colcon.colcon_core.plugin_system:Skipping extension 'colcon_notification.desktop_notification.win32': Not used on non-Windows systems
[0.921s] INFO:colcon.colcon_notification.desktop_notification:Sending desktop notification using 'notify2'
[0.929s] DEBUG:colcon.colcon_core.event_reactor:joined thread
[0.929s] INFO:colcon.colcon_core.shell:Creating prefix script '/home/zhu/arm/install/local_setup.ps1'
[0.929s] INFO:colcon.colcon_core.shell:Creating prefix util module '/home/zhu/arm/install/_local_setup_util_ps1.py'
[0.930s] INFO:colcon.colcon_core.shell:Creating prefix chain script '/home/zhu/arm/install/setup.ps1'
[0.931s] INFO:colcon.colcon_core.shell:Creating prefix script '/home/zhu/arm/install/local_setup.sh'
[0.932s] INFO:colcon.colcon_core.shell:Creating prefix util module '/home/zhu/arm/install/_local_setup_util_sh.py'
[0.932s] INFO:colcon.colcon_core.shell:Creating prefix chain script '/home/zhu/arm/install/setup.sh'
[0.933s] INFO:colcon.colcon_core.shell:Creating prefix script '/home/zhu/arm/install/local_setup.bash'
[0.933s] INFO:colcon.colcon_core.shell:Creating prefix chain script '/home/zhu/arm/install/setup.bash'
[0.934s] INFO:colcon.colcon_core.shell:Creating prefix script '/home/zhu/arm/install/local_setup.zsh'
[0.935s] INFO:colcon.colcon_core.shell:Creating prefix chain script '/home/zhu/arm/install/setup.zsh'
