-- Install configuration: ""
-- Up-to-date: /home/zhu/arm/install/arm_llc_moveit2/share/ament_index/resource_index/package_run_dependencies/arm_llc_moveit2
-- Up-to-date: /home/zhu/arm/install/arm_llc_moveit2/share/ament_index/resource_index/parent_prefix_path/arm_llc_moveit2
-- Up-to-date: /home/zhu/arm/install/arm_llc_moveit2/share/arm_llc_moveit2/environment/ament_prefix_path.sh
-- Up-to-date: /home/zhu/arm/install/arm_llc_moveit2/share/arm_llc_moveit2/environment/ament_prefix_path.dsv
-- Up-to-date: /home/zhu/arm/install/arm_llc_moveit2/share/arm_llc_moveit2/environment/path.sh
-- Up-to-date: /home/zhu/arm/install/arm_llc_moveit2/share/arm_llc_moveit2/environment/path.dsv
-- Up-to-date: /home/zhu/arm/install/arm_llc_moveit2/share/arm_llc_moveit2/local_setup.bash
-- Up-to-date: /home/zhu/arm/install/arm_llc_moveit2/share/arm_llc_moveit2/local_setup.sh
-- Up-to-date: /home/zhu/arm/install/arm_llc_moveit2/share/arm_llc_moveit2/local_setup.zsh
-- Up-to-date: /home/zhu/arm/install/arm_llc_moveit2/share/arm_llc_moveit2/local_setup.dsv
-- Up-to-date: /home/zhu/arm/install/arm_llc_moveit2/share/arm_llc_moveit2/package.dsv
-- Up-to-date: /home/zhu/arm/install/arm_llc_moveit2/share/ament_index/resource_index/packages/arm_llc_moveit2
-- Up-to-date: /home/zhu/arm/install/arm_llc_moveit2/share/arm_llc_moveit2/cmake/arm_llc_moveit2Config.cmake
-- Up-to-date: /home/zhu/arm/install/arm_llc_moveit2/share/arm_llc_moveit2/cmake/arm_llc_moveit2Config-version.cmake
-- Up-to-date: /home/zhu/arm/install/arm_llc_moveit2/share/arm_llc_moveit2/package.xml
-- Up-to-date: /home/zhu/arm/install/arm_llc_moveit2/share/arm_llc_moveit2/launch
-- Up-to-date: /home/zhu/arm/install/arm_llc_moveit2/share/arm_llc_moveit2/launch/static_virtual_joint_tfs.launch.py
-- Up-to-date: /home/zhu/arm/install/arm_llc_moveit2/share/arm_llc_moveit2/launch/move_group.launch.py
-- Up-to-date: /home/zhu/arm/install/arm_llc_moveit2/share/arm_llc_moveit2/launch/warehouse_db.launch.py
-- Up-to-date: /home/zhu/arm/install/arm_llc_moveit2/share/arm_llc_moveit2/launch/moveit_rviz.launch.py
-- Up-to-date: /home/zhu/arm/install/arm_llc_moveit2/share/arm_llc_moveit2/launch/spawn_controllers.launch.py
-- Up-to-date: /home/zhu/arm/install/arm_llc_moveit2/share/arm_llc_moveit2/launch/demo.launch.py
-- Up-to-date: /home/zhu/arm/install/arm_llc_moveit2/share/arm_llc_moveit2/launch/setup_assistant.launch.py
-- Up-to-date: /home/zhu/arm/install/arm_llc_moveit2/share/arm_llc_moveit2/launch/rsp.launch.py
-- Up-to-date: /home/zhu/arm/install/arm_llc_moveit2/share/arm_llc_moveit2/config
-- Up-to-date: /home/zhu/arm/install/arm_llc_moveit2/share/arm_llc_moveit2/config/pilz_cartesian_limits.yaml
-- Up-to-date: /home/zhu/arm/install/arm_llc_moveit2/share/arm_llc_moveit2/config/moveit.rviz
-- Up-to-date: /home/zhu/arm/install/arm_llc_moveit2/share/arm_llc_moveit2/config/initial_positions.yaml
-- Installing: /home/zhu/arm/install/arm_llc_moveit2/share/arm_llc_moveit2/config/moveit_controllers.yaml
-- Up-to-date: /home/zhu/arm/install/arm_llc_moveit2/share/arm_llc_moveit2/config/kinematics.yaml
-- Up-to-date: /home/zhu/arm/install/arm_llc_moveit2/share/arm_llc_moveit2/config/arm_lcr_description.srdf
-- Up-to-date: /home/zhu/arm/install/arm_llc_moveit2/share/arm_llc_moveit2/config/arm_lcr_description.urdf.xacro
-- Up-to-date: /home/zhu/arm/install/arm_llc_moveit2/share/arm_llc_moveit2/config/ros2_controllers.yaml
-- Up-to-date: /home/zhu/arm/install/arm_llc_moveit2/share/arm_llc_moveit2/config/arm_lcr_description.ros2_control.xacro
-- Up-to-date: /home/zhu/arm/install/arm_llc_moveit2/share/arm_llc_moveit2/config/joint_limits.yaml
-- Up-to-date: /home/zhu/arm/install/arm_llc_moveit2/share/arm_llc_moveit2/.setup_assistant
