[0.072s] DEBUG:colcon:Command line arguments: ['/usr/bin/colcon', 'build']
[0.072s] DEBUG:colcon:Parsed command line arguments: Namespace(log_base=None, log_level=None, verb_name='build', build_base='build', install_base='install', merge_install=False, symlink_install=False, test_result_base=None, continue_on_error=False, executor='parallel', parallel_workers=32, event_handlers=None, ignore_user_meta=False, metas=['./colcon.meta'], base_paths=['.'], packages_ignore=None, packages_ignore_regex=None, paths=None, packages_up_to=None, packages_up_to_regex=None, packages_above=None, packages_above_and_dependencies=None, packages_above_depth=None, packages_select_by_dep=None, packages_skip_by_dep=None, packages_skip_up_to=None, packages_select_build_failed=False, packages_skip_build_finished=False, packages_select_test_failures=False, packages_skip_test_passed=False, packages_select=None, packages_skip=None, packages_select_regex=None, packages_skip_regex=None, packages_start=None, packages_end=None, allow_overriding=[], cmake_args=None, cmake_target=None, cmake_target_skip_unavailable=False, cmake_clean_cache=False, cmake_clean_first=False, cmake_force_configure=False, ament_cmake_args=None, catkin_cmake_args=None, catkin_skip_building_tests=False, mixin_files=None, mixin=None, verb_parser=<colcon_mixin.mixin.mixin_argument.MixinArgumentDecorator object at 0x79d5df0f7430>, verb_extension=<colcon_core.verb.build.BuildVerb object at 0x79d5df0f6e30>, main=<bound method BuildVerb.main of <colcon_core.verb.build.BuildVerb object at 0x79d5df0f6e30>>, mixin_verb=('build',))
[0.164s] Level 1:colcon.colcon_core.package_discovery:discover_packages(colcon_meta) check parameters
[0.164s] Level 1:colcon.colcon_core.package_discovery:discover_packages(recursive) check parameters
[0.164s] Level 1:colcon.colcon_core.package_discovery:discover_packages(ignore) check parameters
[0.164s] Level 1:colcon.colcon_core.package_discovery:discover_packages(path) check parameters
[0.164s] Level 1:colcon.colcon_core.package_discovery:discover_packages(colcon_meta) discover
[0.164s] Level 1:colcon.colcon_core.package_discovery:discover_packages(recursive) discover
[0.164s] INFO:colcon.colcon_core.package_discovery:Crawling recursively for packages in '/home/zhu/arm'
[0.164s] Level 1:colcon.colcon_core.package_identification:_identify(.) by extensions ['ignore', 'ignore_ament_install']
[0.164s] Level 1:colcon.colcon_core.package_identification:_identify(.) by extension 'ignore'
[0.164s] Level 1:colcon.colcon_core.package_identification:_identify(.) by extension 'ignore_ament_install'
[0.164s] Level 1:colcon.colcon_core.package_identification:_identify(.) by extensions ['colcon_pkg']
[0.164s] Level 1:colcon.colcon_core.package_identification:_identify(.) by extension 'colcon_pkg'
[0.164s] Level 1:colcon.colcon_core.package_identification:_identify(.) by extensions ['colcon_meta']
[0.164s] Level 1:colcon.colcon_core.package_identification:_identify(.) by extension 'colcon_meta'
[0.164s] Level 1:colcon.colcon_core.package_identification:_identify(.) by extensions ['ros']
[0.164s] Level 1:colcon.colcon_core.package_identification:_identify(.) by extension 'ros'
[0.170s] Level 1:colcon.colcon_core.package_identification:_identify(.) by extensions ['cmake', 'python']
[0.170s] Level 1:colcon.colcon_core.package_identification:_identify(.) by extension 'cmake'
[0.170s] Level 1:colcon.colcon_core.package_identification:_identify(.) by extension 'python'
[0.170s] Level 1:colcon.colcon_core.package_identification:_identify(.) by extensions ['python_setup_py']
[0.170s] Level 1:colcon.colcon_core.package_identification:_identify(.) by extension 'python_setup_py'
[0.170s] Level 1:colcon.colcon_core.package_identification:_identify(build) by extensions ['ignore', 'ignore_ament_install']
[0.170s] Level 1:colcon.colcon_core.package_identification:_identify(build) by extension 'ignore'
[0.170s] Level 1:colcon.colcon_core.package_identification:_identify(build) ignored
[0.171s] Level 1:colcon.colcon_core.package_identification:_identify(install) by extensions ['ignore', 'ignore_ament_install']
[0.171s] Level 1:colcon.colcon_core.package_identification:_identify(install) by extension 'ignore'
[0.171s] Level 1:colcon.colcon_core.package_identification:_identify(install) ignored
[0.171s] Level 1:colcon.colcon_core.package_identification:_identify(log) by extensions ['ignore', 'ignore_ament_install']
[0.171s] Level 1:colcon.colcon_core.package_identification:_identify(log) by extension 'ignore'
[0.171s] Level 1:colcon.colcon_core.package_identification:_identify(log) ignored
[0.171s] Level 1:colcon.colcon_core.package_identification:_identify(src) by extensions ['ignore', 'ignore_ament_install']
[0.171s] Level 1:colcon.colcon_core.package_identification:_identify(src) by extension 'ignore'
[0.171s] Level 1:colcon.colcon_core.package_identification:_identify(src) by extension 'ignore_ament_install'
[0.171s] Level 1:colcon.colcon_core.package_identification:_identify(src) by extensions ['colcon_pkg']
[0.171s] Level 1:colcon.colcon_core.package_identification:_identify(src) by extension 'colcon_pkg'
[0.171s] Level 1:colcon.colcon_core.package_identification:_identify(src) by extensions ['colcon_meta']
[0.171s] Level 1:colcon.colcon_core.package_identification:_identify(src) by extension 'colcon_meta'
[0.171s] Level 1:colcon.colcon_core.package_identification:_identify(src) by extensions ['ros']
[0.171s] Level 1:colcon.colcon_core.package_identification:_identify(src) by extension 'ros'
[0.171s] Level 1:colcon.colcon_core.package_identification:_identify(src) by extensions ['cmake', 'python']
[0.171s] Level 1:colcon.colcon_core.package_identification:_identify(src) by extension 'cmake'
[0.171s] Level 1:colcon.colcon_core.package_identification:_identify(src) by extension 'python'
[0.171s] Level 1:colcon.colcon_core.package_identification:_identify(src) by extensions ['python_setup_py']
[0.171s] Level 1:colcon.colcon_core.package_identification:_identify(src) by extension 'python_setup_py'
[0.171s] Level 1:colcon.colcon_core.package_identification:_identify(src/arm_controler) by extensions ['ignore', 'ignore_ament_install']
[0.171s] Level 1:colcon.colcon_core.package_identification:_identify(src/arm_controler) by extension 'ignore'
[0.171s] Level 1:colcon.colcon_core.package_identification:_identify(src/arm_controler) by extension 'ignore_ament_install'
[0.171s] Level 1:colcon.colcon_core.package_identification:_identify(src/arm_controler) by extensions ['colcon_pkg']
[0.171s] Level 1:colcon.colcon_core.package_identification:_identify(src/arm_controler) by extension 'colcon_pkg'
[0.171s] Level 1:colcon.colcon_core.package_identification:_identify(src/arm_controler) by extensions ['colcon_meta']
[0.171s] Level 1:colcon.colcon_core.package_identification:_identify(src/arm_controler) by extension 'colcon_meta'
[0.171s] Level 1:colcon.colcon_core.package_identification:_identify(src/arm_controler) by extensions ['ros']
[0.171s] Level 1:colcon.colcon_core.package_identification:_identify(src/arm_controler) by extension 'ros'
[0.173s] DEBUG:colcon.colcon_core.package_identification:Package 'src/arm_controler' with type 'ros.ament_cmake' and name 'arm_controler'
[0.173s] Level 1:colcon.colcon_core.package_identification:_identify(src/arm_lcr_description) by extensions ['ignore', 'ignore_ament_install']
[0.173s] Level 1:colcon.colcon_core.package_identification:_identify(src/arm_lcr_description) by extension 'ignore'
[0.173s] Level 1:colcon.colcon_core.package_identification:_identify(src/arm_lcr_description) by extension 'ignore_ament_install'
[0.173s] Level 1:colcon.colcon_core.package_identification:_identify(src/arm_lcr_description) by extensions ['colcon_pkg']
[0.173s] Level 1:colcon.colcon_core.package_identification:_identify(src/arm_lcr_description) by extension 'colcon_pkg'
[0.173s] Level 1:colcon.colcon_core.package_identification:_identify(src/arm_lcr_description) by extensions ['colcon_meta']
[0.174s] Level 1:colcon.colcon_core.package_identification:_identify(src/arm_lcr_description) by extension 'colcon_meta'
[0.174s] Level 1:colcon.colcon_core.package_identification:_identify(src/arm_lcr_description) by extensions ['ros']
[0.174s] Level 1:colcon.colcon_core.package_identification:_identify(src/arm_lcr_description) by extension 'ros'
[0.174s] DEBUG:colcon.colcon_core.package_identification:Package 'src/arm_lcr_description' with type 'ros.ament_cmake' and name 'arm_lcr_description'
[0.174s] Level 1:colcon.colcon_core.package_identification:_identify(src/arm_llc_moveit_config) by extensions ['ignore', 'ignore_ament_install']
[0.174s] Level 1:colcon.colcon_core.package_identification:_identify(src/arm_llc_moveit_config) by extension 'ignore'
[0.174s] Level 1:colcon.colcon_core.package_identification:_identify(src/arm_llc_moveit_config) by extension 'ignore_ament_install'
[0.174s] Level 1:colcon.colcon_core.package_identification:_identify(src/arm_llc_moveit_config) by extensions ['colcon_pkg']
[0.174s] Level 1:colcon.colcon_core.package_identification:_identify(src/arm_llc_moveit_config) by extension 'colcon_pkg'
[0.174s] Level 1:colcon.colcon_core.package_identification:_identify(src/arm_llc_moveit_config) by extensions ['colcon_meta']
[0.174s] Level 1:colcon.colcon_core.package_identification:_identify(src/arm_llc_moveit_config) by extension 'colcon_meta'
[0.174s] Level 1:colcon.colcon_core.package_identification:_identify(src/arm_llc_moveit_config) by extensions ['ros']
[0.174s] Level 1:colcon.colcon_core.package_identification:_identify(src/arm_llc_moveit_config) by extension 'ros'
[0.174s] DEBUG:colcon.colcon_core.package_identification:Package 'src/arm_llc_moveit_config' with type 'ros.ament_cmake' and name 'arm_llc_moveit_config'
[0.175s] Level 1:colcon.colcon_core.package_identification:_identify(src/cychuankou) by extensions ['ignore', 'ignore_ament_install']
[0.175s] Level 1:colcon.colcon_core.package_identification:_identify(src/cychuankou) by extension 'ignore'
[0.175s] Level 1:colcon.colcon_core.package_identification:_identify(src/cychuankou) by extension 'ignore_ament_install'
[0.175s] Level 1:colcon.colcon_core.package_identification:_identify(src/cychuankou) by extensions ['colcon_pkg']
[0.175s] Level 1:colcon.colcon_core.package_identification:_identify(src/cychuankou) by extension 'colcon_pkg'
[0.175s] Level 1:colcon.colcon_core.package_identification:_identify(src/cychuankou) by extensions ['colcon_meta']
[0.175s] Level 1:colcon.colcon_core.package_identification:_identify(src/cychuankou) by extension 'colcon_meta'
[0.175s] Level 1:colcon.colcon_core.package_identification:_identify(src/cychuankou) by extensions ['ros']
[0.175s] Level 1:colcon.colcon_core.package_identification:_identify(src/cychuankou) by extension 'ros'
[0.175s] DEBUG:colcon.colcon_core.package_identification:Package 'src/cychuankou' with type 'ros.ament_cmake' and name 'cychuankou'
[0.175s] Level 1:colcon.colcon_core.package_identification:_identify(src/my_keyboard_listener) by extensions ['ignore', 'ignore_ament_install']
[0.175s] Level 1:colcon.colcon_core.package_identification:_identify(src/my_keyboard_listener) by extension 'ignore'
[0.175s] Level 1:colcon.colcon_core.package_identification:_identify(src/my_keyboard_listener) by extension 'ignore_ament_install'
[0.175s] Level 1:colcon.colcon_core.package_identification:_identify(src/my_keyboard_listener) by extensions ['colcon_pkg']
[0.175s] Level 1:colcon.colcon_core.package_identification:_identify(src/my_keyboard_listener) by extension 'colcon_pkg'
[0.175s] Level 1:colcon.colcon_core.package_identification:_identify(src/my_keyboard_listener) by extensions ['colcon_meta']
[0.175s] Level 1:colcon.colcon_core.package_identification:_identify(src/my_keyboard_listener) by extension 'colcon_meta'
[0.175s] Level 1:colcon.colcon_core.package_identification:_identify(src/my_keyboard_listener) by extensions ['ros']
[0.175s] Level 1:colcon.colcon_core.package_identification:_identify(src/my_keyboard_listener) by extension 'ros'
[0.180s] DEBUG:colcon.colcon_core.package_identification:Package 'src/my_keyboard_listener' with type 'ros.ament_cmake' and name 'my_keyboard_listener'
[0.180s] Level 1:colcon.colcon_core.package_identification:_identify(src/serial) by extensions ['ignore', 'ignore_ament_install']
[0.180s] Level 1:colcon.colcon_core.package_identification:_identify(src/serial) by extension 'ignore'
[0.180s] Level 1:colcon.colcon_core.package_identification:_identify(src/serial) by extension 'ignore_ament_install'
[0.180s] Level 1:colcon.colcon_core.package_identification:_identify(src/serial) by extensions ['colcon_pkg']
[0.180s] Level 1:colcon.colcon_core.package_identification:_identify(src/serial) by extension 'colcon_pkg'
[0.180s] Level 1:colcon.colcon_core.package_identification:_identify(src/serial) by extensions ['colcon_meta']
[0.180s] Level 1:colcon.colcon_core.package_identification:_identify(src/serial) by extension 'colcon_meta'
[0.180s] Level 1:colcon.colcon_core.package_identification:_identify(src/serial) by extensions ['ros']
[0.180s] Level 1:colcon.colcon_core.package_identification:_identify(src/serial) by extension 'ros'
[0.181s] DEBUG:colcon.colcon_core.package_identification:Package 'src/serial' with type 'ros.ament_cmake' and name 'serial'
[0.181s] Level 1:colcon.colcon_core.package_discovery:discover_packages(recursive) using defaults
[0.181s] Level 1:colcon.colcon_core.package_discovery:discover_packages(ignore) discover
[0.181s] Level 1:colcon.colcon_core.package_discovery:discover_packages(ignore) using defaults
[0.181s] Level 1:colcon.colcon_core.package_discovery:discover_packages(path) discover
[0.181s] Level 1:colcon.colcon_core.package_discovery:discover_packages(path) using defaults
[0.198s] Level 1:colcon.colcon_core.package_discovery:discover_packages(prefix_path) check parameters
[0.198s] Level 1:colcon.colcon_core.package_discovery:discover_packages(prefix_path) discover
[0.202s] DEBUG:colcon.colcon_installed_package_information.package_discovery:Found 55 installed packages in /home/zhu/ws_moveit2/install
[0.203s] DEBUG:colcon.colcon_installed_package_information.package_discovery:Found 366 installed packages in /opt/ros/humble
[0.204s] Level 1:colcon.colcon_core.package_discovery:discover_packages(prefix_path) using defaults
[0.245s] Level 5:colcon.colcon_core.verb:set package 'arm_controler' build argument 'cmake_args' from command line to 'None'
[0.245s] Level 5:colcon.colcon_core.verb:set package 'arm_controler' build argument 'cmake_target' from command line to 'None'
[0.245s] Level 5:colcon.colcon_core.verb:set package 'arm_controler' build argument 'cmake_target_skip_unavailable' from command line to 'False'
[0.245s] Level 5:colcon.colcon_core.verb:set package 'arm_controler' build argument 'cmake_clean_cache' from command line to 'False'
[0.245s] Level 5:colcon.colcon_core.verb:set package 'arm_controler' build argument 'cmake_clean_first' from command line to 'False'
[0.245s] Level 5:colcon.colcon_core.verb:set package 'arm_controler' build argument 'cmake_force_configure' from command line to 'False'
[0.245s] Level 5:colcon.colcon_core.verb:set package 'arm_controler' build argument 'ament_cmake_args' from command line to 'None'
[0.245s] Level 5:colcon.colcon_core.verb:set package 'arm_controler' build argument 'catkin_cmake_args' from command line to 'None'
[0.245s] Level 5:colcon.colcon_core.verb:set package 'arm_controler' build argument 'catkin_skip_building_tests' from command line to 'False'
[0.245s] DEBUG:colcon.colcon_core.verb:Building package 'arm_controler' with the following arguments: {'ament_cmake_args': None, 'build_base': '/home/zhu/arm/build/arm_controler', 'catkin_cmake_args': None, 'catkin_skip_building_tests': False, 'cmake_args': None, 'cmake_clean_cache': False, 'cmake_clean_first': False, 'cmake_force_configure': False, 'cmake_target': None, 'cmake_target_skip_unavailable': False, 'install_base': '/home/zhu/arm/install/arm_controler', 'merge_install': False, 'path': '/home/zhu/arm/src/arm_controler', 'symlink_install': False, 'test_result_base': None}
[0.245s] Level 5:colcon.colcon_core.verb:set package 'arm_lcr_description' build argument 'cmake_args' from command line to 'None'
[0.245s] Level 5:colcon.colcon_core.verb:set package 'arm_lcr_description' build argument 'cmake_target' from command line to 'None'
[0.245s] Level 5:colcon.colcon_core.verb:set package 'arm_lcr_description' build argument 'cmake_target_skip_unavailable' from command line to 'False'
[0.245s] Level 5:colcon.colcon_core.verb:set package 'arm_lcr_description' build argument 'cmake_clean_cache' from command line to 'False'
[0.245s] Level 5:colcon.colcon_core.verb:set package 'arm_lcr_description' build argument 'cmake_clean_first' from command line to 'False'
[0.245s] Level 5:colcon.colcon_core.verb:set package 'arm_lcr_description' build argument 'cmake_force_configure' from command line to 'False'
[0.245s] Level 5:colcon.colcon_core.verb:set package 'arm_lcr_description' build argument 'ament_cmake_args' from command line to 'None'
[0.245s] Level 5:colcon.colcon_core.verb:set package 'arm_lcr_description' build argument 'catkin_cmake_args' from command line to 'None'
[0.245s] Level 5:colcon.colcon_core.verb:set package 'arm_lcr_description' build argument 'catkin_skip_building_tests' from command line to 'False'
[0.245s] DEBUG:colcon.colcon_core.verb:Building package 'arm_lcr_description' with the following arguments: {'ament_cmake_args': None, 'build_base': '/home/zhu/arm/build/arm_lcr_description', 'catkin_cmake_args': None, 'catkin_skip_building_tests': False, 'cmake_args': None, 'cmake_clean_cache': False, 'cmake_clean_first': False, 'cmake_force_configure': False, 'cmake_target': None, 'cmake_target_skip_unavailable': False, 'install_base': '/home/zhu/arm/install/arm_lcr_description', 'merge_install': False, 'path': '/home/zhu/arm/src/arm_lcr_description', 'symlink_install': False, 'test_result_base': None}
[0.246s] Level 5:colcon.colcon_core.verb:set package 'my_keyboard_listener' build argument 'cmake_args' from command line to 'None'
[0.246s] Level 5:colcon.colcon_core.verb:set package 'my_keyboard_listener' build argument 'cmake_target' from command line to 'None'
[0.246s] Level 5:colcon.colcon_core.verb:set package 'my_keyboard_listener' build argument 'cmake_target_skip_unavailable' from command line to 'False'
[0.246s] Level 5:colcon.colcon_core.verb:set package 'my_keyboard_listener' build argument 'cmake_clean_cache' from command line to 'False'
[0.246s] Level 5:colcon.colcon_core.verb:set package 'my_keyboard_listener' build argument 'cmake_clean_first' from command line to 'False'
[0.246s] Level 5:colcon.colcon_core.verb:set package 'my_keyboard_listener' build argument 'cmake_force_configure' from command line to 'False'
[0.246s] Level 5:colcon.colcon_core.verb:set package 'my_keyboard_listener' build argument 'ament_cmake_args' from command line to 'None'
[0.246s] Level 5:colcon.colcon_core.verb:set package 'my_keyboard_listener' build argument 'catkin_cmake_args' from command line to 'None'
[0.246s] Level 5:colcon.colcon_core.verb:set package 'my_keyboard_listener' build argument 'catkin_skip_building_tests' from command line to 'False'
[0.246s] DEBUG:colcon.colcon_core.verb:Building package 'my_keyboard_listener' with the following arguments: {'ament_cmake_args': None, 'build_base': '/home/zhu/arm/build/my_keyboard_listener', 'catkin_cmake_args': None, 'catkin_skip_building_tests': False, 'cmake_args': None, 'cmake_clean_cache': False, 'cmake_clean_first': False, 'cmake_force_configure': False, 'cmake_target': None, 'cmake_target_skip_unavailable': False, 'install_base': '/home/zhu/arm/install/my_keyboard_listener', 'merge_install': False, 'path': '/home/zhu/arm/src/my_keyboard_listener', 'symlink_install': False, 'test_result_base': None}
[0.246s] Level 5:colcon.colcon_core.verb:set package 'serial' build argument 'cmake_args' from command line to 'None'
[0.246s] Level 5:colcon.colcon_core.verb:set package 'serial' build argument 'cmake_target' from command line to 'None'
[0.246s] Level 5:colcon.colcon_core.verb:set package 'serial' build argument 'cmake_target_skip_unavailable' from command line to 'False'
[0.246s] Level 5:colcon.colcon_core.verb:set package 'serial' build argument 'cmake_clean_cache' from command line to 'False'
[0.246s] Level 5:colcon.colcon_core.verb:set package 'serial' build argument 'cmake_clean_first' from command line to 'False'
[0.246s] Level 5:colcon.colcon_core.verb:set package 'serial' build argument 'cmake_force_configure' from command line to 'False'
[0.246s] Level 5:colcon.colcon_core.verb:set package 'serial' build argument 'ament_cmake_args' from command line to 'None'
[0.246s] Level 5:colcon.colcon_core.verb:set package 'serial' build argument 'catkin_cmake_args' from command line to 'None'
[0.246s] Level 5:colcon.colcon_core.verb:set package 'serial' build argument 'catkin_skip_building_tests' from command line to 'False'
[0.246s] DEBUG:colcon.colcon_core.verb:Building package 'serial' with the following arguments: {'ament_cmake_args': None, 'build_base': '/home/zhu/arm/build/serial', 'catkin_cmake_args': None, 'catkin_skip_building_tests': False, 'cmake_args': None, 'cmake_clean_cache': False, 'cmake_clean_first': False, 'cmake_force_configure': False, 'cmake_target': None, 'cmake_target_skip_unavailable': False, 'install_base': '/home/zhu/arm/install/serial', 'merge_install': False, 'path': '/home/zhu/arm/src/serial', 'symlink_install': False, 'test_result_base': None}
[0.246s] Level 5:colcon.colcon_core.verb:set package 'arm_llc_moveit_config' build argument 'cmake_args' from command line to 'None'
[0.246s] Level 5:colcon.colcon_core.verb:set package 'arm_llc_moveit_config' build argument 'cmake_target' from command line to 'None'
[0.246s] Level 5:colcon.colcon_core.verb:set package 'arm_llc_moveit_config' build argument 'cmake_target_skip_unavailable' from command line to 'False'
[0.246s] Level 5:colcon.colcon_core.verb:set package 'arm_llc_moveit_config' build argument 'cmake_clean_cache' from command line to 'False'
[0.246s] Level 5:colcon.colcon_core.verb:set package 'arm_llc_moveit_config' build argument 'cmake_clean_first' from command line to 'False'
[0.246s] Level 5:colcon.colcon_core.verb:set package 'arm_llc_moveit_config' build argument 'cmake_force_configure' from command line to 'False'
[0.246s] Level 5:colcon.colcon_core.verb:set package 'arm_llc_moveit_config' build argument 'ament_cmake_args' from command line to 'None'
[0.246s] Level 5:colcon.colcon_core.verb:set package 'arm_llc_moveit_config' build argument 'catkin_cmake_args' from command line to 'None'
[0.246s] Level 5:colcon.colcon_core.verb:set package 'arm_llc_moveit_config' build argument 'catkin_skip_building_tests' from command line to 'False'
[0.246s] DEBUG:colcon.colcon_core.verb:Building package 'arm_llc_moveit_config' with the following arguments: {'ament_cmake_args': None, 'build_base': '/home/zhu/arm/build/arm_llc_moveit_config', 'catkin_cmake_args': None, 'catkin_skip_building_tests': False, 'cmake_args': None, 'cmake_clean_cache': False, 'cmake_clean_first': False, 'cmake_force_configure': False, 'cmake_target': None, 'cmake_target_skip_unavailable': False, 'install_base': '/home/zhu/arm/install/arm_llc_moveit_config', 'merge_install': False, 'path': '/home/zhu/arm/src/arm_llc_moveit_config', 'symlink_install': False, 'test_result_base': None}
[0.246s] Level 5:colcon.colcon_core.verb:set package 'cychuankou' build argument 'cmake_args' from command line to 'None'
[0.246s] Level 5:colcon.colcon_core.verb:set package 'cychuankou' build argument 'cmake_target' from command line to 'None'
[0.246s] Level 5:colcon.colcon_core.verb:set package 'cychuankou' build argument 'cmake_target_skip_unavailable' from command line to 'False'
[0.246s] Level 5:colcon.colcon_core.verb:set package 'cychuankou' build argument 'cmake_clean_cache' from command line to 'False'
[0.246s] Level 5:colcon.colcon_core.verb:set package 'cychuankou' build argument 'cmake_clean_first' from command line to 'False'
[0.246s] Level 5:colcon.colcon_core.verb:set package 'cychuankou' build argument 'cmake_force_configure' from command line to 'False'
[0.246s] Level 5:colcon.colcon_core.verb:set package 'cychuankou' build argument 'ament_cmake_args' from command line to 'None'
[0.246s] Level 5:colcon.colcon_core.verb:set package 'cychuankou' build argument 'catkin_cmake_args' from command line to 'None'
[0.247s] Level 5:colcon.colcon_core.verb:set package 'cychuankou' build argument 'catkin_skip_building_tests' from command line to 'False'
[0.247s] DEBUG:colcon.colcon_core.verb:Building package 'cychuankou' with the following arguments: {'ament_cmake_args': None, 'build_base': '/home/zhu/arm/build/cychuankou', 'catkin_cmake_args': None, 'catkin_skip_building_tests': False, 'cmake_args': None, 'cmake_clean_cache': False, 'cmake_clean_first': False, 'cmake_force_configure': False, 'cmake_target': None, 'cmake_target_skip_unavailable': False, 'install_base': '/home/zhu/arm/install/cychuankou', 'merge_install': False, 'path': '/home/zhu/arm/src/cychuankou', 'symlink_install': False, 'test_result_base': None}
[0.247s] INFO:colcon.colcon_core.executor:Executing jobs using 'parallel' executor
[0.248s] DEBUG:colcon.colcon_parallel_executor.executor.parallel:run_until_complete
[0.248s] INFO:colcon.colcon_ros.task.ament_cmake.build:Building ROS package in '/home/zhu/arm/src/arm_lcr_description' with build type 'ament_cmake'
[0.248s] INFO:colcon.colcon_cmake.task.cmake.build:Building CMake package in '/home/zhu/arm/src/arm_lcr_description'
[0.250s] INFO:colcon.colcon_core.plugin_system:Skipping extension 'colcon_core.shell.bat': Not used on non-Windows systems
[0.250s] INFO:colcon.colcon_core.shell:Skip shell extension 'powershell' for command environment: Not usable outside of PowerShell
[0.250s] DEBUG:colcon.colcon_core.shell:Skip shell extension 'dsv' for command environment
[0.253s] INFO:colcon.colcon_ros.task.ament_cmake.build:Building ROS package in '/home/zhu/arm/src/serial' with build type 'ament_cmake'
[0.253s] INFO:colcon.colcon_cmake.task.cmake.build:Building CMake package in '/home/zhu/arm/src/serial'
[0.254s] INFO:colcon.colcon_core.shell:Skip shell extension 'powershell' for command environment: Not usable outside of PowerShell
[0.254s] DEBUG:colcon.colcon_core.shell:Skip shell extension 'dsv' for command environment
[0.258s] INFO:colcon.colcon_ros.task.ament_cmake.build:Building ROS package in '/home/zhu/arm/src/arm_controler' with build type 'ament_cmake'
[0.258s] INFO:colcon.colcon_cmake.task.cmake.build:Building CMake package in '/home/zhu/arm/src/arm_controler'
[0.258s] INFO:colcon.colcon_core.shell:Skip shell extension 'powershell' for command environment: Not usable outside of PowerShell
[0.258s] DEBUG:colcon.colcon_core.shell:Skip shell extension 'dsv' for command environment
[0.262s] INFO:colcon.colcon_ros.task.ament_cmake.build:Building ROS package in '/home/zhu/arm/src/my_keyboard_listener' with build type 'ament_cmake'
[0.262s] INFO:colcon.colcon_cmake.task.cmake.build:Building CMake package in '/home/zhu/arm/src/my_keyboard_listener'
[0.262s] INFO:colcon.colcon_core.shell:Skip shell extension 'powershell' for command environment: Not usable outside of PowerShell
[0.262s] DEBUG:colcon.colcon_core.shell:Skip shell extension 'dsv' for command environment
[0.271s] DEBUG:colcon.colcon_core.event_handler.log_command:Invoking command in '/home/zhu/arm/build/arm_lcr_description': CMAKE_PREFIX_PATH=${CMAKE_PREFIX_PATH}:/home/zhu/ws_moveit2/install/moveit_configs_utils:/home/zhu/ws_moveit2/install/launch_param_builder:/opt/ros/humble /usr/bin/cmake --build /home/zhu/arm/build/arm_lcr_description -- -j32 -l32
[0.273s] DEBUG:colcon.colcon_core.event_handler.log_command:Invoking command in '/home/zhu/arm/build/serial': CMAKE_PREFIX_PATH=${CMAKE_PREFIX_PATH}:/home/zhu/ws_moveit2/install/moveit_configs_utils:/home/zhu/ws_moveit2/install/launch_param_builder:/opt/ros/humble /usr/bin/cmake /home/zhu/arm/src/serial -DCMAKE_INSTALL_PREFIX=/home/zhu/arm/install/serial
[0.276s] DEBUG:colcon.colcon_core.event_handler.log_command:Invoking command in '/home/zhu/arm/build/arm_controler': CMAKE_PREFIX_PATH=${CMAKE_PREFIX_PATH}:/home/zhu/ws_moveit2/install/moveit_configs_utils:/home/zhu/ws_moveit2/install/launch_param_builder:/opt/ros/humble /usr/bin/cmake --build /home/zhu/arm/build/arm_controler -- -j32 -l32
[0.280s] DEBUG:colcon.colcon_core.event_handler.log_command:Invoking command in '/home/zhu/arm/build/my_keyboard_listener': CMAKE_PREFIX_PATH=${CMAKE_PREFIX_PATH}:/home/zhu/ws_moveit2/install/moveit_configs_utils:/home/zhu/ws_moveit2/install/launch_param_builder:/opt/ros/humble /usr/bin/cmake --build /home/zhu/arm/build/my_keyboard_listener -- -j32 -l32
[0.325s] DEBUG:colcon.colcon_core.event_handler.log_command:Invoked command in '/home/zhu/arm/build/arm_lcr_description' returned '0': CMAKE_PREFIX_PATH=${CMAKE_PREFIX_PATH}:/home/zhu/ws_moveit2/install/moveit_configs_utils:/home/zhu/ws_moveit2/install/launch_param_builder:/opt/ros/humble /usr/bin/cmake --build /home/zhu/arm/build/arm_lcr_description -- -j32 -l32
[0.350s] DEBUG:colcon.colcon_core.event_handler.log_command:Invoked command in '/home/zhu/arm/build/my_keyboard_listener' returned '0': CMAKE_PREFIX_PATH=${CMAKE_PREFIX_PATH}:/home/zhu/ws_moveit2/install/moveit_configs_utils:/home/zhu/ws_moveit2/install/launch_param_builder:/opt/ros/humble /usr/bin/cmake --build /home/zhu/arm/build/my_keyboard_listener -- -j32 -l32
[0.367s] DEBUG:colcon.colcon_core.event_handler.log_command:Invoking command in '/home/zhu/arm/build/arm_lcr_description': CMAKE_PREFIX_PATH=${CMAKE_PREFIX_PATH}:/home/zhu/ws_moveit2/install/moveit_configs_utils:/home/zhu/ws_moveit2/install/launch_param_builder:/opt/ros/humble /usr/bin/cmake --install /home/zhu/arm/build/arm_lcr_description
[0.368s] DEBUG:colcon.colcon_core.event_handler.log_command:Invoked command in '/home/zhu/arm/build/arm_controler' returned '0': CMAKE_PREFIX_PATH=${CMAKE_PREFIX_PATH}:/home/zhu/ws_moveit2/install/moveit_configs_utils:/home/zhu/ws_moveit2/install/launch_param_builder:/opt/ros/humble /usr/bin/cmake --build /home/zhu/arm/build/arm_controler -- -j32 -l32
[0.376s] Level 1:colcon.colcon_core.environment:create_environment_scripts_only(arm_lcr_description)
[0.376s] DEBUG:colcon.colcon_core.event_handler.log_command:Invoked command in '/home/zhu/arm/build/arm_lcr_description' returned '0': CMAKE_PREFIX_PATH=${CMAKE_PREFIX_PATH}:/home/zhu/ws_moveit2/install/moveit_configs_utils:/home/zhu/ws_moveit2/install/launch_param_builder:/opt/ros/humble /usr/bin/cmake --install /home/zhu/arm/build/arm_lcr_description
[0.379s] Level 1:colcon.colcon_core.environment:checking '/home/zhu/arm/install/arm_lcr_description' for CMake module files
[0.379s] Level 1:colcon.colcon_core.environment:checking '/home/zhu/arm/install/arm_lcr_description' for CMake config files
[0.379s] Level 1:colcon.colcon_core.shell:create_environment_hook('arm_lcr_description', 'cmake_prefix_path')
[0.379s] INFO:colcon.colcon_core.shell:Creating environment hook '/home/zhu/arm/install/arm_lcr_description/share/arm_lcr_description/hook/cmake_prefix_path.ps1'
[0.380s] INFO:colcon.colcon_core.shell:Creating environment descriptor '/home/zhu/arm/install/arm_lcr_description/share/arm_lcr_description/hook/cmake_prefix_path.dsv'
[0.380s] INFO:colcon.colcon_core.shell:Creating environment hook '/home/zhu/arm/install/arm_lcr_description/share/arm_lcr_description/hook/cmake_prefix_path.sh'
[0.381s] Level 1:colcon.colcon_core.environment:checking '/home/zhu/arm/install/arm_lcr_description/bin'
[0.381s] Level 1:colcon.colcon_core.environment:checking '/home/zhu/arm/install/arm_lcr_description/lib/pkgconfig/arm_lcr_description.pc'
[0.381s] Level 1:colcon.colcon_core.environment:checking '/home/zhu/arm/install/arm_lcr_description/lib/python3.10/site-packages'
[0.381s] Level 1:colcon.colcon_core.environment:checking '/home/zhu/arm/install/arm_lcr_description/bin'
[0.381s] INFO:colcon.colcon_core.shell:Creating package script '/home/zhu/arm/install/arm_lcr_description/share/arm_lcr_description/package.ps1'
[0.382s] INFO:colcon.colcon_core.shell:Creating package descriptor '/home/zhu/arm/install/arm_lcr_description/share/arm_lcr_description/package.dsv'
[0.383s] INFO:colcon.colcon_core.shell:Creating package script '/home/zhu/arm/install/arm_lcr_description/share/arm_lcr_description/package.sh'
[0.383s] INFO:colcon.colcon_core.shell:Creating package script '/home/zhu/arm/install/arm_lcr_description/share/arm_lcr_description/package.bash'
[0.384s] INFO:colcon.colcon_core.shell:Creating package script '/home/zhu/arm/install/arm_lcr_description/share/arm_lcr_description/package.zsh'
[0.385s] Level 1:colcon.colcon_core.environment:create_file_with_runtime_dependencies(/home/zhu/arm/install/arm_lcr_description/share/colcon-core/packages/arm_lcr_description)
[0.391s] DEBUG:colcon.colcon_core.event_handler.log_command:Invoking command in '/home/zhu/arm/build/my_keyboard_listener': CMAKE_PREFIX_PATH=${CMAKE_PREFIX_PATH}:/home/zhu/ws_moveit2/install/moveit_configs_utils:/home/zhu/ws_moveit2/install/launch_param_builder:/opt/ros/humble /usr/bin/cmake --install /home/zhu/arm/build/my_keyboard_listener
[0.400s] Level 1:colcon.colcon_core.environment:create_environment_scripts_only(my_keyboard_listener)
[0.400s] Level 1:colcon.colcon_core.environment:checking '/home/zhu/arm/install/my_keyboard_listener' for CMake module files
[0.401s] DEBUG:colcon.colcon_core.event_handler.log_command:Invoked command in '/home/zhu/arm/build/my_keyboard_listener' returned '0': CMAKE_PREFIX_PATH=${CMAKE_PREFIX_PATH}:/home/zhu/ws_moveit2/install/moveit_configs_utils:/home/zhu/ws_moveit2/install/launch_param_builder:/opt/ros/humble /usr/bin/cmake --install /home/zhu/arm/build/my_keyboard_listener
[0.401s] Level 1:colcon.colcon_core.environment:checking '/home/zhu/arm/install/my_keyboard_listener' for CMake config files
[0.401s] Level 1:colcon.colcon_core.shell:create_environment_hook('my_keyboard_listener', 'cmake_prefix_path')
[0.401s] INFO:colcon.colcon_core.shell:Creating environment hook '/home/zhu/arm/install/my_keyboard_listener/share/my_keyboard_listener/hook/cmake_prefix_path.ps1'
[0.402s] INFO:colcon.colcon_core.shell:Creating environment descriptor '/home/zhu/arm/install/my_keyboard_listener/share/my_keyboard_listener/hook/cmake_prefix_path.dsv'
[0.402s] INFO:colcon.colcon_core.shell:Creating environment hook '/home/zhu/arm/install/my_keyboard_listener/share/my_keyboard_listener/hook/cmake_prefix_path.sh'
[0.402s] Level 1:colcon.colcon_core.environment:checking '/home/zhu/arm/install/my_keyboard_listener/lib'
[0.402s] Level 1:colcon.colcon_core.environment:checking '/home/zhu/arm/install/my_keyboard_listener/bin'
[0.402s] Level 1:colcon.colcon_core.environment:checking '/home/zhu/arm/install/my_keyboard_listener/lib/pkgconfig/my_keyboard_listener.pc'
[0.402s] Level 1:colcon.colcon_core.environment:checking '/home/zhu/arm/install/my_keyboard_listener/lib/python3.10/site-packages'
[0.403s] Level 1:colcon.colcon_core.environment:checking '/home/zhu/arm/install/my_keyboard_listener/bin'
[0.403s] INFO:colcon.colcon_core.shell:Creating package script '/home/zhu/arm/install/my_keyboard_listener/share/my_keyboard_listener/package.ps1'
[0.403s] INFO:colcon.colcon_core.shell:Creating package descriptor '/home/zhu/arm/install/my_keyboard_listener/share/my_keyboard_listener/package.dsv'
[0.403s] INFO:colcon.colcon_core.shell:Creating package script '/home/zhu/arm/install/my_keyboard_listener/share/my_keyboard_listener/package.sh'
[0.403s] INFO:colcon.colcon_core.shell:Creating package script '/home/zhu/arm/install/my_keyboard_listener/share/my_keyboard_listener/package.bash'
[0.404s] INFO:colcon.colcon_core.shell:Creating package script '/home/zhu/arm/install/my_keyboard_listener/share/my_keyboard_listener/package.zsh'
[0.404s] Level 1:colcon.colcon_core.environment:create_file_with_runtime_dependencies(/home/zhu/arm/install/my_keyboard_listener/share/colcon-core/packages/my_keyboard_listener)
[0.416s] DEBUG:colcon.colcon_core.event_handler.log_command:Invoking command in '/home/zhu/arm/build/arm_controler': CMAKE_PREFIX_PATH=${CMAKE_PREFIX_PATH}:/home/zhu/ws_moveit2/install/moveit_configs_utils:/home/zhu/ws_moveit2/install/launch_param_builder:/opt/ros/humble /usr/bin/cmake --install /home/zhu/arm/build/arm_controler
[0.417s] Level 1:colcon.colcon_core.environment:create_environment_scripts_only(arm_lcr_description)
[0.418s] Level 1:colcon.colcon_core.environment:checking '/home/zhu/arm/install/arm_lcr_description' for CMake module files
[0.418s] Level 1:colcon.colcon_core.environment:checking '/home/zhu/arm/install/arm_lcr_description' for CMake config files
[0.418s] Level 1:colcon.colcon_core.shell:create_environment_hook('arm_lcr_description', 'cmake_prefix_path')
[0.418s] INFO:colcon.colcon_core.shell:Creating environment hook '/home/zhu/arm/install/arm_lcr_description/share/arm_lcr_description/hook/cmake_prefix_path.ps1'
[0.418s] INFO:colcon.colcon_core.shell:Creating environment descriptor '/home/zhu/arm/install/arm_lcr_description/share/arm_lcr_description/hook/cmake_prefix_path.dsv'
[0.418s] INFO:colcon.colcon_core.shell:Creating environment hook '/home/zhu/arm/install/arm_lcr_description/share/arm_lcr_description/hook/cmake_prefix_path.sh'
[0.419s] Level 1:colcon.colcon_core.environment:checking '/home/zhu/arm/install/arm_lcr_description/bin'
[0.419s] Level 1:colcon.colcon_core.environment:checking '/home/zhu/arm/install/arm_lcr_description/lib/pkgconfig/arm_lcr_description.pc'
[0.419s] Level 1:colcon.colcon_core.environment:checking '/home/zhu/arm/install/arm_lcr_description/lib/python3.10/site-packages'
[0.419s] Level 1:colcon.colcon_core.environment:checking '/home/zhu/arm/install/arm_lcr_description/bin'
[0.419s] INFO:colcon.colcon_core.shell:Creating package script '/home/zhu/arm/install/arm_lcr_description/share/arm_lcr_description/package.ps1'
[0.420s] INFO:colcon.colcon_core.shell:Creating package descriptor '/home/zhu/arm/install/arm_lcr_description/share/arm_lcr_description/package.dsv'
[0.420s] INFO:colcon.colcon_core.shell:Creating package script '/home/zhu/arm/install/arm_lcr_description/share/arm_lcr_description/package.sh'
[0.420s] INFO:colcon.colcon_core.shell:Creating package script '/home/zhu/arm/install/arm_lcr_description/share/arm_lcr_description/package.bash'
[0.420s] INFO:colcon.colcon_core.shell:Creating package script '/home/zhu/arm/install/arm_lcr_description/share/arm_lcr_description/package.zsh'
[0.420s] Level 1:colcon.colcon_core.environment:create_file_with_runtime_dependencies(/home/zhu/arm/install/arm_lcr_description/share/colcon-core/packages/arm_lcr_description)
[0.421s] INFO:colcon.colcon_ros.task.ament_cmake.build:Building ROS package in '/home/zhu/arm/src/arm_llc_moveit_config' with build type 'ament_cmake'
[0.421s] INFO:colcon.colcon_cmake.task.cmake.build:Building CMake package in '/home/zhu/arm/src/arm_llc_moveit_config'
[0.421s] INFO:colcon.colcon_core.shell:Skip shell extension 'powershell' for command environment: Not usable outside of PowerShell
[0.421s] DEBUG:colcon.colcon_core.shell:Skip shell extension 'dsv' for command environment
[0.429s] Level 1:colcon.colcon_core.environment:create_environment_scripts_only(arm_controler)
[0.429s] Level 1:colcon.colcon_core.environment:checking '/home/zhu/arm/install/arm_controler' for CMake module files
[0.430s] DEBUG:colcon.colcon_core.event_handler.log_command:Invoked command in '/home/zhu/arm/build/arm_controler' returned '0': CMAKE_PREFIX_PATH=${CMAKE_PREFIX_PATH}:/home/zhu/ws_moveit2/install/moveit_configs_utils:/home/zhu/ws_moveit2/install/launch_param_builder:/opt/ros/humble /usr/bin/cmake --install /home/zhu/arm/build/arm_controler
[0.430s] Level 1:colcon.colcon_core.environment:checking '/home/zhu/arm/install/arm_controler' for CMake config files
[0.430s] Level 1:colcon.colcon_core.shell:create_environment_hook('arm_controler', 'cmake_prefix_path')
[0.431s] INFO:colcon.colcon_core.shell:Creating environment hook '/home/zhu/arm/install/arm_controler/share/arm_controler/hook/cmake_prefix_path.ps1'
[0.431s] INFO:colcon.colcon_core.shell:Creating environment descriptor '/home/zhu/arm/install/arm_controler/share/arm_controler/hook/cmake_prefix_path.dsv'
[0.432s] INFO:colcon.colcon_core.shell:Creating environment hook '/home/zhu/arm/install/arm_controler/share/arm_controler/hook/cmake_prefix_path.sh'
[0.432s] Level 1:colcon.colcon_core.environment:checking '/home/zhu/arm/install/arm_controler/lib'
[0.432s] Level 1:colcon.colcon_core.environment:checking '/home/zhu/arm/install/arm_controler/bin'
[0.432s] Level 1:colcon.colcon_core.environment:checking '/home/zhu/arm/install/arm_controler/lib/pkgconfig/arm_controler.pc'
[0.433s] Level 1:colcon.colcon_core.environment:checking '/home/zhu/arm/install/arm_controler/lib/python3.10/site-packages'
[0.433s] Level 1:colcon.colcon_core.environment:checking '/home/zhu/arm/install/arm_controler/bin'
[0.433s] INFO:colcon.colcon_core.shell:Creating package script '/home/zhu/arm/install/arm_controler/share/arm_controler/package.ps1'
[0.434s] INFO:colcon.colcon_core.shell:Creating package descriptor '/home/zhu/arm/install/arm_controler/share/arm_controler/package.dsv'
[0.434s] INFO:colcon.colcon_core.shell:Creating package script '/home/zhu/arm/install/arm_controler/share/arm_controler/package.sh'
[0.435s] INFO:colcon.colcon_core.shell:Creating package script '/home/zhu/arm/install/arm_controler/share/arm_controler/package.bash'
[0.435s] INFO:colcon.colcon_core.shell:Creating package script '/home/zhu/arm/install/arm_controler/share/arm_controler/package.zsh'
[0.435s] Level 1:colcon.colcon_core.environment:create_file_with_runtime_dependencies(/home/zhu/arm/install/arm_controler/share/colcon-core/packages/arm_controler)
[0.441s] DEBUG:colcon.colcon_core.event_handler.log_command:Invoking command in '/home/zhu/arm/build/arm_llc_moveit_config': AMENT_PREFIX_PATH=/home/zhu/arm/install/arm_lcr_description:${AMENT_PREFIX_PATH} CMAKE_PREFIX_PATH=/home/zhu/arm/install/arm_lcr_description:/home/zhu/ws_moveit2/install/pilz_industrial_motion_planner_testutils:/home/zhu/ws_moveit2/install/moveit_runtime:/home/zhu/ws_moveit2/install/moveit2_tutorials:/home/zhu/ws_moveit2/install/moveit:/home/zhu/ws_moveit2/install/moveit_planners:/home/zhu/ws_moveit2/install/pilz_industrial_motion_planner:/home/zhu/ws_moveit2/install/moveit_visual_tools:/home/zhu/ws_moveit2/install/moveit_task_constructor_visualization:/home/zhu/ws_moveit2/install/moveit_task_constructor_demo:/home/zhu/ws_moveit2/install/moveit_task_constructor_capabilities:/home/zhu/ws_moveit2/install/moveit_task_constructor_core:/home/zhu/ws_moveit2/install/moveit_ros_control_interface:/home/zhu/ws_moveit2/install/moveit_plugins:/home/zhu/ws_moveit2/install/moveit_simple_controller_manager:/home/zhu/ws_moveit2/install/moveit_setup_assistant:/home/zhu/ws_moveit2/install/moveit_setup_srdf_plugins:/home/zhu/ws_moveit2/install/moveit_setup_core_plugins:/home/zhu/ws_moveit2/install/moveit_setup_controllers:/home/zhu/ws_moveit2/install/moveit_setup_app_plugins:/home/zhu/ws_moveit2/install/moveit_setup_framework:/home/zhu/ws_moveit2/install/moveit_servo:/home/zhu/ws_moveit2/install/moveit_ros:/home/zhu/ws_moveit2/install/moveit_ros_visualization:/home/zhu/ws_moveit2/install/moveit_hybrid_planning:/home/zhu/ws_moveit2/install/moveit_ros_planning_interface:/home/zhu/ws_moveit2/install/moveit_ros_benchmarks:/home/zhu/ws_moveit2/install/moveit_ros_warehouse:/home/zhu/ws_moveit2/install/moveit_ros_robot_interaction:/home/zhu/ws_moveit2/install/moveit_ros_perception:/home/zhu/ws_moveit2/install/moveit_resources_prbt_pg70_support:/home/zhu/ws_moveit2/install/moveit_resources_prbt_moveit_config:/home/zhu/ws_moveit2/install/moveit_ros_move_group:/home/zhu/ws_moveit2/install/moveit_planners_ompl:/home/zhu/ws_moveit2/install/moveit_ros_planning:/home/zhu/ws_moveit2/install/moveit_ros_occupancy_map_monitor:/home/zhu/ws_moveit2/install/moveit_resources_prbt_ikfast_manipulator_plugin:/home/zhu/ws_moveit2/install/moveit_planners_chomp:/home/zhu/ws_moveit2/install/moveit_kinematics:/home/zhu/ws_moveit2/install/moveit_chomp_optimizer_adapter:/home/zhu/ws_moveit2/install/chomp_motion_planner:/home/zhu/ws_moveit2/install/moveit_core:/home/zhu/ws_moveit2/install/srdfdom:/home/zhu/ws_moveit2/install/rviz_marker_tools:/home/zhu/ws_moveit2/install/rosparam_shortcuts:/home/zhu/ws_moveit2/install/moveit_task_constructor_msgs:/home/zhu/ws_moveit2/install/moveit_resources_prbt_support:/home/zhu/ws_moveit2/install/moveit_resources:/home/zhu/ws_moveit2/install/moveit_resources_pr2_description:/home/zhu/ws_moveit2/install/moveit_resources_panda_moveit_config:/home/zhu/ws_moveit2/install/moveit_resources_panda_description:/home/zhu/ws_moveit2/install/moveit_resources_fanuc_moveit_config:/home/zhu/ws_moveit2/install/moveit_resources_fanuc_description:/home/zhu/ws_moveit2/install/moveit_common:/home/zhu/ws_moveit2/install/moveit_configs_utils:/home/zhu/ws_moveit2/install/launch_param_builder:/opt/ros/humble /usr/bin/cmake --build /home/zhu/arm/build/arm_llc_moveit_config -- -j32 -l32
[0.443s] Level 1:colcon.colcon_core.environment:create_environment_scripts_only(my_keyboard_listener)
[0.444s] Level 1:colcon.colcon_core.environment:checking '/home/zhu/arm/install/my_keyboard_listener' for CMake module files
[0.444s] Level 1:colcon.colcon_core.environment:checking '/home/zhu/arm/install/my_keyboard_listener' for CMake config files
[0.445s] Level 1:colcon.colcon_core.shell:create_environment_hook('my_keyboard_listener', 'cmake_prefix_path')
[0.445s] INFO:colcon.colcon_core.shell:Creating environment hook '/home/zhu/arm/install/my_keyboard_listener/share/my_keyboard_listener/hook/cmake_prefix_path.ps1'
[0.445s] INFO:colcon.colcon_core.shell:Creating environment descriptor '/home/zhu/arm/install/my_keyboard_listener/share/my_keyboard_listener/hook/cmake_prefix_path.dsv'
[0.446s] INFO:colcon.colcon_core.shell:Creating environment hook '/home/zhu/arm/install/my_keyboard_listener/share/my_keyboard_listener/hook/cmake_prefix_path.sh'
[0.446s] Level 1:colcon.colcon_core.environment:checking '/home/zhu/arm/install/my_keyboard_listener/lib'
[0.446s] Level 1:colcon.colcon_core.environment:checking '/home/zhu/arm/install/my_keyboard_listener/bin'
[0.446s] Level 1:colcon.colcon_core.environment:checking '/home/zhu/arm/install/my_keyboard_listener/lib/pkgconfig/my_keyboard_listener.pc'
[0.447s] Level 1:colcon.colcon_core.environment:checking '/home/zhu/arm/install/my_keyboard_listener/lib/python3.10/site-packages'
[0.447s] Level 1:colcon.colcon_core.environment:checking '/home/zhu/arm/install/my_keyboard_listener/bin'
[0.447s] INFO:colcon.colcon_core.shell:Creating package script '/home/zhu/arm/install/my_keyboard_listener/share/my_keyboard_listener/package.ps1'
[0.448s] INFO:colcon.colcon_core.shell:Creating package descriptor '/home/zhu/arm/install/my_keyboard_listener/share/my_keyboard_listener/package.dsv'
[0.448s] INFO:colcon.colcon_core.shell:Creating package script '/home/zhu/arm/install/my_keyboard_listener/share/my_keyboard_listener/package.sh'
[0.449s] INFO:colcon.colcon_core.shell:Creating package script '/home/zhu/arm/install/my_keyboard_listener/share/my_keyboard_listener/package.bash'
[0.449s] INFO:colcon.colcon_core.shell:Creating package script '/home/zhu/arm/install/my_keyboard_listener/share/my_keyboard_listener/package.zsh'
[0.450s] Level 1:colcon.colcon_core.environment:create_file_with_runtime_dependencies(/home/zhu/arm/install/my_keyboard_listener/share/colcon-core/packages/my_keyboard_listener)
[0.481s] Level 1:colcon.colcon_core.environment:create_environment_scripts_only(arm_controler)
[0.481s] Level 1:colcon.colcon_core.environment:checking '/home/zhu/arm/install/arm_controler' for CMake module files
[0.482s] Level 1:colcon.colcon_core.environment:checking '/home/zhu/arm/install/arm_controler' for CMake config files
[0.482s] Level 1:colcon.colcon_core.shell:create_environment_hook('arm_controler', 'cmake_prefix_path')
[0.482s] INFO:colcon.colcon_core.shell:Creating environment hook '/home/zhu/arm/install/arm_controler/share/arm_controler/hook/cmake_prefix_path.ps1'
[0.483s] INFO:colcon.colcon_core.shell:Creating environment descriptor '/home/zhu/arm/install/arm_controler/share/arm_controler/hook/cmake_prefix_path.dsv'
[0.483s] INFO:colcon.colcon_core.shell:Creating environment hook '/home/zhu/arm/install/arm_controler/share/arm_controler/hook/cmake_prefix_path.sh'
[0.483s] Level 1:colcon.colcon_core.environment:checking '/home/zhu/arm/install/arm_controler/lib'
[0.484s] Level 1:colcon.colcon_core.environment:checking '/home/zhu/arm/install/arm_controler/bin'
[0.484s] Level 1:colcon.colcon_core.environment:checking '/home/zhu/arm/install/arm_controler/lib/pkgconfig/arm_controler.pc'
[0.484s] Level 1:colcon.colcon_core.environment:checking '/home/zhu/arm/install/arm_controler/lib/python3.10/site-packages'
[0.484s] Level 1:colcon.colcon_core.environment:checking '/home/zhu/arm/install/arm_controler/bin'
[0.484s] INFO:colcon.colcon_core.shell:Creating package script '/home/zhu/arm/install/arm_controler/share/arm_controler/package.ps1'
[0.485s] INFO:colcon.colcon_core.shell:Creating package descriptor '/home/zhu/arm/install/arm_controler/share/arm_controler/package.dsv'
[0.485s] INFO:colcon.colcon_core.shell:Creating package script '/home/zhu/arm/install/arm_controler/share/arm_controler/package.sh'
[0.486s] INFO:colcon.colcon_core.shell:Creating package script '/home/zhu/arm/install/arm_controler/share/arm_controler/package.bash'
[0.486s] INFO:colcon.colcon_core.shell:Creating package script '/home/zhu/arm/install/arm_controler/share/arm_controler/package.zsh'
[0.486s] Level 1:colcon.colcon_core.environment:create_file_with_runtime_dependencies(/home/zhu/arm/install/arm_controler/share/colcon-core/packages/arm_controler)
[0.488s] DEBUG:colcon.colcon_core.event_handler.log_command:Invoked command in '/home/zhu/arm/build/arm_llc_moveit_config' returned '0': AMENT_PREFIX_PATH=/home/zhu/arm/install/arm_lcr_description:${AMENT_PREFIX_PATH} CMAKE_PREFIX_PATH=/home/zhu/arm/install/arm_lcr_description:/home/zhu/ws_moveit2/install/pilz_industrial_motion_planner_testutils:/home/zhu/ws_moveit2/install/moveit_runtime:/home/zhu/ws_moveit2/install/moveit2_tutorials:/home/zhu/ws_moveit2/install/moveit:/home/zhu/ws_moveit2/install/moveit_planners:/home/zhu/ws_moveit2/install/pilz_industrial_motion_planner:/home/zhu/ws_moveit2/install/moveit_visual_tools:/home/zhu/ws_moveit2/install/moveit_task_constructor_visualization:/home/zhu/ws_moveit2/install/moveit_task_constructor_demo:/home/zhu/ws_moveit2/install/moveit_task_constructor_capabilities:/home/zhu/ws_moveit2/install/moveit_task_constructor_core:/home/zhu/ws_moveit2/install/moveit_ros_control_interface:/home/zhu/ws_moveit2/install/moveit_plugins:/home/zhu/ws_moveit2/install/moveit_simple_controller_manager:/home/zhu/ws_moveit2/install/moveit_setup_assistant:/home/zhu/ws_moveit2/install/moveit_setup_srdf_plugins:/home/zhu/ws_moveit2/install/moveit_setup_core_plugins:/home/zhu/ws_moveit2/install/moveit_setup_controllers:/home/zhu/ws_moveit2/install/moveit_setup_app_plugins:/home/zhu/ws_moveit2/install/moveit_setup_framework:/home/zhu/ws_moveit2/install/moveit_servo:/home/zhu/ws_moveit2/install/moveit_ros:/home/zhu/ws_moveit2/install/moveit_ros_visualization:/home/zhu/ws_moveit2/install/moveit_hybrid_planning:/home/zhu/ws_moveit2/install/moveit_ros_planning_interface:/home/zhu/ws_moveit2/install/moveit_ros_benchmarks:/home/zhu/ws_moveit2/install/moveit_ros_warehouse:/home/zhu/ws_moveit2/install/moveit_ros_robot_interaction:/home/zhu/ws_moveit2/install/moveit_ros_perception:/home/zhu/ws_moveit2/install/moveit_resources_prbt_pg70_support:/home/zhu/ws_moveit2/install/moveit_resources_prbt_moveit_config:/home/zhu/ws_moveit2/install/moveit_ros_move_group:/home/zhu/ws_moveit2/install/moveit_planners_ompl:/home/zhu/ws_moveit2/install/moveit_ros_planning:/home/zhu/ws_moveit2/install/moveit_ros_occupancy_map_monitor:/home/zhu/ws_moveit2/install/moveit_resources_prbt_ikfast_manipulator_plugin:/home/zhu/ws_moveit2/install/moveit_planners_chomp:/home/zhu/ws_moveit2/install/moveit_kinematics:/home/zhu/ws_moveit2/install/moveit_chomp_optimizer_adapter:/home/zhu/ws_moveit2/install/chomp_motion_planner:/home/zhu/ws_moveit2/install/moveit_core:/home/zhu/ws_moveit2/install/srdfdom:/home/zhu/ws_moveit2/install/rviz_marker_tools:/home/zhu/ws_moveit2/install/rosparam_shortcuts:/home/zhu/ws_moveit2/install/moveit_task_constructor_msgs:/home/zhu/ws_moveit2/install/moveit_resources_prbt_support:/home/zhu/ws_moveit2/install/moveit_resources:/home/zhu/ws_moveit2/install/moveit_resources_pr2_description:/home/zhu/ws_moveit2/install/moveit_resources_panda_moveit_config:/home/zhu/ws_moveit2/install/moveit_resources_panda_description:/home/zhu/ws_moveit2/install/moveit_resources_fanuc_moveit_config:/home/zhu/ws_moveit2/install/moveit_resources_fanuc_description:/home/zhu/ws_moveit2/install/moveit_common:/home/zhu/ws_moveit2/install/moveit_configs_utils:/home/zhu/ws_moveit2/install/launch_param_builder:/opt/ros/humble /usr/bin/cmake --build /home/zhu/arm/build/arm_llc_moveit_config -- -j32 -l32
[0.520s] DEBUG:colcon.colcon_core.event_handler.log_command:Invoking command in '/home/zhu/arm/build/arm_llc_moveit_config': AMENT_PREFIX_PATH=/home/zhu/arm/install/arm_lcr_description:${AMENT_PREFIX_PATH} CMAKE_PREFIX_PATH=/home/zhu/arm/install/arm_lcr_description:/home/zhu/ws_moveit2/install/pilz_industrial_motion_planner_testutils:/home/zhu/ws_moveit2/install/moveit_runtime:/home/zhu/ws_moveit2/install/moveit2_tutorials:/home/zhu/ws_moveit2/install/moveit:/home/zhu/ws_moveit2/install/moveit_planners:/home/zhu/ws_moveit2/install/pilz_industrial_motion_planner:/home/zhu/ws_moveit2/install/moveit_visual_tools:/home/zhu/ws_moveit2/install/moveit_task_constructor_visualization:/home/zhu/ws_moveit2/install/moveit_task_constructor_demo:/home/zhu/ws_moveit2/install/moveit_task_constructor_capabilities:/home/zhu/ws_moveit2/install/moveit_task_constructor_core:/home/zhu/ws_moveit2/install/moveit_ros_control_interface:/home/zhu/ws_moveit2/install/moveit_plugins:/home/zhu/ws_moveit2/install/moveit_simple_controller_manager:/home/zhu/ws_moveit2/install/moveit_setup_assistant:/home/zhu/ws_moveit2/install/moveit_setup_srdf_plugins:/home/zhu/ws_moveit2/install/moveit_setup_core_plugins:/home/zhu/ws_moveit2/install/moveit_setup_controllers:/home/zhu/ws_moveit2/install/moveit_setup_app_plugins:/home/zhu/ws_moveit2/install/moveit_setup_framework:/home/zhu/ws_moveit2/install/moveit_servo:/home/zhu/ws_moveit2/install/moveit_ros:/home/zhu/ws_moveit2/install/moveit_ros_visualization:/home/zhu/ws_moveit2/install/moveit_hybrid_planning:/home/zhu/ws_moveit2/install/moveit_ros_planning_interface:/home/zhu/ws_moveit2/install/moveit_ros_benchmarks:/home/zhu/ws_moveit2/install/moveit_ros_warehouse:/home/zhu/ws_moveit2/install/moveit_ros_robot_interaction:/home/zhu/ws_moveit2/install/moveit_ros_perception:/home/zhu/ws_moveit2/install/moveit_resources_prbt_pg70_support:/home/zhu/ws_moveit2/install/moveit_resources_prbt_moveit_config:/home/zhu/ws_moveit2/install/moveit_ros_move_group:/home/zhu/ws_moveit2/install/moveit_planners_ompl:/home/zhu/ws_moveit2/install/moveit_ros_planning:/home/zhu/ws_moveit2/install/moveit_ros_occupancy_map_monitor:/home/zhu/ws_moveit2/install/moveit_resources_prbt_ikfast_manipulator_plugin:/home/zhu/ws_moveit2/install/moveit_planners_chomp:/home/zhu/ws_moveit2/install/moveit_kinematics:/home/zhu/ws_moveit2/install/moveit_chomp_optimizer_adapter:/home/zhu/ws_moveit2/install/chomp_motion_planner:/home/zhu/ws_moveit2/install/moveit_core:/home/zhu/ws_moveit2/install/srdfdom:/home/zhu/ws_moveit2/install/rviz_marker_tools:/home/zhu/ws_moveit2/install/rosparam_shortcuts:/home/zhu/ws_moveit2/install/moveit_task_constructor_msgs:/home/zhu/ws_moveit2/install/moveit_resources_prbt_support:/home/zhu/ws_moveit2/install/moveit_resources:/home/zhu/ws_moveit2/install/moveit_resources_pr2_description:/home/zhu/ws_moveit2/install/moveit_resources_panda_moveit_config:/home/zhu/ws_moveit2/install/moveit_resources_panda_description:/home/zhu/ws_moveit2/install/moveit_resources_fanuc_moveit_config:/home/zhu/ws_moveit2/install/moveit_resources_fanuc_description:/home/zhu/ws_moveit2/install/moveit_common:/home/zhu/ws_moveit2/install/moveit_configs_utils:/home/zhu/ws_moveit2/install/launch_param_builder:/opt/ros/humble /usr/bin/cmake --install /home/zhu/arm/build/arm_llc_moveit_config
[0.531s] Level 1:colcon.colcon_core.environment:create_environment_scripts_only(arm_llc_moveit_config)
[0.532s] Level 1:colcon.colcon_core.environment:checking '/home/zhu/arm/install/arm_llc_moveit_config' for CMake module files
[0.532s] Level 1:colcon.colcon_core.environment:checking '/home/zhu/arm/install/arm_llc_moveit_config' for CMake config files
[0.532s] DEBUG:colcon.colcon_core.event_handler.log_command:Invoked command in '/home/zhu/arm/build/arm_llc_moveit_config' returned '0': AMENT_PREFIX_PATH=/home/zhu/arm/install/arm_lcr_description:${AMENT_PREFIX_PATH} CMAKE_PREFIX_PATH=/home/zhu/arm/install/arm_lcr_description:/home/zhu/ws_moveit2/install/pilz_industrial_motion_planner_testutils:/home/zhu/ws_moveit2/install/moveit_runtime:/home/zhu/ws_moveit2/install/moveit2_tutorials:/home/zhu/ws_moveit2/install/moveit:/home/zhu/ws_moveit2/install/moveit_planners:/home/zhu/ws_moveit2/install/pilz_industrial_motion_planner:/home/zhu/ws_moveit2/install/moveit_visual_tools:/home/zhu/ws_moveit2/install/moveit_task_constructor_visualization:/home/zhu/ws_moveit2/install/moveit_task_constructor_demo:/home/zhu/ws_moveit2/install/moveit_task_constructor_capabilities:/home/zhu/ws_moveit2/install/moveit_task_constructor_core:/home/zhu/ws_moveit2/install/moveit_ros_control_interface:/home/zhu/ws_moveit2/install/moveit_plugins:/home/zhu/ws_moveit2/install/moveit_simple_controller_manager:/home/zhu/ws_moveit2/install/moveit_setup_assistant:/home/zhu/ws_moveit2/install/moveit_setup_srdf_plugins:/home/zhu/ws_moveit2/install/moveit_setup_core_plugins:/home/zhu/ws_moveit2/install/moveit_setup_controllers:/home/zhu/ws_moveit2/install/moveit_setup_app_plugins:/home/zhu/ws_moveit2/install/moveit_setup_framework:/home/zhu/ws_moveit2/install/moveit_servo:/home/zhu/ws_moveit2/install/moveit_ros:/home/zhu/ws_moveit2/install/moveit_ros_visualization:/home/zhu/ws_moveit2/install/moveit_hybrid_planning:/home/zhu/ws_moveit2/install/moveit_ros_planning_interface:/home/zhu/ws_moveit2/install/moveit_ros_benchmarks:/home/zhu/ws_moveit2/install/moveit_ros_warehouse:/home/zhu/ws_moveit2/install/moveit_ros_robot_interaction:/home/zhu/ws_moveit2/install/moveit_ros_perception:/home/zhu/ws_moveit2/install/moveit_resources_prbt_pg70_support:/home/zhu/ws_moveit2/install/moveit_resources_prbt_moveit_config:/home/zhu/ws_moveit2/install/moveit_ros_move_group:/home/zhu/ws_moveit2/install/moveit_planners_ompl:/home/zhu/ws_moveit2/install/moveit_ros_planning:/home/zhu/ws_moveit2/install/moveit_ros_occupancy_map_monitor:/home/zhu/ws_moveit2/install/moveit_resources_prbt_ikfast_manipulator_plugin:/home/zhu/ws_moveit2/install/moveit_planners_chomp:/home/zhu/ws_moveit2/install/moveit_kinematics:/home/zhu/ws_moveit2/install/moveit_chomp_optimizer_adapter:/home/zhu/ws_moveit2/install/chomp_motion_planner:/home/zhu/ws_moveit2/install/moveit_core:/home/zhu/ws_moveit2/install/srdfdom:/home/zhu/ws_moveit2/install/rviz_marker_tools:/home/zhu/ws_moveit2/install/rosparam_shortcuts:/home/zhu/ws_moveit2/install/moveit_task_constructor_msgs:/home/zhu/ws_moveit2/install/moveit_resources_prbt_support:/home/zhu/ws_moveit2/install/moveit_resources:/home/zhu/ws_moveit2/install/moveit_resources_pr2_description:/home/zhu/ws_moveit2/install/moveit_resources_panda_moveit_config:/home/zhu/ws_moveit2/install/moveit_resources_panda_description:/home/zhu/ws_moveit2/install/moveit_resources_fanuc_moveit_config:/home/zhu/ws_moveit2/install/moveit_resources_fanuc_description:/home/zhu/ws_moveit2/install/moveit_common:/home/zhu/ws_moveit2/install/moveit_configs_utils:/home/zhu/ws_moveit2/install/launch_param_builder:/opt/ros/humble /usr/bin/cmake --install /home/zhu/arm/build/arm_llc_moveit_config
[0.532s] Level 1:colcon.colcon_core.shell:create_environment_hook('arm_llc_moveit_config', 'cmake_prefix_path')
[0.533s] INFO:colcon.colcon_core.shell:Creating environment hook '/home/zhu/arm/install/arm_llc_moveit_config/share/arm_llc_moveit_config/hook/cmake_prefix_path.ps1'
[0.533s] INFO:colcon.colcon_core.shell:Creating environment descriptor '/home/zhu/arm/install/arm_llc_moveit_config/share/arm_llc_moveit_config/hook/cmake_prefix_path.dsv'
[0.533s] INFO:colcon.colcon_core.shell:Creating environment hook '/home/zhu/arm/install/arm_llc_moveit_config/share/arm_llc_moveit_config/hook/cmake_prefix_path.sh'
[0.533s] Level 1:colcon.colcon_core.environment:checking '/home/zhu/arm/install/arm_llc_moveit_config/bin'
[0.533s] Level 1:colcon.colcon_core.environment:checking '/home/zhu/arm/install/arm_llc_moveit_config/lib/pkgconfig/arm_llc_moveit_config.pc'
[0.534s] Level 1:colcon.colcon_core.environment:checking '/home/zhu/arm/install/arm_llc_moveit_config/lib/python3.10/site-packages'
[0.534s] Level 1:colcon.colcon_core.environment:checking '/home/zhu/arm/install/arm_llc_moveit_config/bin'
[0.534s] INFO:colcon.colcon_core.shell:Creating package script '/home/zhu/arm/install/arm_llc_moveit_config/share/arm_llc_moveit_config/package.ps1'
[0.535s] INFO:colcon.colcon_core.shell:Creating package descriptor '/home/zhu/arm/install/arm_llc_moveit_config/share/arm_llc_moveit_config/package.dsv'
[0.535s] INFO:colcon.colcon_core.shell:Creating package script '/home/zhu/arm/install/arm_llc_moveit_config/share/arm_llc_moveit_config/package.sh'
[0.535s] INFO:colcon.colcon_core.shell:Creating package script '/home/zhu/arm/install/arm_llc_moveit_config/share/arm_llc_moveit_config/package.bash'
[0.535s] INFO:colcon.colcon_core.shell:Creating package script '/home/zhu/arm/install/arm_llc_moveit_config/share/arm_llc_moveit_config/package.zsh'
[0.536s] Level 1:colcon.colcon_core.environment:create_file_with_runtime_dependencies(/home/zhu/arm/install/arm_llc_moveit_config/share/colcon-core/packages/arm_llc_moveit_config)
[0.564s] Level 1:colcon.colcon_core.environment:create_environment_scripts_only(arm_llc_moveit_config)
[0.564s] Level 1:colcon.colcon_core.environment:checking '/home/zhu/arm/install/arm_llc_moveit_config' for CMake module files
[0.564s] Level 1:colcon.colcon_core.environment:checking '/home/zhu/arm/install/arm_llc_moveit_config' for CMake config files
[0.564s] Level 1:colcon.colcon_core.shell:create_environment_hook('arm_llc_moveit_config', 'cmake_prefix_path')
[0.564s] INFO:colcon.colcon_core.shell:Creating environment hook '/home/zhu/arm/install/arm_llc_moveit_config/share/arm_llc_moveit_config/hook/cmake_prefix_path.ps1'
[0.565s] INFO:colcon.colcon_core.shell:Creating environment descriptor '/home/zhu/arm/install/arm_llc_moveit_config/share/arm_llc_moveit_config/hook/cmake_prefix_path.dsv'
[0.565s] INFO:colcon.colcon_core.shell:Creating environment hook '/home/zhu/arm/install/arm_llc_moveit_config/share/arm_llc_moveit_config/hook/cmake_prefix_path.sh'
[0.565s] Level 1:colcon.colcon_core.environment:checking '/home/zhu/arm/install/arm_llc_moveit_config/bin'
[0.565s] Level 1:colcon.colcon_core.environment:checking '/home/zhu/arm/install/arm_llc_moveit_config/lib/pkgconfig/arm_llc_moveit_config.pc'
[0.565s] Level 1:colcon.colcon_core.environment:checking '/home/zhu/arm/install/arm_llc_moveit_config/lib/python3.10/site-packages'
[0.566s] Level 1:colcon.colcon_core.environment:checking '/home/zhu/arm/install/arm_llc_moveit_config/bin'
[0.566s] INFO:colcon.colcon_core.shell:Creating package script '/home/zhu/arm/install/arm_llc_moveit_config/share/arm_llc_moveit_config/package.ps1'
[0.566s] INFO:colcon.colcon_core.shell:Creating package descriptor '/home/zhu/arm/install/arm_llc_moveit_config/share/arm_llc_moveit_config/package.dsv'
[0.566s] INFO:colcon.colcon_core.shell:Creating package script '/home/zhu/arm/install/arm_llc_moveit_config/share/arm_llc_moveit_config/package.sh'
[0.566s] INFO:colcon.colcon_core.shell:Creating package script '/home/zhu/arm/install/arm_llc_moveit_config/share/arm_llc_moveit_config/package.bash'
[0.567s] INFO:colcon.colcon_core.shell:Creating package script '/home/zhu/arm/install/arm_llc_moveit_config/share/arm_llc_moveit_config/package.zsh'
[0.567s] Level 1:colcon.colcon_core.environment:create_file_with_runtime_dependencies(/home/zhu/arm/install/arm_llc_moveit_config/share/colcon-core/packages/arm_llc_moveit_config)
[0.783s] DEBUG:colcon.colcon_core.event_handler.log_command:Invoked command in '/home/zhu/arm/build/serial' returned '0': CMAKE_PREFIX_PATH=${CMAKE_PREFIX_PATH}:/home/zhu/ws_moveit2/install/moveit_configs_utils:/home/zhu/ws_moveit2/install/launch_param_builder:/opt/ros/humble /usr/bin/cmake /home/zhu/arm/src/serial -DCMAKE_INSTALL_PREFIX=/home/zhu/arm/install/serial
[0.784s] DEBUG:colcon.colcon_core.event_handler.log_command:Invoking command in '/home/zhu/arm/build/serial': CMAKE_PREFIX_PATH=${CMAKE_PREFIX_PATH}:/home/zhu/ws_moveit2/install/moveit_configs_utils:/home/zhu/ws_moveit2/install/launch_param_builder:/opt/ros/humble /usr/bin/cmake --build /home/zhu/arm/build/serial -- -j32 -l32
[1.198s] DEBUG:colcon.colcon_core.event_handler.log_command:Invoked command in '/home/zhu/arm/build/serial' returned '0': CMAKE_PREFIX_PATH=${CMAKE_PREFIX_PATH}:/home/zhu/ws_moveit2/install/moveit_configs_utils:/home/zhu/ws_moveit2/install/launch_param_builder:/opt/ros/humble /usr/bin/cmake --build /home/zhu/arm/build/serial -- -j32 -l32
[1.240s] DEBUG:colcon.colcon_core.event_handler.log_command:Invoking command in '/home/zhu/arm/build/serial': CMAKE_PREFIX_PATH=${CMAKE_PREFIX_PATH}:/home/zhu/ws_moveit2/install/moveit_configs_utils:/home/zhu/ws_moveit2/install/launch_param_builder:/opt/ros/humble /usr/bin/cmake --install /home/zhu/arm/build/serial
[1.251s] Level 1:colcon.colcon_core.environment:create_environment_scripts_only(serial)
[1.251s] Level 1:colcon.colcon_core.environment:checking '/home/zhu/arm/install/serial' for CMake module files
[1.252s] DEBUG:colcon.colcon_core.event_handler.log_command:Invoked command in '/home/zhu/arm/build/serial' returned '0': CMAKE_PREFIX_PATH=${CMAKE_PREFIX_PATH}:/home/zhu/ws_moveit2/install/moveit_configs_utils:/home/zhu/ws_moveit2/install/launch_param_builder:/opt/ros/humble /usr/bin/cmake --install /home/zhu/arm/build/serial
[1.252s] Level 1:colcon.colcon_core.environment:checking '/home/zhu/arm/install/serial' for CMake config files
[1.252s] Level 1:colcon.colcon_core.shell:create_environment_hook('serial', 'cmake_prefix_path')
[1.252s] INFO:colcon.colcon_core.shell:Creating environment hook '/home/zhu/arm/install/serial/share/serial/hook/cmake_prefix_path.ps1'
[1.252s] INFO:colcon.colcon_core.shell:Creating environment descriptor '/home/zhu/arm/install/serial/share/serial/hook/cmake_prefix_path.dsv'
[1.252s] INFO:colcon.colcon_core.shell:Creating environment hook '/home/zhu/arm/install/serial/share/serial/hook/cmake_prefix_path.sh'
[1.253s] Level 1:colcon.colcon_core.environment:checking '/home/zhu/arm/install/serial/lib'
[1.253s] Level 1:colcon.colcon_core.shell:create_environment_hook('serial', 'ld_library_path_lib')
[1.253s] INFO:colcon.colcon_core.shell:Creating environment hook '/home/zhu/arm/install/serial/share/serial/hook/ld_library_path_lib.ps1'
[1.253s] INFO:colcon.colcon_core.shell:Creating environment descriptor '/home/zhu/arm/install/serial/share/serial/hook/ld_library_path_lib.dsv'
[1.253s] INFO:colcon.colcon_core.shell:Creating environment hook '/home/zhu/arm/install/serial/share/serial/hook/ld_library_path_lib.sh'
[1.253s] Level 1:colcon.colcon_core.environment:checking '/home/zhu/arm/install/serial/bin'
[1.253s] Level 1:colcon.colcon_core.environment:checking '/home/zhu/arm/install/serial/lib/pkgconfig/serial.pc'
[1.254s] Level 1:colcon.colcon_core.environment:checking '/home/zhu/arm/install/serial/lib/python3.10/site-packages'
[1.254s] Level 1:colcon.colcon_core.environment:checking '/home/zhu/arm/install/serial/bin'
[1.254s] INFO:colcon.colcon_core.shell:Creating package script '/home/zhu/arm/install/serial/share/serial/package.ps1'
[1.254s] INFO:colcon.colcon_core.shell:Creating package descriptor '/home/zhu/arm/install/serial/share/serial/package.dsv'
[1.254s] INFO:colcon.colcon_core.shell:Creating package script '/home/zhu/arm/install/serial/share/serial/package.sh'
[1.255s] INFO:colcon.colcon_core.shell:Creating package script '/home/zhu/arm/install/serial/share/serial/package.bash'
[1.255s] INFO:colcon.colcon_core.shell:Creating package script '/home/zhu/arm/install/serial/share/serial/package.zsh'
[1.255s] Level 1:colcon.colcon_core.environment:create_file_with_runtime_dependencies(/home/zhu/arm/install/serial/share/colcon-core/packages/serial)
[1.295s] Level 1:colcon.colcon_core.environment:create_environment_scripts_only(serial)
[1.295s] Level 1:colcon.colcon_core.environment:checking '/home/zhu/arm/install/serial' for CMake module files
[1.296s] Level 1:colcon.colcon_core.environment:checking '/home/zhu/arm/install/serial' for CMake config files
[1.296s] Level 1:colcon.colcon_core.shell:create_environment_hook('serial', 'cmake_prefix_path')
[1.296s] INFO:colcon.colcon_core.shell:Creating environment hook '/home/zhu/arm/install/serial/share/serial/hook/cmake_prefix_path.ps1'
[1.296s] INFO:colcon.colcon_core.shell:Creating environment descriptor '/home/zhu/arm/install/serial/share/serial/hook/cmake_prefix_path.dsv'
[1.296s] INFO:colcon.colcon_core.shell:Creating environment hook '/home/zhu/arm/install/serial/share/serial/hook/cmake_prefix_path.sh'
[1.297s] Level 1:colcon.colcon_core.environment:checking '/home/zhu/arm/install/serial/lib'
[1.297s] Level 1:colcon.colcon_core.shell:create_environment_hook('serial', 'ld_library_path_lib')
[1.297s] INFO:colcon.colcon_core.shell:Creating environment hook '/home/zhu/arm/install/serial/share/serial/hook/ld_library_path_lib.ps1'
[1.297s] INFO:colcon.colcon_core.shell:Creating environment descriptor '/home/zhu/arm/install/serial/share/serial/hook/ld_library_path_lib.dsv'
[1.297s] INFO:colcon.colcon_core.shell:Creating environment hook '/home/zhu/arm/install/serial/share/serial/hook/ld_library_path_lib.sh'
[1.297s] Level 1:colcon.colcon_core.environment:checking '/home/zhu/arm/install/serial/bin'
[1.298s] Level 1:colcon.colcon_core.environment:checking '/home/zhu/arm/install/serial/lib/pkgconfig/serial.pc'
[1.298s] Level 1:colcon.colcon_core.environment:checking '/home/zhu/arm/install/serial/lib/python3.10/site-packages'
[1.298s] Level 1:colcon.colcon_core.environment:checking '/home/zhu/arm/install/serial/bin'
[1.298s] INFO:colcon.colcon_core.shell:Creating package script '/home/zhu/arm/install/serial/share/serial/package.ps1'
[1.298s] INFO:colcon.colcon_core.shell:Creating package descriptor '/home/zhu/arm/install/serial/share/serial/package.dsv'
[1.299s] INFO:colcon.colcon_core.shell:Creating package script '/home/zhu/arm/install/serial/share/serial/package.sh'
[1.299s] INFO:colcon.colcon_core.shell:Creating package script '/home/zhu/arm/install/serial/share/serial/package.bash'
[1.299s] INFO:colcon.colcon_core.shell:Creating package script '/home/zhu/arm/install/serial/share/serial/package.zsh'
[1.299s] Level 1:colcon.colcon_core.environment:create_file_with_runtime_dependencies(/home/zhu/arm/install/serial/share/colcon-core/packages/serial)
[1.299s] INFO:colcon.colcon_ros.task.ament_cmake.build:Building ROS package in '/home/zhu/arm/src/cychuankou' with build type 'ament_cmake'
[1.299s] INFO:colcon.colcon_cmake.task.cmake.build:Building CMake package in '/home/zhu/arm/src/cychuankou'
[1.300s] INFO:colcon.colcon_core.shell:Skip shell extension 'powershell' for command environment: Not usable outside of PowerShell
[1.300s] DEBUG:colcon.colcon_core.shell:Skip shell extension 'dsv' for command environment
[1.312s] DEBUG:colcon.colcon_core.event_handler.log_command:Invoking command in '/home/zhu/arm/build/cychuankou': AMENT_PREFIX_PATH=/home/zhu/arm/install/serial:${AMENT_PREFIX_PATH} CMAKE_PREFIX_PATH=/home/zhu/arm/install/serial:/home/zhu/ws_moveit2/install/pilz_industrial_motion_planner_testutils:/home/zhu/ws_moveit2/install/moveit_runtime:/home/zhu/ws_moveit2/install/moveit2_tutorials:/home/zhu/ws_moveit2/install/moveit:/home/zhu/ws_moveit2/install/moveit_planners:/home/zhu/ws_moveit2/install/pilz_industrial_motion_planner:/home/zhu/ws_moveit2/install/moveit_visual_tools:/home/zhu/ws_moveit2/install/moveit_task_constructor_visualization:/home/zhu/ws_moveit2/install/moveit_task_constructor_demo:/home/zhu/ws_moveit2/install/moveit_task_constructor_capabilities:/home/zhu/ws_moveit2/install/moveit_task_constructor_core:/home/zhu/ws_moveit2/install/moveit_ros_control_interface:/home/zhu/ws_moveit2/install/moveit_plugins:/home/zhu/ws_moveit2/install/moveit_simple_controller_manager:/home/zhu/ws_moveit2/install/moveit_setup_assistant:/home/zhu/ws_moveit2/install/moveit_setup_srdf_plugins:/home/zhu/ws_moveit2/install/moveit_setup_core_plugins:/home/zhu/ws_moveit2/install/moveit_setup_controllers:/home/zhu/ws_moveit2/install/moveit_setup_app_plugins:/home/zhu/ws_moveit2/install/moveit_setup_framework:/home/zhu/ws_moveit2/install/moveit_servo:/home/zhu/ws_moveit2/install/moveit_ros:/home/zhu/ws_moveit2/install/moveit_ros_visualization:/home/zhu/ws_moveit2/install/moveit_hybrid_planning:/home/zhu/ws_moveit2/install/moveit_ros_planning_interface:/home/zhu/ws_moveit2/install/moveit_ros_benchmarks:/home/zhu/ws_moveit2/install/moveit_ros_warehouse:/home/zhu/ws_moveit2/install/moveit_ros_robot_interaction:/home/zhu/ws_moveit2/install/moveit_ros_perception:/home/zhu/ws_moveit2/install/moveit_resources_prbt_pg70_support:/home/zhu/ws_moveit2/install/moveit_resources_prbt_moveit_config:/home/zhu/ws_moveit2/install/moveit_ros_move_group:/home/zhu/ws_moveit2/install/moveit_planners_ompl:/home/zhu/ws_moveit2/install/moveit_ros_planning:/home/zhu/ws_moveit2/install/moveit_ros_occupancy_map_monitor:/home/zhu/ws_moveit2/install/moveit_resources_prbt_ikfast_manipulator_plugin:/home/zhu/ws_moveit2/install/moveit_planners_chomp:/home/zhu/ws_moveit2/install/moveit_kinematics:/home/zhu/ws_moveit2/install/moveit_chomp_optimizer_adapter:/home/zhu/ws_moveit2/install/chomp_motion_planner:/home/zhu/ws_moveit2/install/moveit_core:/home/zhu/ws_moveit2/install/srdfdom:/home/zhu/ws_moveit2/install/rviz_marker_tools:/home/zhu/ws_moveit2/install/rosparam_shortcuts:/home/zhu/ws_moveit2/install/moveit_task_constructor_msgs:/home/zhu/ws_moveit2/install/moveit_resources_prbt_support:/home/zhu/ws_moveit2/install/moveit_resources:/home/zhu/ws_moveit2/install/moveit_resources_pr2_description:/home/zhu/ws_moveit2/install/moveit_resources_panda_moveit_config:/home/zhu/ws_moveit2/install/moveit_resources_panda_description:/home/zhu/ws_moveit2/install/moveit_resources_fanuc_moveit_config:/home/zhu/ws_moveit2/install/moveit_resources_fanuc_description:/home/zhu/ws_moveit2/install/moveit_common:/home/zhu/ws_moveit2/install/moveit_configs_utils:/home/zhu/ws_moveit2/install/launch_param_builder:/opt/ros/humble LD_LIBRARY_PATH=/home/zhu/arm/install/serial/lib:${LD_LIBRARY_PATH} /usr/bin/cmake /home/zhu/arm/src/cychuankou -DCMAKE_INSTALL_PREFIX=/home/zhu/arm/install/cychuankou
[2.269s] DEBUG:colcon.colcon_core.event_handler.log_command:Invoked command in '/home/zhu/arm/build/cychuankou' returned '0': AMENT_PREFIX_PATH=/home/zhu/arm/install/serial:${AMENT_PREFIX_PATH} CMAKE_PREFIX_PATH=/home/zhu/arm/install/serial:/home/zhu/ws_moveit2/install/pilz_industrial_motion_planner_testutils:/home/zhu/ws_moveit2/install/moveit_runtime:/home/zhu/ws_moveit2/install/moveit2_tutorials:/home/zhu/ws_moveit2/install/moveit:/home/zhu/ws_moveit2/install/moveit_planners:/home/zhu/ws_moveit2/install/pilz_industrial_motion_planner:/home/zhu/ws_moveit2/install/moveit_visual_tools:/home/zhu/ws_moveit2/install/moveit_task_constructor_visualization:/home/zhu/ws_moveit2/install/moveit_task_constructor_demo:/home/zhu/ws_moveit2/install/moveit_task_constructor_capabilities:/home/zhu/ws_moveit2/install/moveit_task_constructor_core:/home/zhu/ws_moveit2/install/moveit_ros_control_interface:/home/zhu/ws_moveit2/install/moveit_plugins:/home/zhu/ws_moveit2/install/moveit_simple_controller_manager:/home/zhu/ws_moveit2/install/moveit_setup_assistant:/home/zhu/ws_moveit2/install/moveit_setup_srdf_plugins:/home/zhu/ws_moveit2/install/moveit_setup_core_plugins:/home/zhu/ws_moveit2/install/moveit_setup_controllers:/home/zhu/ws_moveit2/install/moveit_setup_app_plugins:/home/zhu/ws_moveit2/install/moveit_setup_framework:/home/zhu/ws_moveit2/install/moveit_servo:/home/zhu/ws_moveit2/install/moveit_ros:/home/zhu/ws_moveit2/install/moveit_ros_visualization:/home/zhu/ws_moveit2/install/moveit_hybrid_planning:/home/zhu/ws_moveit2/install/moveit_ros_planning_interface:/home/zhu/ws_moveit2/install/moveit_ros_benchmarks:/home/zhu/ws_moveit2/install/moveit_ros_warehouse:/home/zhu/ws_moveit2/install/moveit_ros_robot_interaction:/home/zhu/ws_moveit2/install/moveit_ros_perception:/home/zhu/ws_moveit2/install/moveit_resources_prbt_pg70_support:/home/zhu/ws_moveit2/install/moveit_resources_prbt_moveit_config:/home/zhu/ws_moveit2/install/moveit_ros_move_group:/home/zhu/ws_moveit2/install/moveit_planners_ompl:/home/zhu/ws_moveit2/install/moveit_ros_planning:/home/zhu/ws_moveit2/install/moveit_ros_occupancy_map_monitor:/home/zhu/ws_moveit2/install/moveit_resources_prbt_ikfast_manipulator_plugin:/home/zhu/ws_moveit2/install/moveit_planners_chomp:/home/zhu/ws_moveit2/install/moveit_kinematics:/home/zhu/ws_moveit2/install/moveit_chomp_optimizer_adapter:/home/zhu/ws_moveit2/install/chomp_motion_planner:/home/zhu/ws_moveit2/install/moveit_core:/home/zhu/ws_moveit2/install/srdfdom:/home/zhu/ws_moveit2/install/rviz_marker_tools:/home/zhu/ws_moveit2/install/rosparam_shortcuts:/home/zhu/ws_moveit2/install/moveit_task_constructor_msgs:/home/zhu/ws_moveit2/install/moveit_resources_prbt_support:/home/zhu/ws_moveit2/install/moveit_resources:/home/zhu/ws_moveit2/install/moveit_resources_pr2_description:/home/zhu/ws_moveit2/install/moveit_resources_panda_moveit_config:/home/zhu/ws_moveit2/install/moveit_resources_panda_description:/home/zhu/ws_moveit2/install/moveit_resources_fanuc_moveit_config:/home/zhu/ws_moveit2/install/moveit_resources_fanuc_description:/home/zhu/ws_moveit2/install/moveit_common:/home/zhu/ws_moveit2/install/moveit_configs_utils:/home/zhu/ws_moveit2/install/launch_param_builder:/opt/ros/humble LD_LIBRARY_PATH=/home/zhu/arm/install/serial/lib:${LD_LIBRARY_PATH} /usr/bin/cmake /home/zhu/arm/src/cychuankou -DCMAKE_INSTALL_PREFIX=/home/zhu/arm/install/cychuankou
[2.269s] DEBUG:colcon.colcon_core.event_handler.log_command:Invoking command in '/home/zhu/arm/build/cychuankou': AMENT_PREFIX_PATH=/home/zhu/arm/install/serial:${AMENT_PREFIX_PATH} CMAKE_PREFIX_PATH=/home/zhu/arm/install/serial:/home/zhu/ws_moveit2/install/pilz_industrial_motion_planner_testutils:/home/zhu/ws_moveit2/install/moveit_runtime:/home/zhu/ws_moveit2/install/moveit2_tutorials:/home/zhu/ws_moveit2/install/moveit:/home/zhu/ws_moveit2/install/moveit_planners:/home/zhu/ws_moveit2/install/pilz_industrial_motion_planner:/home/zhu/ws_moveit2/install/moveit_visual_tools:/home/zhu/ws_moveit2/install/moveit_task_constructor_visualization:/home/zhu/ws_moveit2/install/moveit_task_constructor_demo:/home/zhu/ws_moveit2/install/moveit_task_constructor_capabilities:/home/zhu/ws_moveit2/install/moveit_task_constructor_core:/home/zhu/ws_moveit2/install/moveit_ros_control_interface:/home/zhu/ws_moveit2/install/moveit_plugins:/home/zhu/ws_moveit2/install/moveit_simple_controller_manager:/home/zhu/ws_moveit2/install/moveit_setup_assistant:/home/zhu/ws_moveit2/install/moveit_setup_srdf_plugins:/home/zhu/ws_moveit2/install/moveit_setup_core_plugins:/home/zhu/ws_moveit2/install/moveit_setup_controllers:/home/zhu/ws_moveit2/install/moveit_setup_app_plugins:/home/zhu/ws_moveit2/install/moveit_setup_framework:/home/zhu/ws_moveit2/install/moveit_servo:/home/zhu/ws_moveit2/install/moveit_ros:/home/zhu/ws_moveit2/install/moveit_ros_visualization:/home/zhu/ws_moveit2/install/moveit_hybrid_planning:/home/zhu/ws_moveit2/install/moveit_ros_planning_interface:/home/zhu/ws_moveit2/install/moveit_ros_benchmarks:/home/zhu/ws_moveit2/install/moveit_ros_warehouse:/home/zhu/ws_moveit2/install/moveit_ros_robot_interaction:/home/zhu/ws_moveit2/install/moveit_ros_perception:/home/zhu/ws_moveit2/install/moveit_resources_prbt_pg70_support:/home/zhu/ws_moveit2/install/moveit_resources_prbt_moveit_config:/home/zhu/ws_moveit2/install/moveit_ros_move_group:/home/zhu/ws_moveit2/install/moveit_planners_ompl:/home/zhu/ws_moveit2/install/moveit_ros_planning:/home/zhu/ws_moveit2/install/moveit_ros_occupancy_map_monitor:/home/zhu/ws_moveit2/install/moveit_resources_prbt_ikfast_manipulator_plugin:/home/zhu/ws_moveit2/install/moveit_planners_chomp:/home/zhu/ws_moveit2/install/moveit_kinematics:/home/zhu/ws_moveit2/install/moveit_chomp_optimizer_adapter:/home/zhu/ws_moveit2/install/chomp_motion_planner:/home/zhu/ws_moveit2/install/moveit_core:/home/zhu/ws_moveit2/install/srdfdom:/home/zhu/ws_moveit2/install/rviz_marker_tools:/home/zhu/ws_moveit2/install/rosparam_shortcuts:/home/zhu/ws_moveit2/install/moveit_task_constructor_msgs:/home/zhu/ws_moveit2/install/moveit_resources_prbt_support:/home/zhu/ws_moveit2/install/moveit_resources:/home/zhu/ws_moveit2/install/moveit_resources_pr2_description:/home/zhu/ws_moveit2/install/moveit_resources_panda_moveit_config:/home/zhu/ws_moveit2/install/moveit_resources_panda_description:/home/zhu/ws_moveit2/install/moveit_resources_fanuc_moveit_config:/home/zhu/ws_moveit2/install/moveit_resources_fanuc_description:/home/zhu/ws_moveit2/install/moveit_common:/home/zhu/ws_moveit2/install/moveit_configs_utils:/home/zhu/ws_moveit2/install/launch_param_builder:/opt/ros/humble LD_LIBRARY_PATH=/home/zhu/arm/install/serial/lib:${LD_LIBRARY_PATH} /usr/bin/cmake --build /home/zhu/arm/build/cychuankou -- -j32 -l32
[2.359s] DEBUG:colcon.colcon_core.event_handler.log_command:Invoked command in '/home/zhu/arm/build/cychuankou' returned '2': AMENT_PREFIX_PATH=/home/zhu/arm/install/serial:${AMENT_PREFIX_PATH} CMAKE_PREFIX_PATH=/home/zhu/arm/install/serial:/home/zhu/ws_moveit2/install/pilz_industrial_motion_planner_testutils:/home/zhu/ws_moveit2/install/moveit_runtime:/home/zhu/ws_moveit2/install/moveit2_tutorials:/home/zhu/ws_moveit2/install/moveit:/home/zhu/ws_moveit2/install/moveit_planners:/home/zhu/ws_moveit2/install/pilz_industrial_motion_planner:/home/zhu/ws_moveit2/install/moveit_visual_tools:/home/zhu/ws_moveit2/install/moveit_task_constructor_visualization:/home/zhu/ws_moveit2/install/moveit_task_constructor_demo:/home/zhu/ws_moveit2/install/moveit_task_constructor_capabilities:/home/zhu/ws_moveit2/install/moveit_task_constructor_core:/home/zhu/ws_moveit2/install/moveit_ros_control_interface:/home/zhu/ws_moveit2/install/moveit_plugins:/home/zhu/ws_moveit2/install/moveit_simple_controller_manager:/home/zhu/ws_moveit2/install/moveit_setup_assistant:/home/zhu/ws_moveit2/install/moveit_setup_srdf_plugins:/home/zhu/ws_moveit2/install/moveit_setup_core_plugins:/home/zhu/ws_moveit2/install/moveit_setup_controllers:/home/zhu/ws_moveit2/install/moveit_setup_app_plugins:/home/zhu/ws_moveit2/install/moveit_setup_framework:/home/zhu/ws_moveit2/install/moveit_servo:/home/zhu/ws_moveit2/install/moveit_ros:/home/zhu/ws_moveit2/install/moveit_ros_visualization:/home/zhu/ws_moveit2/install/moveit_hybrid_planning:/home/zhu/ws_moveit2/install/moveit_ros_planning_interface:/home/zhu/ws_moveit2/install/moveit_ros_benchmarks:/home/zhu/ws_moveit2/install/moveit_ros_warehouse:/home/zhu/ws_moveit2/install/moveit_ros_robot_interaction:/home/zhu/ws_moveit2/install/moveit_ros_perception:/home/zhu/ws_moveit2/install/moveit_resources_prbt_pg70_support:/home/zhu/ws_moveit2/install/moveit_resources_prbt_moveit_config:/home/zhu/ws_moveit2/install/moveit_ros_move_group:/home/zhu/ws_moveit2/install/moveit_planners_ompl:/home/zhu/ws_moveit2/install/moveit_ros_planning:/home/zhu/ws_moveit2/install/moveit_ros_occupancy_map_monitor:/home/zhu/ws_moveit2/install/moveit_resources_prbt_ikfast_manipulator_plugin:/home/zhu/ws_moveit2/install/moveit_planners_chomp:/home/zhu/ws_moveit2/install/moveit_kinematics:/home/zhu/ws_moveit2/install/moveit_chomp_optimizer_adapter:/home/zhu/ws_moveit2/install/chomp_motion_planner:/home/zhu/ws_moveit2/install/moveit_core:/home/zhu/ws_moveit2/install/srdfdom:/home/zhu/ws_moveit2/install/rviz_marker_tools:/home/zhu/ws_moveit2/install/rosparam_shortcuts:/home/zhu/ws_moveit2/install/moveit_task_constructor_msgs:/home/zhu/ws_moveit2/install/moveit_resources_prbt_support:/home/zhu/ws_moveit2/install/moveit_resources:/home/zhu/ws_moveit2/install/moveit_resources_pr2_description:/home/zhu/ws_moveit2/install/moveit_resources_panda_moveit_config:/home/zhu/ws_moveit2/install/moveit_resources_panda_description:/home/zhu/ws_moveit2/install/moveit_resources_fanuc_moveit_config:/home/zhu/ws_moveit2/install/moveit_resources_fanuc_description:/home/zhu/ws_moveit2/install/moveit_common:/home/zhu/ws_moveit2/install/moveit_configs_utils:/home/zhu/ws_moveit2/install/launch_param_builder:/opt/ros/humble LD_LIBRARY_PATH=/home/zhu/arm/install/serial/lib:${LD_LIBRARY_PATH} /usr/bin/cmake --build /home/zhu/arm/build/cychuankou -- -j32 -l32
[2.391s] Level 1:colcon.colcon_core.environment:create_environment_scripts_only(cychuankou)
[2.392s] Level 1:colcon.colcon_core.environment:checking '/home/zhu/arm/install/cychuankou' for CMake module files
[2.392s] Level 1:colcon.colcon_core.environment:checking '/home/zhu/arm/install/cychuankou' for CMake config files
[2.392s] Level 1:colcon.colcon_core.environment:checking '/home/zhu/arm/install/cychuankou/bin'
[2.392s] Level 1:colcon.colcon_core.environment:checking '/home/zhu/arm/install/cychuankou/lib/pkgconfig/cychuankou.pc'
[2.392s] Level 1:colcon.colcon_core.environment:checking '/home/zhu/arm/install/cychuankou/lib/python3.10/site-packages'
[2.393s] Level 1:colcon.colcon_core.environment:checking '/home/zhu/arm/install/cychuankou/bin'
[2.393s] INFO:colcon.colcon_core.shell:Creating package script '/home/zhu/arm/install/cychuankou/share/cychuankou/package.ps1'
[2.393s] INFO:colcon.colcon_core.shell:Creating package descriptor '/home/zhu/arm/install/cychuankou/share/cychuankou/package.dsv'
[2.394s] INFO:colcon.colcon_core.shell:Creating package script '/home/zhu/arm/install/cychuankou/share/cychuankou/package.sh'
[2.394s] INFO:colcon.colcon_core.shell:Creating package script '/home/zhu/arm/install/cychuankou/share/cychuankou/package.bash'
[2.394s] INFO:colcon.colcon_core.shell:Creating package script '/home/zhu/arm/install/cychuankou/share/cychuankou/package.zsh'
[2.394s] Level 1:colcon.colcon_core.environment:create_file_with_runtime_dependencies(/home/zhu/arm/install/cychuankou/share/colcon-core/packages/cychuankou)
[2.405s] DEBUG:colcon.colcon_parallel_executor.executor.parallel:closing loop
[2.405s] DEBUG:colcon.colcon_parallel_executor.executor.parallel:loop closed
[2.405s] DEBUG:colcon.colcon_parallel_executor.executor.parallel:run_until_complete finished with '2'
[2.405s] DEBUG:colcon.colcon_core.event_reactor:joining thread
[2.409s] INFO:colcon.colcon_core.plugin_system:Skipping extension 'colcon_notification.desktop_notification.terminal_notifier': Not used on non-Darwin systems
[2.409s] INFO:colcon.colcon_core.plugin_system:Skipping extension 'colcon_notification.desktop_notification.win32': Not used on non-Windows systems
[2.409s] INFO:colcon.colcon_notification.desktop_notification:Sending desktop notification using 'notify2'
[2.424s] DEBUG:colcon.colcon_core.event_reactor:joined thread
[2.424s] INFO:colcon.colcon_core.shell:Creating prefix script '/home/zhu/arm/install/local_setup.ps1'
[2.426s] INFO:colcon.colcon_core.shell:Creating prefix util module '/home/zhu/arm/install/_local_setup_util_ps1.py'
[2.427s] INFO:colcon.colcon_core.shell:Creating prefix chain script '/home/zhu/arm/install/setup.ps1'
[2.430s] INFO:colcon.colcon_core.shell:Creating prefix script '/home/zhu/arm/install/local_setup.sh'
[2.430s] INFO:colcon.colcon_core.shell:Creating prefix util module '/home/zhu/arm/install/_local_setup_util_sh.py'
[2.431s] INFO:colcon.colcon_core.shell:Creating prefix chain script '/home/zhu/arm/install/setup.sh'
[2.432s] INFO:colcon.colcon_core.shell:Creating prefix script '/home/zhu/arm/install/local_setup.bash'
[2.433s] INFO:colcon.colcon_core.shell:Creating prefix chain script '/home/zhu/arm/install/setup.bash'
[2.434s] INFO:colcon.colcon_core.shell:Creating prefix script '/home/zhu/arm/install/local_setup.zsh'
[2.434s] INFO:colcon.colcon_core.shell:Creating prefix chain script '/home/zhu/arm/install/setup.zsh'
